<?xml version="1.0" encoding="UTF-8"?>
<testsuites name="test" time="27" tests="1" failures="1" errors="0">
   <testsuite name="test" tests="1" failures="1" errors="0" time="27" timestamp="2019-01-31 13:51:33" hostname="JohnSeigfredManzanar - YSPC-STRATAPPQA" id="Test Suites/test">
      <properties>
         <property name="deviceName" value=""/>
         <property name="devicePlatform" value=""/>
         <property name="logFolder" value="C:\\Users\\JohnSeigfredManzanar\\Katalon Studio\\StratApp\\Reports\\test\\20190131_135125"/>
         <property name="logFiles" value="C:\\Users\\JohnSeigfredManzanar\\Katalon Studio\\StratApp\\Reports\\test\\20190131_135125\\execution0.log"/>
         <property name="attachments" value="C:\\Users\\JohnSeigfredManzanar\\Katalon Studio\\StratApp\\Reports\\test\\20190131_135125\\1548913919931.png"/>
         <property name="hostName" value="JohnSeigfredManzanar - YSPC-STRATAPPQA"/>
         <property name="os" value="Windows 10 64bit"/>
         <property name="katalonVersion" value="5.10.1.1"/>
         <property name="browser" value="Chrome 71.0.3578.98"/>
         <property name="hostAddress" value="192.168.56.1"/>
         <property name="sessionId" value="e96875917c7d00788832f91990e4a588"/>
         <property name="seleniumVersion" value="3.7.1"/>
         <property name="proxyInformation" value="ProxyInformation{proxyOption=NO_PROXY, proxyServerType=HTTP, password=, proxyServerAddress=, proxyServerPort=0}"/>
         <property name="platform" value="Windows 10"/>
      </properties>
      <testcase name="Test Cases/LOGIN/LOGIN_TEMPLATE" classname="Test Cases/LOGIN/LOGIN_TEMPLATE" status="PASSED">
         <system-out><![CDATA[2019-01-31 13:51:33 - [TEST_CASE][PASSED] - Test Cases/LOGIN/LOGIN_TEMPLATE: Test Cases/LOGIN/LOGIN_TEMPLATE

2019-01-31 13:51:33 - [TEST_STEP][PASSED] - openBrowser("https://app.stratapp.ai/"): Browser is opened with url: 'https://app.stratapp.ai/'

2019-01-31 13:51:33 - [MESSAGE][INFO] - Starting 'Chrome' driver

2019-01-31 13:51:33 - [MESSAGE][INFO] - Action delay is set to 0 seconds

2019-01-31 13:51:40 - [MESSAGE][PASSED] - Browser is opened with url: 'https://app.stratapp.ai/'

2019-01-31 13:51:40 - [TEST_STEP][PASSED] - maximizeWindow(): Current window maximized

2019-01-31 13:51:41 - [MESSAGE][PASSED] - Current window maximized

2019-01-31 13:51:41 - [TEST_STEP][PASSED] - waitForElementPresent(findTestObject("LOGIN/EMAIL_ADD_TEXTFIELD"), 60): Object 'Object Repository/LOGIN/EMAIL_ADD_TEXTFIELD' is present

2019-01-31 13:51:41 - [MESSAGE][PASSED] - Object 'Object Repository/LOGIN/EMAIL_ADD_TEXTFIELD' is present

2019-01-31 13:51:41 - [TEST_STEP][PASSED] - setText(findTestObject("LOGIN/EMAIL_ADD_TEXTFIELD"), "noreply@you-source.com"): Text 'noreply@you-source.com' is set on object 'Object Repository/LOGIN/EMAIL_ADD_TEXTFIELD'

2019-01-31 13:51:41 - [MESSAGE][PASSED] - Text 'noreply@you-source.com' is set on object 'Object Repository/LOGIN/EMAIL_ADD_TEXTFIELD'

2019-01-31 13:51:41 - [TEST_STEP][PASSED] - click(findTestObject("LOGIN/NEXT_BUTTON")): Object: 'Object Repository/LOGIN/NEXT_BUTTON' is clicked on

2019-01-31 13:51:41 - [MESSAGE][PASSED] - Object: 'Object Repository/LOGIN/NEXT_BUTTON' is clicked on

2019-01-31 13:51:41 - [TEST_STEP][PASSED] - isGoogle = verifyElementPresent(findTestObject("LOGIN/GOOGLE_LABEL"), 60): Object 'Object Repository/LOGIN/GOOGLE_LABEL' is present

2019-01-31 13:51:42 - [MESSAGE][PASSED] - Object 'Object Repository/LOGIN/GOOGLE_LABEL' is present

2019-01-31 13:51:42 - [TEST_STEP][PASSED] - if (isGoogle): Object: 'Object Repository/LOGIN/GOOGLE_SIGNIN_BUTTON' is clicked on

2019-01-31 13:51:42 - [TEST_STEP][PASSED] - setText(findTestObject("LOGIN/GOOGLE_EMAIL_TEXTFIELD"), "noreply@you-source.com"): Text 'noreply@you-source.com' is set on object 'Object Repository/LOGIN/GOOGLE_EMAIL_TEXTFIELD'

2019-01-31 13:51:42 - [MESSAGE][PASSED] - Text 'noreply@you-source.com' is set on object 'Object Repository/LOGIN/GOOGLE_EMAIL_TEXTFIELD'

2019-01-31 13:51:42 - [TEST_STEP][PASSED] - click(findTestObject("LOGIN/GOOGLE_NEXT_BUTTON")): Object: 'Object Repository/LOGIN/GOOGLE_NEXT_BUTTON' is clicked on

2019-01-31 13:51:42 - [MESSAGE][PASSED] - Object: 'Object Repository/LOGIN/GOOGLE_NEXT_BUTTON' is clicked on

2019-01-31 13:51:42 - [TEST_STEP][PASSED] - setText(findTestObject("LOGIN/GOOGLE_PASSWORD_TEXTFIELD"), "yousource321"): Text 'yousource321' is set on object 'Object Repository/LOGIN/GOOGLE_PASSWORD_TEXTFIELD'

2019-01-31 13:51:43 - [MESSAGE][PASSED] - Text 'yousource321' is set on object 'Object Repository/LOGIN/GOOGLE_PASSWORD_TEXTFIELD'

2019-01-31 13:51:43 - [TEST_STEP][PASSED] - click(findTestObject("LOGIN/GOOGLE_SIGNIN_BUTTON")): Object: 'Object Repository/LOGIN/GOOGLE_SIGNIN_BUTTON' is clicked on

2019-01-31 13:51:47 - [MESSAGE][PASSED] - Object: 'Object Repository/LOGIN/GOOGLE_SIGNIN_BUTTON' is clicked on

2019-01-31 13:51:47 - [TEST_STEP][PASSED] - waitForElementPresent(findTestObject("HOME/HEADLINES_TAB"), 60): Object 'Object Repository/HOME/HEADLINES_TAB' is present

2019-01-31 13:51:47 - [MESSAGE][PASSED] - Object 'Object Repository/HOME/HEADLINES_TAB' is present

2019-01-31 13:51:47 - [TEST_STEP][PASSED] - stratapp.Login.GetUserName(): stratapp.Login.GetUserName is PASSED

2019-01-31 13:51:47 - [MESSAGE][INFO] - User JSON {"firstName":"No","lastName":"Reply","fullName":"No Reply","tenantId":"f385ee6b-2a69-4463-9fc8-01259f2c5c03","userId":"37c0108d-8dbd-46cd-aeeb-ca484d1d8c22","role":["PeopleAdmin","StrategyAdmin","IdeationAdmin","HeadlinesAdmin","HRAdmin","BillingAdmin","Admin","SuperAdmin"]}

2019-01-31 13:51:47 - [MESSAGE][INFO] - Full Name: No Reply

2019-01-31 13:51:47 - [MESSAGE][PASSED] - stratapp.Login.GetUserName is PASSED]]></system-out>
         <system-err><![CDATA[]]></system-err>
      </testcase>
      <testcase name="Test Cases/IDEATION/IDEA/IDEA_ADD_TEMPLATE" classname="Test Cases/IDEATION/IDEA/IDEA_ADD_TEMPLATE" status="FAILED">
         <failure type="FAILED" message="Test Cases/IDEATION/IDEA/IDEA_ADD_TEMPLATE FAILED.
Reason:
com.kms.katalon.core.exception.StepFailedException: Unable to send keys 'AUTO SUMMARY' to object 'Object Repository/IDEATION/LV2 NAV/THE_IDEA_CHALLENGE/OC_SUMMARY_TEXTAREA' (Root cause: org.openqa.selenium.WebDriverException: unknown error: cannot focus element
  (Session info: chrome=71.0.3578.98)
  (Driver info: chromedriver=2.43.600210 (68dcf5eebde37173d4027fa8635e332711d2874a),platform=Windows NT 10.0.14393 x86_64) (WARNING: The server did not provide any stacktrace information)
Command duration or timeout: 0 milliseconds
Build info: version: '3.7.1', revision: '8a0099a', time: '2017-11-06T21:07:36.161Z'
System info: host: 'YSPC-STRATAPPQA', ip: '192.168.56.1', os.name: 'Windows 10', os.arch: 'amd64', os.version: '10.0', java.version: '1.8.0_102'
Driver info: com.kms.katalon.selenium.driver.CChromeDriver
Capabilities {acceptInsecureCerts: false, acceptSslCerts: false, applicationCacheEnabled: false, browserConnectionEnabled: false, browserName: chrome, chrome: {chromedriverVersion: 2.43.600210 (68dcf5eebde371..., userDataDir: C:\Users\JOHNSE~1\AppData\L...}, cssSelectorsEnabled: true, databaseEnabled: false, goog:chromeOptions: {debuggerAddress: localhost:30156}, handlesAlerts: true, hasTouchScreen: false, javascriptEnabled: true, locationContextEnabled: true, mobileEmulationEnabled: false, nativeEvents: true, networkConnectionEnabled: false, pageLoadStrategy: normal, platform: XP, platformName: XP, rotatable: false, setWindowRect: true, takesHeapSnapshot: true, takesScreenshot: true, unexpectedAlertBehaviour: , unhandledPromptBehavior: , version: 71.0.3578.98, webStorageEnabled: true}
Session ID: e96875917c7d00788832f91990e4a588)
	at com.kms.katalon.core.keyword.internal.KeywordMain.stepFailed(KeywordMain.groovy:36)
	at com.kms.katalon.core.webui.keyword.internal.WebUIKeywordMain.stepFailed(WebUIKeywordMain.groovy:65)
	at com.kms.katalon.core.webui.keyword.internal.WebUIKeywordMain.runKeyword(WebUIKeywordMain.groovy:27)
	at com.kms.katalon.core.webui.keyword.builtin.SendKeysKeyword.sendKeys(SendKeysKeyword.groovy:60)
	at com.kms.katalon.core.webui.keyword.builtin.SendKeysKeyword.execute(SendKeysKeyword.groovy:38)
	at com.kms.katalon.core.keyword.internal.KeywordExecutor.executeKeywordForPlatform(KeywordExecutor.groovy:53)
	at com.kms.katalon.core.webui.keyword.WebUiBuiltInKeywords.sendKeys(WebUiBuiltInKeywords.groovy:834)
	at com.kms.katalon.core.webui.keyword.WebUiBuiltInKeywords$sendKeys$6.call(Unknown Source)
	at IDEA_ADD_TEMPLATE.run(IDEA_ADD_TEMPLATE:83)
	at com.kms.katalon.core.main.ScriptEngine.run(ScriptEngine.java:194)
	at com.kms.katalon.core.main.ScriptEngine.runScriptAsRawText(ScriptEngine.java:119)
	at com.kms.katalon.core.main.TestCaseExecutor.runScript(TestCaseExecutor.java:328)
	at com.kms.katalon.core.main.TestCaseExecutor.doExecute(TestCaseExecutor.java:319)
	at com.kms.katalon.core.main.TestCaseExecutor.processExecutionPhase(TestCaseExecutor.java:298)
	at com.kms.katalon.core.main.TestCaseExecutor.accessMainPhase(TestCaseExecutor.java:290)
	at com.kms.katalon.core.main.TestCaseExecutor.execute(TestCaseExecutor.java:224)
	at com.kms.katalon.core.main.TestSuiteExecutor.accessTestCaseMainPhase(TestSuiteExecutor.java:129)
	at com.kms.katalon.core.main.TestSuiteExecutor.accessTestSuiteMainPhase(TestSuiteExecutor.java:112)
	at com.kms.katalon.core.main.TestSuiteExecutor.execute(TestSuiteExecutor.java:81)
	at com.kms.katalon.core.main.TestCaseMain.startTestSuite(TestCaseMain.java:149)
	at com.kms.katalon.core.main.TestCaseMain$startTestSuite$0.call(Unknown Source)
	at TempTestSuite1548913890060.run(TempTestSuite1548913890060.groovy:36)
"/>
         <system-out><![CDATA[2019-01-31 13:51:47 - [TEST_CASE][FAILED] - Test Cases/IDEATION/IDEA/IDEA_ADD_TEMPLATE: Test Cases/IDEATION/IDEA/IDEA_ADD_TEMPLATE FAILED.
Reason:
com.kms.katalon.core.exception.StepFailedException: Unable to send keys 'AUTO SUMMARY' to object 'Object Repository/IDEATION/LV2 NAV/THE_IDEA_CHALLENGE/OC_SUMMARY_TEXTAREA' (Root cause: org.openqa.selenium.WebDriverException: unknown error: cannot focus element
  (Session info: chrome=71.0.3578.98)
  (Driver info: chromedriver=2.43.600210 (68dcf5eebde37173d4027fa8635e332711d2874a),platform=Windows NT 10.0.14393 x86_64) (WARNING: The server did not provide any stacktrace information)
Command duration or timeout: 0 milliseconds
Build info: version: '3.7.1', revision: '8a0099a', time: '2017-11-06T21:07:36.161Z'
System info: host: 'YSPC-STRATAPPQA', ip: '192.168.56.1', os.name: 'Windows 10', os.arch: 'amd64', os.version: '10.0', java.version: '1.8.0_102'
Driver info: com.kms.katalon.selenium.driver.CChromeDriver
Capabilities {acceptInsecureCerts: false, acceptSslCerts: false, applicationCacheEnabled: false, browserConnectionEnabled: false, browserName: chrome, chrome: {chromedriverVersion: 2.43.600210 (68dcf5eebde371..., userDataDir: C:\Users\JOHNSE~1\AppData\L...}, cssSelectorsEnabled: true, databaseEnabled: false, goog:chromeOptions: {debuggerAddress: localhost:30156}, handlesAlerts: true, hasTouchScreen: false, javascriptEnabled: true, locationContextEnabled: true, mobileEmulationEnabled: false, nativeEvents: true, networkConnectionEnabled: false, pageLoadStrategy: normal, platform: XP, platformName: XP, rotatable: false, setWindowRect: true, takesHeapSnapshot: true, takesScreenshot: true, unexpectedAlertBehaviour: , unhandledPromptBehavior: , version: 71.0.3578.98, webStorageEnabled: true}
Session ID: e96875917c7d00788832f91990e4a588)
	at com.kms.katalon.core.keyword.internal.KeywordMain.stepFailed(KeywordMain.groovy:36)
	at com.kms.katalon.core.webui.keyword.internal.WebUIKeywordMain.stepFailed(WebUIKeywordMain.groovy:65)
	at com.kms.katalon.core.webui.keyword.internal.WebUIKeywordMain.runKeyword(WebUIKeywordMain.groovy:27)
	at com.kms.katalon.core.webui.keyword.builtin.SendKeysKeyword.sendKeys(SendKeysKeyword.groovy:60)
	at com.kms.katalon.core.webui.keyword.builtin.SendKeysKeyword.execute(SendKeysKeyword.groovy:38)
	at com.kms.katalon.core.keyword.internal.KeywordExecutor.executeKeywordForPlatform(KeywordExecutor.groovy:53)
	at com.kms.katalon.core.webui.keyword.WebUiBuiltInKeywords.sendKeys(WebUiBuiltInKeywords.groovy:834)
	at com.kms.katalon.core.webui.keyword.WebUiBuiltInKeywords$sendKeys$6.call(Unknown Source)
	at IDEA_ADD_TEMPLATE.run(IDEA_ADD_TEMPLATE:83)
	at com.kms.katalon.core.main.ScriptEngine.run(ScriptEngine.java:194)
	at com.kms.katalon.core.main.ScriptEngine.runScriptAsRawText(ScriptEngine.java:119)
	at com.kms.katalon.core.main.TestCaseExecutor.runScript(TestCaseExecutor.java:328)
	at com.kms.katalon.core.main.TestCaseExecutor.doExecute(TestCaseExecutor.java:319)
	at com.kms.katalon.core.main.TestCaseExecutor.processExecutionPhase(TestCaseExecutor.java:298)
	at com.kms.katalon.core.main.TestCaseExecutor.accessMainPhase(TestCaseExecutor.java:290)
	at com.kms.katalon.core.main.TestCaseExecutor.execute(TestCaseExecutor.java:224)
	at com.kms.katalon.core.main.TestSuiteExecutor.accessTestCaseMainPhase(TestSuiteExecutor.java:129)
	at com.kms.katalon.core.main.TestSuiteExecutor.accessTestSuiteMainPhase(TestSuiteExecutor.java:112)
	at com.kms.katalon.core.main.TestSuiteExecutor.execute(TestSuiteExecutor.java:81)
	at com.kms.katalon.core.main.TestCaseMain.startTestSuite(TestCaseMain.java:149)
	at com.kms.katalon.core.main.TestCaseMain$startTestSuite$0.call(Unknown Source)
	at TempTestSuite1548913890060.run(TempTestSuite1548913890060.groovy:36)


2019-01-31 13:51:48 - [TEST_STEP][PASSED] - waitForElementPresent(findTestObject("MENU/IDEATION_TAB"), 60): Object 'Object Repository/MENU/IDEATION_TAB' is present

2019-01-31 13:51:48 - [MESSAGE][PASSED] - Object 'Object Repository/MENU/IDEATION_TAB' is present

2019-01-31 13:51:48 - [TEST_STEP][PASSED] - mouseOver(findTestObject("MENU/IDEATION_TAB"), STOP_ON_FAILURE): Object: 'Object Repository/MENU/IDEATION_TAB' is hovered

2019-01-31 13:51:48 - [MESSAGE][PASSED] - Object: 'Object Repository/MENU/IDEATION_TAB' is hovered

2019-01-31 13:51:48 - [TEST_STEP][PASSED] - click(findTestObject("MENU/IDEATION_TAB")): Object: 'Object Repository/MENU/IDEATION_TAB' is clicked on

2019-01-31 13:51:48 - [MESSAGE][PASSED] - Object: 'Object Repository/MENU/IDEATION_TAB' is clicked on

2019-01-31 13:51:48 - [TEST_STEP][PASSED] - waitForElementPresent(findTestObject("IDEATION/TABS/IDEAS_TAB"), 60): Object 'Object Repository/IDEATION/TABS/IDEAS_TAB' is present

2019-01-31 13:51:48 - [MESSAGE][PASSED] - Object 'Object Repository/IDEATION/TABS/IDEAS_TAB' is present

2019-01-31 13:51:48 - [TEST_STEP][PASSED] - mouseOver(findTestObject("IDEATION/TABS/IDEAS_TAB"), STOP_ON_FAILURE): Object: 'Object Repository/IDEATION/TABS/IDEAS_TAB' is hovered

2019-01-31 13:51:49 - [MESSAGE][PASSED] - Object: 'Object Repository/IDEATION/TABS/IDEAS_TAB' is hovered

2019-01-31 13:51:49 - [TEST_STEP][PASSED] - click(findTestObject("IDEATION/TABS/IDEAS_TAB")): Object: 'Object Repository/IDEATION/TABS/IDEAS_TAB' is clicked on

2019-01-31 13:51:49 - [MESSAGE][PASSED] - Object: 'Object Repository/IDEATION/TABS/IDEAS_TAB' is clicked on

2019-01-31 13:51:49 - [TEST_STEP][PASSED] - waitForElementPresent(findTestObject("IDEATION/IDEAS/LV_PLUS_SIGN_BUTTON"), 60): Object 'Object Repository/IDEATION/IDEAS/LV_PLUS_SIGN_BUTTON' is present

2019-01-31 13:51:49 - [MESSAGE][PASSED] - Object 'Object Repository/IDEATION/IDEAS/LV_PLUS_SIGN_BUTTON' is present

2019-01-31 13:51:49 - [TEST_STEP][PASSED] - click(findTestObject("IDEATION/IDEAS/LV_PLUS_SIGN_BUTTON")): Object: 'Object Repository/IDEATION/IDEAS/LV_PLUS_SIGN_BUTTON' is clicked on

2019-01-31 13:51:49 - [MESSAGE][PASSED] - Object: 'Object Repository/IDEATION/IDEAS/LV_PLUS_SIGN_BUTTON' is clicked on

2019-01-31 13:51:49 - [TEST_STEP][PASSED] - click(findTestObject("IDEATION/IDEAS/LV_ADD_IDEA_BUTTON")): Object: 'Object Repository/IDEATION/IDEAS/LV_ADD_IDEA_BUTTON' is clicked on

2019-01-31 13:51:50 - [MESSAGE][PASSED] - Object: 'Object Repository/IDEATION/IDEAS/LV_ADD_IDEA_BUTTON' is clicked on

2019-01-31 13:51:50 - [TEST_STEP][PASSED] - setText(findTestObject("IDEATION/IDEAS/OC_TITLE_TEXTFIELD"), "Katalon Test"): Text 'Katalon Test' is set on object 'Object Repository/IDEATION/IDEAS/OC_TITLE_TEXTFIELD'

2019-01-31 13:51:50 - [MESSAGE][PASSED] - Text 'Katalon Test' is set on object 'Object Repository/IDEATION/IDEAS/OC_TITLE_TEXTFIELD'

2019-01-31 13:51:50 - [TEST_STEP][PASSED] - sendKeys(findTestObject("IDEATION/IDEAS/OC_TITLE_TEXTFIELD"), Keys.chord(TAB)): Keys 'TAB + ' sent to object: 'Object Repository/IDEATION/IDEAS/OC_TITLE_TEXTFIELD'

2019-01-31 13:51:50 - [MESSAGE][PASSED] - Keys 'TAB + ' sent to object: 'Object Repository/IDEATION/IDEAS/OC_TITLE_TEXTFIELD'

2019-01-31 13:51:50 - [TEST_STEP][PASSED] - waitForElementVisible(findTestObject("IDEATION/IDEAS/OC_STATUS_FIELD"), 0): Object 'Object Repository/IDEATION/IDEAS/OC_STATUS_FIELD' is visible

2019-01-31 13:51:50 - [MESSAGE][WARNING] - Timeout '0' is invalid. Using default page load timeout: '30'

2019-01-31 13:51:50 - [MESSAGE][PASSED] - Object 'Object Repository/IDEATION/IDEAS/OC_STATUS_FIELD' is visible

2019-01-31 13:51:50 - [TEST_STEP][PASSED] - mouseOver(findTestObject("IDEATION/IDEAS/OC_STATUS_FIELD")): Object: 'Object Repository/IDEATION/IDEAS/OC_STATUS_FIELD' is hovered

2019-01-31 13:51:50 - [MESSAGE][PASSED] - Object: 'Object Repository/IDEATION/IDEAS/OC_STATUS_FIELD' is hovered

2019-01-31 13:51:50 - [TEST_STEP][PASSED] - click(findTestObject("IDEATION/IDEAS/OC_STATUS_FIELD")): Object: 'Object Repository/IDEATION/IDEAS/OC_STATUS_FIELD' is clicked on

2019-01-31 13:51:51 - [MESSAGE][PASSED] - Object: 'Object Repository/IDEATION/IDEAS/OC_STATUS_FIELD' is clicked on

2019-01-31 13:51:51 - [TEST_STEP][PASSED] - waitForElementVisible(findTestObject("IDEATION/IDEAS/OC_STATUS_DROPDOWN"), 60): Object 'Object Repository/IDEATION/IDEAS/OC_STATUS_DROPDOWN' is visible

2019-01-31 13:51:51 - [MESSAGE][PASSED] - Object 'Object Repository/IDEATION/IDEAS/OC_STATUS_DROPDOWN' is visible

2019-01-31 13:51:51 - [TEST_STEP][PASSED] - stratapp.Dropdown.Select(findTestObject("IDEATION/IDEAS/OC_STATUS_DROPDOWN"), "deferred"): stratapp.Dropdown.Select is PASSED

2019-01-31 13:51:51 - [MESSAGE][INFO] - deferred is not part of dropdown list

2019-01-31 13:51:51 - [MESSAGE][PASSED] - stratapp.Dropdown.Select is PASSED

2019-01-31 13:51:51 - [TEST_STEP][PASSED] - mouseOver(findTestObject("IDEATION/IDEAS/OC_IMPORTANCE_FIELD")): Object: 'Object Repository/IDEATION/IDEAS/OC_IMPORTANCE_FIELD' is hovered

2019-01-31 13:51:51 - [MESSAGE][PASSED] - Object: 'Object Repository/IDEATION/IDEAS/OC_IMPORTANCE_FIELD' is hovered

2019-01-31 13:51:51 - [TEST_STEP][PASSED] - click(findTestObject("IDEATION/IDEAS/OC_IMPORTANCE_FIELD")): Object: 'Object Repository/IDEATION/IDEAS/OC_IMPORTANCE_FIELD' is clicked on

2019-01-31 13:51:51 - [MESSAGE][PASSED] - Object: 'Object Repository/IDEATION/IDEAS/OC_IMPORTANCE_FIELD' is clicked on

2019-01-31 13:51:51 - [TEST_STEP][PASSED] - stratapp.Dropdown.Select(findTestObject("IDEATION/IDEAS/OC_IMPORTANCE_DROPDOWN"), "framing"): stratapp.Dropdown.Select is PASSED

2019-01-31 13:51:52 - [MESSAGE][INFO] - framing is not part of dropdown list

2019-01-31 13:51:52 - [MESSAGE][PASSED] - stratapp.Dropdown.Select is PASSED

2019-01-31 13:51:52 - [TEST_STEP][PASSED] - mouseOver(findTestObject("IDEATION/IDEAS/OC_SECURITY_FIELD")): Object: 'Object Repository/IDEATION/IDEAS/OC_SECURITY_FIELD' is hovered

2019-01-31 13:51:52 - [MESSAGE][PASSED] - Object: 'Object Repository/IDEATION/IDEAS/OC_SECURITY_FIELD' is hovered

2019-01-31 13:51:52 - [TEST_STEP][PASSED] - click(findTestObject("IDEATION/IDEAS/OC_SECURITY_FIELD")): Object: 'Object Repository/IDEATION/IDEAS/OC_SECURITY_FIELD' is clicked on

2019-01-31 13:51:52 - [MESSAGE][PASSED] - Object: 'Object Repository/IDEATION/IDEAS/OC_SECURITY_FIELD' is clicked on

2019-01-31 13:51:52 - [TEST_STEP][PASSED] - stratapp.Dropdown.Select(findTestObject("IDEATION/IDEAS/OC_SECURITY_DROPDOWN"), "confidential"): stratapp.Dropdown.Select is PASSED

2019-01-31 13:51:52 - [MESSAGE][INFO] - confidential is not part of dropdown list

2019-01-31 13:51:52 - [MESSAGE][PASSED] - stratapp.Dropdown.Select is PASSED

2019-01-31 13:51:52 - [TEST_STEP][PASSED] - mouseOver(findTestObject("IDEATION/IDEAS/OC_SOURCE_FIELD")): Object: 'Object Repository/IDEATION/IDEAS/OC_SOURCE_FIELD' is hovered

2019-01-31 13:51:52 - [MESSAGE][PASSED] - Object: 'Object Repository/IDEATION/IDEAS/OC_SOURCE_FIELD' is hovered

2019-01-31 13:51:52 - [TEST_STEP][PASSED] - click(findTestObject("IDEATION/IDEAS/OC_SOURCE_FIELD")): Object: 'Object Repository/IDEATION/IDEAS/OC_SOURCE_FIELD' is clicked on

2019-01-31 13:51:52 - [MESSAGE][PASSED] - Object: 'Object Repository/IDEATION/IDEAS/OC_SOURCE_FIELD' is clicked on

2019-01-31 13:51:52 - [TEST_STEP][PASSED] - mouseOver(findTestObject("IDEATION/IDEAS/OC_SOURCE_TYPE_BUTTON")): Object: 'Object Repository/IDEATION/IDEAS/OC_SOURCE_TYPE_BUTTON' is hovered

2019-01-31 13:51:52 - [MESSAGE][PASSED] - Object: 'Object Repository/IDEATION/IDEAS/OC_SOURCE_TYPE_BUTTON' is hovered

2019-01-31 13:51:52 - [TEST_STEP][PASSED] - click(findTestObject("IDEATION/IDEAS/OC_SOURCE_TYPE_BUTTON")): Object: 'Object Repository/IDEATION/IDEAS/OC_SOURCE_TYPE_BUTTON' is clicked on

2019-01-31 13:51:53 - [MESSAGE][PASSED] - Object: 'Object Repository/IDEATION/IDEAS/OC_SOURCE_TYPE_BUTTON' is clicked on

2019-01-31 13:51:53 - [TEST_STEP][PASSED] - waitForElementVisible(findTestObject("IDEATION/IDEAS/OC_STATUS_DROPDOWN"), 60): Object 'Object Repository/IDEATION/IDEAS/OC_STATUS_DROPDOWN' is visible

2019-01-31 13:51:53 - [MESSAGE][PASSED] - Object 'Object Repository/IDEATION/IDEAS/OC_STATUS_DROPDOWN' is visible

2019-01-31 13:51:53 - [TEST_STEP][PASSED] - stratapp.Dropdown.AddSource(findTestObject("IDEATION/IDEAS/OC_SOURCE_DROPDOWN"), "+SG~Functional Regression Tests"): stratapp.Dropdown.AddSource is PASSED

2019-01-31 13:51:53 - [MESSAGE][INFO] -  selected

2019-01-31 13:51:58 - [MESSAGE][PASSED] - Delayed 5 second(s)

2019-01-31 13:51:59 - [MESSAGE][PASSED] - stratapp.Dropdown.AddSource is PASSED

2019-01-31 13:51:59 - [TEST_STEP][PASSED] - mouseOver(findTestObject("IDEATION/LV2 NAV/THE_IDEA_CHALLENGE/OC_ADD_EDIT_CONTENT_BUTTON")): Object: 'Object Repository/IDEATION/LV2 NAV/THE_IDEA_CHALLENGE/OC_ADD_EDIT_CONTENT_BUTTON' is hovered

2019-01-31 13:51:59 - [MESSAGE][PASSED] - Object: 'Object Repository/IDEATION/LV2 NAV/THE_IDEA_CHALLENGE/OC_ADD_EDIT_CONTENT_BUTTON' is hovered

2019-01-31 13:51:59 - [TEST_STEP][PASSED] - click(findTestObject("IDEATION/LV2 NAV/THE_IDEA_CHALLENGE/OC_ADD_EDIT_CONTENT_BUTTON")): Object: 'Object Repository/IDEATION/LV2 NAV/THE_IDEA_CHALLENGE/OC_ADD_EDIT_CONTENT_BUTTON' is clicked on

2019-01-31 13:51:59 - [MESSAGE][PASSED] - Object: 'Object Repository/IDEATION/LV2 NAV/THE_IDEA_CHALLENGE/OC_ADD_EDIT_CONTENT_BUTTON' is clicked on

2019-01-31 13:51:59 - [TEST_STEP][PASSED] - waitForElementVisible(findTestObject("IDEATION/LV2 NAV/THE_IDEA_CHALLENGE/OC_SUMMARY_TEXTAREA"), 60): Object 'Object Repository/IDEATION/LV2 NAV/THE_IDEA_CHALLENGE/OC_SUMMARY_TEXTAREA' is visible

2019-01-31 13:51:59 - [MESSAGE][PASSED] - Object 'Object Repository/IDEATION/LV2 NAV/THE_IDEA_CHALLENGE/OC_SUMMARY_TEXTAREA' is visible

2019-01-31 13:51:59 - [TEST_STEP][PASSED] - mouseOver(findTestObject("IDEATION/LV2 NAV/THE_IDEA_CHALLENGE/OC_SUMMARY_TEXTAREA")): Object: 'Object Repository/IDEATION/LV2 NAV/THE_IDEA_CHALLENGE/OC_SUMMARY_TEXTAREA' is hovered

2019-01-31 13:51:59 - [MESSAGE][PASSED] - Object: 'Object Repository/IDEATION/LV2 NAV/THE_IDEA_CHALLENGE/OC_SUMMARY_TEXTAREA' is hovered

2019-01-31 13:51:59 - [TEST_STEP][PASSED] - click(findTestObject("IDEATION/LV2 NAV/THE_IDEA_CHALLENGE/OC_SUMMARY_TEXTAREA")): Object: 'Object Repository/IDEATION/LV2 NAV/THE_IDEA_CHALLENGE/OC_SUMMARY_TEXTAREA' is clicked on

2019-01-31 13:51:59 - [MESSAGE][PASSED] - Object: 'Object Repository/IDEATION/LV2 NAV/THE_IDEA_CHALLENGE/OC_SUMMARY_TEXTAREA' is clicked on

2019-01-31 13:51:59 - [TEST_STEP][FAILED] - sendKeys(findTestObject("IDEATION/LV2 NAV/THE_IDEA_CHALLENGE/OC_SUMMARY_TEXTAREA"), "AUTO SUMMARY"): sendKeys(findTestObject("IDEATION/LV2 NAV/THE_IDEA_CHALLENGE/OC_SUMMARY_TEXTAREA"), "AUTO SUMMARY") FAILED.
Reason:
com.kms.katalon.core.exception.StepFailedException: Unable to send keys 'AUTO SUMMARY' to object 'Object Repository/IDEATION/LV2 NAV/THE_IDEA_CHALLENGE/OC_SUMMARY_TEXTAREA' (Root cause: org.openqa.selenium.WebDriverException: unknown error: cannot focus element
  (Session info: chrome=71.0.3578.98)
  (Driver info: chromedriver=2.43.600210 (68dcf5eebde37173d4027fa8635e332711d2874a),platform=Windows NT 10.0.14393 x86_64) (WARNING: The server did not provide any stacktrace information)
Command duration or timeout: 0 milliseconds
Build info: version: '3.7.1', revision: '8a0099a', time: '2017-11-06T21:07:36.161Z'
System info: host: 'YSPC-STRATAPPQA', ip: '192.168.56.1', os.name: 'Windows 10', os.arch: 'amd64', os.version: '10.0', java.version: '1.8.0_102'
Driver info: com.kms.katalon.selenium.driver.CChromeDriver
Capabilities {acceptInsecureCerts: false, acceptSslCerts: false, applicationCacheEnabled: false, browserConnectionEnabled: false, browserName: chrome, chrome: {chromedriverVersion: 2.43.600210 (68dcf5eebde371..., userDataDir: C:\Users\JOHNSE~1\AppData\L...}, cssSelectorsEnabled: true, databaseEnabled: false, goog:chromeOptions: {debuggerAddress: localhost:30156}, handlesAlerts: true, hasTouchScreen: false, javascriptEnabled: true, locationContextEnabled: true, mobileEmulationEnabled: false, nativeEvents: true, networkConnectionEnabled: false, pageLoadStrategy: normal, platform: XP, platformName: XP, rotatable: false, setWindowRect: true, takesHeapSnapshot: true, takesScreenshot: true, unexpectedAlertBehaviour: , unhandledPromptBehavior: , version: 71.0.3578.98, webStorageEnabled: true}
Session ID: e96875917c7d00788832f91990e4a588)
	at com.kms.katalon.core.keyword.internal.KeywordMain.stepFailed(KeywordMain.groovy:36)
	at com.kms.katalon.core.webui.keyword.internal.WebUIKeywordMain.stepFailed(WebUIKeywordMain.groovy:65)
	at com.kms.katalon.core.webui.keyword.internal.WebUIKeywordMain.runKeyword(WebUIKeywordMain.groovy:27)
	at com.kms.katalon.core.webui.keyword.builtin.SendKeysKeyword.sendKeys(SendKeysKeyword.groovy:60)
	at com.kms.katalon.core.webui.keyword.builtin.SendKeysKeyword.execute(SendKeysKeyword.groovy:38)
	at com.kms.katalon.core.keyword.internal.KeywordExecutor.executeKeywordForPlatform(KeywordExecutor.groovy:53)
	at com.kms.katalon.core.webui.keyword.WebUiBuiltInKeywords.sendKeys(WebUiBuiltInKeywords.groovy:834)
	at com.kms.katalon.core.webui.keyword.WebUiBuiltInKeywords$sendKeys$6.call(Unknown Source)
	at IDEA_ADD_TEMPLATE.run(IDEA_ADD_TEMPLATE:83)
	at com.kms.katalon.core.main.ScriptEngine.run(ScriptEngine.java:194)
	at com.kms.katalon.core.main.ScriptEngine.runScriptAsRawText(ScriptEngine.java:119)
	at com.kms.katalon.core.main.TestCaseExecutor.runScript(TestCaseExecutor.java:328)
	at com.kms.katalon.core.main.TestCaseExecutor.doExecute(TestCaseExecutor.java:319)
	at com.kms.katalon.core.main.TestCaseExecutor.processExecutionPhase(TestCaseExecutor.java:298)
	at com.kms.katalon.core.main.TestCaseExecutor.accessMainPhase(TestCaseExecutor.java:290)
	at com.kms.katalon.core.main.TestCaseExecutor.execute(TestCaseExecutor.java:224)
	at com.kms.katalon.core.main.TestSuiteExecutor.accessTestCaseMainPhase(TestSuiteExecutor.java:129)
	at com.kms.katalon.core.main.TestSuiteExecutor.accessTestSuiteMainPhase(TestSuiteExecutor.java:112)
	at com.kms.katalon.core.main.TestSuiteExecutor.execute(TestSuiteExecutor.java:81)
	at com.kms.katalon.core.main.TestCaseMain.startTestSuite(TestCaseMain.java:149)
	at com.kms.katalon.core.main.TestCaseMain$startTestSuite$0.call(Unknown Source)
	at TempTestSuite1548913890060.run(TempTestSuite1548913890060.groovy:36)


2019-01-31 13:52:00 - [MESSAGE][FAILED] - Unable to send keys 'AUTO SUMMARY' to object 'Object Repository/IDEATION/LV2 NAV/THE_IDEA_CHALLENGE/OC_SUMMARY_TEXTAREA' (Root cause: org.openqa.selenium.WebDriverException: unknown error: cannot focus element
  (Session info: chrome=71.0.3578.98)
  (Driver info: chromedriver=2.43.600210 (68dcf5eebde37173d4027fa8635e332711d2874a),platform=Windows NT 10.0.14393 x86_64) (WARNING: The server did not provide any stacktrace information)
Command duration or timeout: 0 milliseconds
Build info: version: '3.7.1', revision: '8a0099a', time: '2017-11-06T21:07:36.161Z'
System info: host: 'YSPC-STRATAPPQA', ip: '192.168.56.1', os.name: 'Windows 10', os.arch: 'amd64', os.version: '10.0', java.version: '1.8.0_102'
Driver info: com.kms.katalon.selenium.driver.CChromeDriver
Capabilities {acceptInsecureCerts: false, acceptSslCerts: false, applicationCacheEnabled: false, browserConnectionEnabled: false, browserName: chrome, chrome: {chromedriverVersion: 2.43.600210 (68dcf5eebde371..., userDataDir: C:\Users\JOHNSE~1\AppData\L...}, cssSelectorsEnabled: true, databaseEnabled: false, goog:chromeOptions: {debuggerAddress: localhost:30156}, handlesAlerts: true, hasTouchScreen: false, javascriptEnabled: true, locationContextEnabled: true, mobileEmulationEnabled: false, nativeEvents: true, networkConnectionEnabled: false, pageLoadStrategy: normal, platform: XP, platformName: XP, rotatable: false, setWindowRect: true, takesHeapSnapshot: true, takesScreenshot: true, unexpectedAlertBehaviour: , unhandledPromptBehavior: , version: 71.0.3578.98, webStorageEnabled: true}
Session ID: e96875917c7d00788832f91990e4a588)
[[ATTACHMENT|C:\\Users\\JohnSeigfredManzanar\\Katalon Studio\\StratApp\\Reports\\test\\20190131_135125\\1548913919931.png]]

2019-01-31 13:52:00 - [MESSAGE][FAILED] - sendKeys(findTestObject("IDEATION/LV2 NAV/THE_IDEA_CHALLENGE/OC_SUMMARY_TEXTAREA"), "AUTO SUMMARY") FAILED.
Reason:
com.kms.katalon.core.exception.StepFailedException: Unable to send keys 'AUTO SUMMARY' to object 'Object Repository/IDEATION/LV2 NAV/THE_IDEA_CHALLENGE/OC_SUMMARY_TEXTAREA' (Root cause: org.openqa.selenium.WebDriverException: unknown error: cannot focus element
  (Session info: chrome=71.0.3578.98)
  (Driver info: chromedriver=2.43.600210 (68dcf5eebde37173d4027fa8635e332711d2874a),platform=Windows NT 10.0.14393 x86_64) (WARNING: The server did not provide any stacktrace information)
Command duration or timeout: 0 milliseconds
Build info: version: '3.7.1', revision: '8a0099a', time: '2017-11-06T21:07:36.161Z'
System info: host: 'YSPC-STRATAPPQA', ip: '192.168.56.1', os.name: 'Windows 10', os.arch: 'amd64', os.version: '10.0', java.version: '1.8.0_102'
Driver info: com.kms.katalon.selenium.driver.CChromeDriver
Capabilities {acceptInsecureCerts: false, acceptSslCerts: false, applicationCacheEnabled: false, browserConnectionEnabled: false, browserName: chrome, chrome: {chromedriverVersion: 2.43.600210 (68dcf5eebde371..., userDataDir: C:\Users\JOHNSE~1\AppData\L...}, cssSelectorsEnabled: true, databaseEnabled: false, goog:chromeOptions: {debuggerAddress: localhost:30156}, handlesAlerts: true, hasTouchScreen: false, javascriptEnabled: true, locationContextEnabled: true, mobileEmulationEnabled: false, nativeEvents: true, networkConnectionEnabled: false, pageLoadStrategy: normal, platform: XP, platformName: XP, rotatable: false, setWindowRect: true, takesHeapSnapshot: true, takesScreenshot: true, unexpectedAlertBehaviour: , unhandledPromptBehavior: , version: 71.0.3578.98, webStorageEnabled: true}
Session ID: e96875917c7d00788832f91990e4a588)
	at com.kms.katalon.core.keyword.internal.KeywordMain.stepFailed(KeywordMain.groovy:36)
	at com.kms.katalon.core.webui.keyword.internal.WebUIKeywordMain.stepFailed(WebUIKeywordMain.groovy:65)
	at com.kms.katalon.core.webui.keyword.internal.WebUIKeywordMain.runKeyword(WebUIKeywordMain.groovy:27)
	at com.kms.katalon.core.webui.keyword.builtin.SendKeysKeyword.sendKeys(SendKeysKeyword.groovy:60)
	at com.kms.katalon.core.webui.keyword.builtin.SendKeysKeyword.execute(SendKeysKeyword.groovy:38)
	at com.kms.katalon.core.keyword.internal.KeywordExecutor.executeKeywordForPlatform(KeywordExecutor.groovy:53)
	at com.kms.katalon.core.webui.keyword.WebUiBuiltInKeywords.sendKeys(WebUiBuiltInKeywords.groovy:834)
	at com.kms.katalon.core.webui.keyword.WebUiBuiltInKeywords$sendKeys$6.call(Unknown Source)
	at IDEA_ADD_TEMPLATE.run(IDEA_ADD_TEMPLATE:83)
	at com.kms.katalon.core.main.ScriptEngine.run(ScriptEngine.java:194)
	at com.kms.katalon.core.main.ScriptEngine.runScriptAsRawText(ScriptEngine.java:119)
	at com.kms.katalon.core.main.TestCaseExecutor.runScript(TestCaseExecutor.java:328)
	at com.kms.katalon.core.main.TestCaseExecutor.doExecute(TestCaseExecutor.java:319)
	at com.kms.katalon.core.main.TestCaseExecutor.processExecutionPhase(TestCaseExecutor.java:298)
	at com.kms.katalon.core.main.TestCaseExecutor.accessMainPhase(TestCaseExecutor.java:290)
	at com.kms.katalon.core.main.TestCaseExecutor.execute(TestCaseExecutor.java:224)
	at com.kms.katalon.core.main.TestSuiteExecutor.accessTestCaseMainPhase(TestSuiteExecutor.java:129)
	at com.kms.katalon.core.main.TestSuiteExecutor.accessTestSuiteMainPhase(TestSuiteExecutor.java:112)
	at com.kms.katalon.core.main.TestSuiteExecutor.execute(TestSuiteExecutor.java:81)
	at com.kms.katalon.core.main.TestCaseMain.startTestSuite(TestCaseMain.java:149)
	at com.kms.katalon.core.main.TestCaseMain$startTestSuite$0.call(Unknown Source)
	at TempTestSuite1548913890060.run(TempTestSuite1548913890060.groovy:36)]]></system-out>
         <system-err><![CDATA[2019-01-31 13:51:47 - [TEST_CASE][FAILED] - Test Cases/IDEATION/IDEA/IDEA_ADD_TEMPLATE: Test Cases/IDEATION/IDEA/IDEA_ADD_TEMPLATE FAILED.
Reason:
com.kms.katalon.core.exception.StepFailedException: Unable to send keys 'AUTO SUMMARY' to object 'Object Repository/IDEATION/LV2 NAV/THE_IDEA_CHALLENGE/OC_SUMMARY_TEXTAREA' (Root cause: org.openqa.selenium.WebDriverException: unknown error: cannot focus element
  (Session info: chrome=71.0.3578.98)
  (Driver info: chromedriver=2.43.600210 (68dcf5eebde37173d4027fa8635e332711d2874a),platform=Windows NT 10.0.14393 x86_64) (WARNING: The server did not provide any stacktrace information)
Command duration or timeout: 0 milliseconds
Build info: version: '3.7.1', revision: '8a0099a', time: '2017-11-06T21:07:36.161Z'
System info: host: 'YSPC-STRATAPPQA', ip: '192.168.56.1', os.name: 'Windows 10', os.arch: 'amd64', os.version: '10.0', java.version: '1.8.0_102'
Driver info: com.kms.katalon.selenium.driver.CChromeDriver
Capabilities {acceptInsecureCerts: false, acceptSslCerts: false, applicationCacheEnabled: false, browserConnectionEnabled: false, browserName: chrome, chrome: {chromedriverVersion: 2.43.600210 (68dcf5eebde371..., userDataDir: C:\Users\JOHNSE~1\AppData\L...}, cssSelectorsEnabled: true, databaseEnabled: false, goog:chromeOptions: {debuggerAddress: localhost:30156}, handlesAlerts: true, hasTouchScreen: false, javascriptEnabled: true, locationContextEnabled: true, mobileEmulationEnabled: false, nativeEvents: true, networkConnectionEnabled: false, pageLoadStrategy: normal, platform: XP, platformName: XP, rotatable: false, setWindowRect: true, takesHeapSnapshot: true, takesScreenshot: true, unexpectedAlertBehaviour: , unhandledPromptBehavior: , version: 71.0.3578.98, webStorageEnabled: true}
Session ID: e96875917c7d00788832f91990e4a588)
	at com.kms.katalon.core.keyword.internal.KeywordMain.stepFailed(KeywordMain.groovy:36)
	at com.kms.katalon.core.webui.keyword.internal.WebUIKeywordMain.stepFailed(WebUIKeywordMain.groovy:65)
	at com.kms.katalon.core.webui.keyword.internal.WebUIKeywordMain.runKeyword(WebUIKeywordMain.groovy:27)
	at com.kms.katalon.core.webui.keyword.builtin.SendKeysKeyword.sendKeys(SendKeysKeyword.groovy:60)
	at com.kms.katalon.core.webui.keyword.builtin.SendKeysKeyword.execute(SendKeysKeyword.groovy:38)
	at com.kms.katalon.core.keyword.internal.KeywordExecutor.executeKeywordForPlatform(KeywordExecutor.groovy:53)
	at com.kms.katalon.core.webui.keyword.WebUiBuiltInKeywords.sendKeys(WebUiBuiltInKeywords.groovy:834)
	at com.kms.katalon.core.webui.keyword.WebUiBuiltInKeywords$sendKeys$6.call(Unknown Source)
	at IDEA_ADD_TEMPLATE.run(IDEA_ADD_TEMPLATE:83)
	at com.kms.katalon.core.main.ScriptEngine.run(ScriptEngine.java:194)
	at com.kms.katalon.core.main.ScriptEngine.runScriptAsRawText(ScriptEngine.java:119)
	at com.kms.katalon.core.main.TestCaseExecutor.runScript(TestCaseExecutor.java:328)
	at com.kms.katalon.core.main.TestCaseExecutor.doExecute(TestCaseExecutor.java:319)
	at com.kms.katalon.core.main.TestCaseExecutor.processExecutionPhase(TestCaseExecutor.java:298)
	at com.kms.katalon.core.main.TestCaseExecutor.accessMainPhase(TestCaseExecutor.java:290)
	at com.kms.katalon.core.main.TestCaseExecutor.execute(TestCaseExecutor.java:224)
	at com.kms.katalon.core.main.TestSuiteExecutor.accessTestCaseMainPhase(TestSuiteExecutor.java:129)
	at com.kms.katalon.core.main.TestSuiteExecutor.accessTestSuiteMainPhase(TestSuiteExecutor.java:112)
	at com.kms.katalon.core.main.TestSuiteExecutor.execute(TestSuiteExecutor.java:81)
	at com.kms.katalon.core.main.TestCaseMain.startTestSuite(TestCaseMain.java:149)
	at com.kms.katalon.core.main.TestCaseMain$startTestSuite$0.call(Unknown Source)
	at TempTestSuite1548913890060.run(TempTestSuite1548913890060.groovy:36)]]></system-err>
      </testcase>
      <system-out><![CDATA[2019-01-31 13:51:33 - [TEST_SUITE][FAILED] - test: Test Cases/IDEATION/IDEA/IDEA_ADD_TEMPLATE FAILED.
Reason:
com.kms.katalon.core.exception.StepFailedException: Unable to send keys 'AUTO SUMMARY' to object 'Object Repository/IDEATION/LV2 NAV/THE_IDEA_CHALLENGE/OC_SUMMARY_TEXTAREA' (Root cause: org.openqa.selenium.WebDriverException: unknown error: cannot focus element
  (Session info: chrome=71.0.3578.98)
  (Driver info: chromedriver=2.43.600210 (68dcf5eebde37173d4027fa8635e332711d2874a),platform=Windows NT 10.0.14393 x86_64) (WARNING: The server did not provide any stacktrace information)
Command duration or timeout: 0 milliseconds
Build info: version: '3.7.1', revision: '8a0099a', time: '2017-11-06T21:07:36.161Z'
System info: host: 'YSPC-STRATAPPQA', ip: '192.168.56.1', os.name: 'Windows 10', os.arch: 'amd64', os.version: '10.0', java.version: '1.8.0_102'
Driver info: com.kms.katalon.selenium.driver.CChromeDriver
Capabilities {acceptInsecureCerts: false, acceptSslCerts: false, applicationCacheEnabled: false, browserConnectionEnabled: false, browserName: chrome, chrome: {chromedriverVersion: 2.43.600210 (68dcf5eebde371..., userDataDir: C:\Users\JOHNSE~1\AppData\L...}, cssSelectorsEnabled: true, databaseEnabled: false, goog:chromeOptions: {debuggerAddress: localhost:30156}, handlesAlerts: true, hasTouchScreen: false, javascriptEnabled: true, locationContextEnabled: true, mobileEmulationEnabled: false, nativeEvents: true, networkConnectionEnabled: false, pageLoadStrategy: normal, platform: XP, platformName: XP, rotatable: false, setWindowRect: true, takesHeapSnapshot: true, takesScreenshot: true, unexpectedAlertBehaviour: , unhandledPromptBehavior: , version: 71.0.3578.98, webStorageEnabled: true}
Session ID: e96875917c7d00788832f91990e4a588)
	at com.kms.katalon.core.keyword.internal.KeywordMain.stepFailed(KeywordMain.groovy:36)
	at com.kms.katalon.core.webui.keyword.internal.WebUIKeywordMain.stepFailed(WebUIKeywordMain.groovy:65)
	at com.kms.katalon.core.webui.keyword.internal.WebUIKeywordMain.runKeyword(WebUIKeywordMain.groovy:27)
	at com.kms.katalon.core.webui.keyword.builtin.SendKeysKeyword.sendKeys(SendKeysKeyword.groovy:60)
	at com.kms.katalon.core.webui.keyword.builtin.SendKeysKeyword.execute(SendKeysKeyword.groovy:38)
	at com.kms.katalon.core.keyword.internal.KeywordExecutor.executeKeywordForPlatform(KeywordExecutor.groovy:53)
	at com.kms.katalon.core.webui.keyword.WebUiBuiltInKeywords.sendKeys(WebUiBuiltInKeywords.groovy:834)
	at com.kms.katalon.core.webui.keyword.WebUiBuiltInKeywords$sendKeys$6.call(Unknown Source)
	at IDEA_ADD_TEMPLATE.run(IDEA_ADD_TEMPLATE:83)
	at com.kms.katalon.core.main.ScriptEngine.run(ScriptEngine.java:194)
	at com.kms.katalon.core.main.ScriptEngine.runScriptAsRawText(ScriptEngine.java:119)
	at com.kms.katalon.core.main.TestCaseExecutor.runScript(TestCaseExecutor.java:328)
	at com.kms.katalon.core.main.TestCaseExecutor.doExecute(TestCaseExecutor.java:319)
	at com.kms.katalon.core.main.TestCaseExecutor.processExecutionPhase(TestCaseExecutor.java:298)
	at com.kms.katalon.core.main.TestCaseExecutor.accessMainPhase(TestCaseExecutor.java:290)
	at com.kms.katalon.core.main.TestCaseExecutor.execute(TestCaseExecutor.java:224)
	at com.kms.katalon.core.main.TestSuiteExecutor.accessTestCaseMainPhase(TestSuiteExecutor.java:129)
	at com.kms.katalon.core.main.TestSuiteExecutor.accessTestSuiteMainPhase(TestSuiteExecutor.java:112)
	at com.kms.katalon.core.main.TestSuiteExecutor.execute(TestSuiteExecutor.java:81)
	at com.kms.katalon.core.main.TestCaseMain.startTestSuite(TestCaseMain.java:149)
	at com.kms.katalon.core.main.TestCaseMain$startTestSuite$0.call(Unknown Source)
	at TempTestSuite1548913890060.run(TempTestSuite1548913890060.groovy:36)]]></system-out>
      <system-err><![CDATA[2019-01-31 13:51:33 - [TEST_SUITE][FAILED] - test: Test Cases/IDEATION/IDEA/IDEA_ADD_TEMPLATE FAILED.
Reason:
com.kms.katalon.core.exception.StepFailedException: Unable to send keys 'AUTO SUMMARY' to object 'Object Repository/IDEATION/LV2 NAV/THE_IDEA_CHALLENGE/OC_SUMMARY_TEXTAREA' (Root cause: org.openqa.selenium.WebDriverException: unknown error: cannot focus element
  (Session info: chrome=71.0.3578.98)
  (Driver info: chromedriver=2.43.600210 (68dcf5eebde37173d4027fa8635e332711d2874a),platform=Windows NT 10.0.14393 x86_64) (WARNING: The server did not provide any stacktrace information)
Command duration or timeout: 0 milliseconds
Build info: version: '3.7.1', revision: '8a0099a', time: '2017-11-06T21:07:36.161Z'
System info: host: 'YSPC-STRATAPPQA', ip: '192.168.56.1', os.name: 'Windows 10', os.arch: 'amd64', os.version: '10.0', java.version: '1.8.0_102'
Driver info: com.kms.katalon.selenium.driver.CChromeDriver
Capabilities {acceptInsecureCerts: false, acceptSslCerts: false, applicationCacheEnabled: false, browserConnectionEnabled: false, browserName: chrome, chrome: {chromedriverVersion: 2.43.600210 (68dcf5eebde371..., userDataDir: C:\Users\JOHNSE~1\AppData\L...}, cssSelectorsEnabled: true, databaseEnabled: false, goog:chromeOptions: {debuggerAddress: localhost:30156}, handlesAlerts: true, hasTouchScreen: false, javascriptEnabled: true, locationContextEnabled: true, mobileEmulationEnabled: false, nativeEvents: true, networkConnectionEnabled: false, pageLoadStrategy: normal, platform: XP, platformName: XP, rotatable: false, setWindowRect: true, takesHeapSnapshot: true, takesScreenshot: true, unexpectedAlertBehaviour: , unhandledPromptBehavior: , version: 71.0.3578.98, webStorageEnabled: true}
Session ID: e96875917c7d00788832f91990e4a588)
	at com.kms.katalon.core.keyword.internal.KeywordMain.stepFailed(KeywordMain.groovy:36)
	at com.kms.katalon.core.webui.keyword.internal.WebUIKeywordMain.stepFailed(WebUIKeywordMain.groovy:65)
	at com.kms.katalon.core.webui.keyword.internal.WebUIKeywordMain.runKeyword(WebUIKeywordMain.groovy:27)
	at com.kms.katalon.core.webui.keyword.builtin.SendKeysKeyword.sendKeys(SendKeysKeyword.groovy:60)
	at com.kms.katalon.core.webui.keyword.builtin.SendKeysKeyword.execute(SendKeysKeyword.groovy:38)
	at com.kms.katalon.core.keyword.internal.KeywordExecutor.executeKeywordForPlatform(KeywordExecutor.groovy:53)
	at com.kms.katalon.core.webui.keyword.WebUiBuiltInKeywords.sendKeys(WebUiBuiltInKeywords.groovy:834)
	at com.kms.katalon.core.webui.keyword.WebUiBuiltInKeywords$sendKeys$6.call(Unknown Source)
	at IDEA_ADD_TEMPLATE.run(IDEA_ADD_TEMPLATE:83)
	at com.kms.katalon.core.main.ScriptEngine.run(ScriptEngine.java:194)
	at com.kms.katalon.core.main.ScriptEngine.runScriptAsRawText(ScriptEngine.java:119)
	at com.kms.katalon.core.main.TestCaseExecutor.runScript(TestCaseExecutor.java:328)
	at com.kms.katalon.core.main.TestCaseExecutor.doExecute(TestCaseExecutor.java:319)
	at com.kms.katalon.core.main.TestCaseExecutor.processExecutionPhase(TestCaseExecutor.java:298)
	at com.kms.katalon.core.main.TestCaseExecutor.accessMainPhase(TestCaseExecutor.java:290)
	at com.kms.katalon.core.main.TestCaseExecutor.execute(TestCaseExecutor.java:224)
	at com.kms.katalon.core.main.TestSuiteExecutor.accessTestCaseMainPhase(TestSuiteExecutor.java:129)
	at com.kms.katalon.core.main.TestSuiteExecutor.accessTestSuiteMainPhase(TestSuiteExecutor.java:112)
	at com.kms.katalon.core.main.TestSuiteExecutor.execute(TestSuiteExecutor.java:81)
	at com.kms.katalon.core.main.TestCaseMain.startTestSuite(TestCaseMain.java:149)
	at com.kms.katalon.core.main.TestCaseMain$startTestSuite$0.call(Unknown Source)
	at TempTestSuite1548913890060.run(TempTestSuite1548913890060.groovy:36)]]></system-err>
   </testsuite>
</testsuites>
