<?xml version="1.0" encoding="UTF-8"?>
<testsuites name="test" time="38" tests="0" failures="1" errors="0">
   <testsuite name="test" tests="0" failures="1" errors="0" time="38" timestamp="2019-02-01 10:52:05" hostname="JohnSeigfredManzanar - YSPC-STRATAPPQA" id="Test Suites/test">
      <properties>
         <property name="deviceName" value=""/>
         <property name="devicePlatform" value=""/>
         <property name="logFolder" value="C:\\Users\\JohnSeigfredManzanar\\Katalon Studio\\StratApp\\Reports\\test\\20190201_105159"/>
         <property name="logFiles" value="C:\\Users\\JohnSeigfredManzanar\\Katalon Studio\\StratApp\\Reports\\test\\20190201_105159\\execution0.log"/>
         <property name="attachments" value="C:\\Users\\JohnSeigfredManzanar\\Katalon Studio\\StratApp\\Reports\\test\\20190201_105159\\1548989542128.png, C:\\Users\\JohnSeigfredManzanar\\Katalon Studio\\StratApp\\Reports\\test\\20190201_105159\\1548989563412.png"/>
         <property name="hostName" value="JohnSeigfredManzanar - YSPC-STRATAPPQA"/>
         <property name="os" value="Windows 10 64bit"/>
         <property name="katalonVersion" value="5.10.1.1"/>
         <property name="browser" value="Chrome 71.0.3578.98"/>
         <property name="hostAddress" value="192.168.56.1"/>
         <property name="sessionId" value="8dc10a0f4f237c982018bd236d3ad2c0"/>
         <property name="seleniumVersion" value="3.7.1"/>
         <property name="proxyInformation" value="ProxyInformation{proxyOption=NO_PROXY, proxyServerType=HTTP, password=, proxyServerAddress=, proxyServerPort=0}"/>
         <property name="platform" value="Windows 10"/>
      </properties>
      <testcase name="Test Cases/REGRESSION_SUITE/IDEATION/IDEA/VALIDATE IF USER CAN ADD NEW IDEA WITH RELATED TOPICS" classname="Test Cases/REGRESSION_SUITE/IDEATION/IDEA/VALIDATE IF USER CAN ADD NEW IDEA WITH RELATED TOPICS" status="FAILED">
         <failure type="FAILED" message="Test Cases/REGRESSION_SUITE/IDEATION/IDEA/VALIDATE IF USER CAN ADD NEW IDEA WITH RELATED TOPICS FAILED.
Reason:
com.kms.katalon.core.exception.StepFailedException: Unable to click on object 'Object Repository/IDEATION/TABS/IDEAS_TAB' (Root cause: org.openqa.selenium.WebDriverException: unknown error: Element &lt;a _ngcontent-c50=&quot;&quot; class=&quot;nav-link&quot; href=&quot;/ideation/...&quot; routerlink=&quot;/ideation/ideas&quot; routerlinkactive=&quot;active&quot;>ideas&lt;/a> is not clickable at point (299, 66). Other element would receive the click: &lt;div _ngcontent-c5=&quot;&quot; class=&quot;navbar-title navbar-dark collapse navbar-collapse&quot; id=&quot;navbarTogglerDemo02&quot;>...&lt;/div>
  (Session info: chrome=71.0.3578.98)
  (Driver info: chromedriver=2.43.600210 (68dcf5eebde37173d4027fa8635e332711d2874a),platform=Windows NT 10.0.14393 x86_64) (WARNING: The server did not provide any stacktrace information)
Command duration or timeout: 0 milliseconds
Build info: version: '3.7.1', revision: '8a0099a', time: '2017-11-06T21:07:36.161Z'
System info: host: 'YSPC-STRATAPPQA', ip: '192.168.56.1', os.name: 'Windows 10', os.arch: 'amd64', os.version: '10.0', java.version: '1.8.0_102'
Driver info: com.kms.katalon.selenium.driver.CChromeDriver
Capabilities {acceptInsecureCerts: false, acceptSslCerts: false, applicationCacheEnabled: false, browserConnectionEnabled: false, browserName: chrome, chrome: {chromedriverVersion: 2.43.600210 (68dcf5eebde371..., userDataDir: C:\Users\JOHNSE~1\AppData\L...}, cssSelectorsEnabled: true, databaseEnabled: false, goog:chromeOptions: {debuggerAddress: localhost:42239}, handlesAlerts: true, hasTouchScreen: false, javascriptEnabled: true, locationContextEnabled: true, mobileEmulationEnabled: false, nativeEvents: true, networkConnectionEnabled: false, pageLoadStrategy: normal, platform: XP, platformName: XP, rotatable: false, setWindowRect: true, takesHeapSnapshot: true, takesScreenshot: true, unexpectedAlertBehaviour: , unhandledPromptBehavior: , version: 71.0.3578.98, webStorageEnabled: true}
Session ID: 8dc10a0f4f237c982018bd236d3ad2c0)
	at com.kms.katalon.core.keyword.internal.KeywordMain.stepFailed(KeywordMain.groovy:32)
	at com.kms.katalon.core.webui.keyword.internal.WebUIKeywordMain.stepFailed(WebUIKeywordMain.groovy:65)
	at com.kms.katalon.core.webui.keyword.internal.WebUIKeywordMain.runKeyword(WebUIKeywordMain.groovy:27)
	at com.kms.katalon.core.webui.keyword.builtin.ClickKeyword.click(ClickKeyword.groovy:86)
	at com.kms.katalon.core.webui.keyword.builtin.ClickKeyword.execute(ClickKeyword.groovy:67)
	at com.kms.katalon.core.keyword.internal.KeywordExecutor.executeKeywordForPlatform(KeywordExecutor.groovy:53)
	at com.kms.katalon.core.webui.keyword.WebUiBuiltInKeywords.click(WebUiBuiltInKeywords.groovy:616)
	at com.kms.katalon.core.webui.keyword.WebUiBuiltInKeywords$click$3.call(Unknown Source)
	at IDEA_ADD_TEMPLATE.run(IDEA_ADD_TEMPLATE:29)
	at com.kms.katalon.core.main.ScriptEngine.run(ScriptEngine.java:194)
	at com.kms.katalon.core.main.ScriptEngine.runScriptAsRawText(ScriptEngine.java:119)
	at com.kms.katalon.core.main.TestCaseExecutor.runScript(TestCaseExecutor.java:328)
	at com.kms.katalon.core.main.TestCaseExecutor.doExecute(TestCaseExecutor.java:319)
	at com.kms.katalon.core.main.TestCaseExecutor.processExecutionPhase(TestCaseExecutor.java:298)
	at com.kms.katalon.core.main.TestCaseExecutor.accessMainPhase(TestCaseExecutor.java:290)
	at com.kms.katalon.core.main.TestCaseExecutor.execute(TestCaseExecutor.java:224)
	at com.kms.katalon.core.main.TestCaseMain.runTestCase(TestCaseMain.java:106)
	at com.kms.katalon.core.keyword.builtin.CallTestCaseKeyword$_callTestCase_closure1.doCall(CallTestCaseKeyword.groovy:59)
	at com.kms.katalon.core.keyword.builtin.CallTestCaseKeyword$_callTestCase_closure1.call(CallTestCaseKeyword.groovy)
	at com.kms.katalon.core.keyword.internal.KeywordMain.runKeyword(KeywordMain.groovy:54)
	at com.kms.katalon.core.keyword.builtin.CallTestCaseKeyword.callTestCase(CallTestCaseKeyword.groovy:80)
	at com.kms.katalon.core.keyword.builtin.CallTestCaseKeyword.execute(CallTestCaseKeyword.groovy:44)
	at com.kms.katalon.core.keyword.internal.KeywordExecutor.executeKeywordForPlatform(KeywordExecutor.groovy:53)
	at com.kms.katalon.core.keyword.BuiltinKeywords.callTestCase(BuiltinKeywords.groovy:334)
	at VALIDATE IF USER CAN ADD NEW IDEA WITH RELATED TOPICS.run(VALIDATE IF USER CAN ADD NEW IDEA WITH RELATED TOPICS:18)
	at com.kms.katalon.core.main.ScriptEngine.run(ScriptEngine.java:194)
	at com.kms.katalon.core.main.ScriptEngine.runScriptAsRawText(ScriptEngine.java:119)
	at com.kms.katalon.core.main.TestCaseExecutor.runScript(TestCaseExecutor.java:328)
	at com.kms.katalon.core.main.TestCaseExecutor.doExecute(TestCaseExecutor.java:319)
	at com.kms.katalon.core.main.TestCaseExecutor.processExecutionPhase(TestCaseExecutor.java:298)
	at com.kms.katalon.core.main.TestCaseExecutor.accessMainPhase(TestCaseExecutor.java:290)
	at com.kms.katalon.core.main.TestCaseExecutor.execute(TestCaseExecutor.java:224)
	at com.kms.katalon.core.main.TestSuiteExecutor.accessTestCaseMainPhase(TestSuiteExecutor.java:129)
	at com.kms.katalon.core.main.TestSuiteExecutor.accessTestSuiteMainPhase(TestSuiteExecutor.java:112)
	at com.kms.katalon.core.main.TestSuiteExecutor.execute(TestSuiteExecutor.java:81)
	at com.kms.katalon.core.main.TestCaseMain.startTestSuite(TestCaseMain.java:149)
	at com.kms.katalon.core.main.TestCaseMain$startTestSuite$0.call(Unknown Source)
	at TempTestSuite1548989524436.run(TempTestSuite1548989524436.groovy:36)
"/>
         <system-out><![CDATA[2019-02-01 10:52:06 - [TEST_CASE][FAILED] - Test Cases/REGRESSION_SUITE/IDEATION/IDEA/VALIDATE IF USER CAN ADD NEW IDEA WITH RELATED TOPICS: Test Cases/REGRESSION_SUITE/IDEATION/IDEA/VALIDATE IF USER CAN ADD NEW IDEA WITH RELATED TOPICS FAILED.
Reason:
com.kms.katalon.core.exception.StepFailedException: Unable to click on object 'Object Repository/IDEATION/TABS/IDEAS_TAB' (Root cause: org.openqa.selenium.WebDriverException: unknown error: Element <a _ngcontent-c50="" class="nav-link" href="/ideation/..." routerlink="/ideation/ideas" routerlinkactive="active">ideas</a> is not clickable at point (299, 66). Other element would receive the click: <div _ngcontent-c5="" class="navbar-title navbar-dark collapse navbar-collapse" id="navbarTogglerDemo02">...</div>
  (Session info: chrome=71.0.3578.98)
  (Driver info: chromedriver=2.43.600210 (68dcf5eebde37173d4027fa8635e332711d2874a),platform=Windows NT 10.0.14393 x86_64) (WARNING: The server did not provide any stacktrace information)
Command duration or timeout: 0 milliseconds
Build info: version: '3.7.1', revision: '8a0099a', time: '2017-11-06T21:07:36.161Z'
System info: host: 'YSPC-STRATAPPQA', ip: '192.168.56.1', os.name: 'Windows 10', os.arch: 'amd64', os.version: '10.0', java.version: '1.8.0_102'
Driver info: com.kms.katalon.selenium.driver.CChromeDriver
Capabilities {acceptInsecureCerts: false, acceptSslCerts: false, applicationCacheEnabled: false, browserConnectionEnabled: false, browserName: chrome, chrome: {chromedriverVersion: 2.43.600210 (68dcf5eebde371..., userDataDir: C:\Users\JOHNSE~1\AppData\L...}, cssSelectorsEnabled: true, databaseEnabled: false, goog:chromeOptions: {debuggerAddress: localhost:42239}, handlesAlerts: true, hasTouchScreen: false, javascriptEnabled: true, locationContextEnabled: true, mobileEmulationEnabled: false, nativeEvents: true, networkConnectionEnabled: false, pageLoadStrategy: normal, platform: XP, platformName: XP, rotatable: false, setWindowRect: true, takesHeapSnapshot: true, takesScreenshot: true, unexpectedAlertBehaviour: , unhandledPromptBehavior: , version: 71.0.3578.98, webStorageEnabled: true}
Session ID: 8dc10a0f4f237c982018bd236d3ad2c0)
	at com.kms.katalon.core.keyword.internal.KeywordMain.stepFailed(KeywordMain.groovy:32)
	at com.kms.katalon.core.webui.keyword.internal.WebUIKeywordMain.stepFailed(WebUIKeywordMain.groovy:65)
	at com.kms.katalon.core.webui.keyword.internal.WebUIKeywordMain.runKeyword(WebUIKeywordMain.groovy:27)
	at com.kms.katalon.core.webui.keyword.builtin.ClickKeyword.click(ClickKeyword.groovy:86)
	at com.kms.katalon.core.webui.keyword.builtin.ClickKeyword.execute(ClickKeyword.groovy:67)
	at com.kms.katalon.core.keyword.internal.KeywordExecutor.executeKeywordForPlatform(KeywordExecutor.groovy:53)
	at com.kms.katalon.core.webui.keyword.WebUiBuiltInKeywords.click(WebUiBuiltInKeywords.groovy:616)
	at com.kms.katalon.core.webui.keyword.WebUiBuiltInKeywords$click$3.call(Unknown Source)
	at IDEA_ADD_TEMPLATE.run(IDEA_ADD_TEMPLATE:29)
	at com.kms.katalon.core.main.ScriptEngine.run(ScriptEngine.java:194)
	at com.kms.katalon.core.main.ScriptEngine.runScriptAsRawText(ScriptEngine.java:119)
	at com.kms.katalon.core.main.TestCaseExecutor.runScript(TestCaseExecutor.java:328)
	at com.kms.katalon.core.main.TestCaseExecutor.doExecute(TestCaseExecutor.java:319)
	at com.kms.katalon.core.main.TestCaseExecutor.processExecutionPhase(TestCaseExecutor.java:298)
	at com.kms.katalon.core.main.TestCaseExecutor.accessMainPhase(TestCaseExecutor.java:290)
	at com.kms.katalon.core.main.TestCaseExecutor.execute(TestCaseExecutor.java:224)
	at com.kms.katalon.core.main.TestCaseMain.runTestCase(TestCaseMain.java:106)
	at com.kms.katalon.core.keyword.builtin.CallTestCaseKeyword$_callTestCase_closure1.doCall(CallTestCaseKeyword.groovy:59)
	at com.kms.katalon.core.keyword.builtin.CallTestCaseKeyword$_callTestCase_closure1.call(CallTestCaseKeyword.groovy)
	at com.kms.katalon.core.keyword.internal.KeywordMain.runKeyword(KeywordMain.groovy:54)
	at com.kms.katalon.core.keyword.builtin.CallTestCaseKeyword.callTestCase(CallTestCaseKeyword.groovy:80)
	at com.kms.katalon.core.keyword.builtin.CallTestCaseKeyword.execute(CallTestCaseKeyword.groovy:44)
	at com.kms.katalon.core.keyword.internal.KeywordExecutor.executeKeywordForPlatform(KeywordExecutor.groovy:53)
	at com.kms.katalon.core.keyword.BuiltinKeywords.callTestCase(BuiltinKeywords.groovy:334)
	at VALIDATE IF USER CAN ADD NEW IDEA WITH RELATED TOPICS.run(VALIDATE IF USER CAN ADD NEW IDEA WITH RELATED TOPICS:18)
	at com.kms.katalon.core.main.ScriptEngine.run(ScriptEngine.java:194)
	at com.kms.katalon.core.main.ScriptEngine.runScriptAsRawText(ScriptEngine.java:119)
	at com.kms.katalon.core.main.TestCaseExecutor.runScript(TestCaseExecutor.java:328)
	at com.kms.katalon.core.main.TestCaseExecutor.doExecute(TestCaseExecutor.java:319)
	at com.kms.katalon.core.main.TestCaseExecutor.processExecutionPhase(TestCaseExecutor.java:298)
	at com.kms.katalon.core.main.TestCaseExecutor.accessMainPhase(TestCaseExecutor.java:290)
	at com.kms.katalon.core.main.TestCaseExecutor.execute(TestCaseExecutor.java:224)
	at com.kms.katalon.core.main.TestSuiteExecutor.accessTestCaseMainPhase(TestSuiteExecutor.java:129)
	at com.kms.katalon.core.main.TestSuiteExecutor.accessTestSuiteMainPhase(TestSuiteExecutor.java:112)
	at com.kms.katalon.core.main.TestSuiteExecutor.execute(TestSuiteExecutor.java:81)
	at com.kms.katalon.core.main.TestCaseMain.startTestSuite(TestCaseMain.java:149)
	at com.kms.katalon.core.main.TestCaseMain$startTestSuite$0.call(Unknown Source)
	at TempTestSuite1548989524436.run(TempTestSuite1548989524436.groovy:36)


2019-02-01 10:52:06 - [TEST_STEP][PASSED] - callTestCase(findTestCase("TEMPLATES/LOGIN/LOGIN_TEMPLATE"), ["isAccountLabel":false], CONTINUE_ON_FAILURE): Call Test Case 'Test Cases/TEMPLATES/LOGIN/LOGIN_TEMPLATE' successfully

2019-02-01 10:52:06 - [TEST_CASE][PASSED] - Test Cases/TEMPLATES/LOGIN/LOGIN_TEMPLATE: Test Cases/TEMPLATES/LOGIN/LOGIN_TEMPLATE

2019-02-01 10:52:06 - [TEST_STEP][PASSED] - openBrowser("https://app.stratapp.ai/"): Browser is opened with url: 'https://app.stratapp.ai/'

2019-02-01 10:52:06 - [MESSAGE][INFO] - Starting 'Chrome' driver

2019-02-01 10:52:06 - [MESSAGE][INFO] - Action delay is set to 0 seconds

2019-02-01 10:52:13 - [MESSAGE][PASSED] - Browser is opened with url: 'https://app.stratapp.ai/'

2019-02-01 10:52:13 - [TEST_STEP][PASSED] - maximizeWindow(): Current window maximized

2019-02-01 10:52:14 - [MESSAGE][PASSED] - Current window maximized

2019-02-01 10:52:14 - [TEST_STEP][PASSED] - waitForElementPresent(findTestObject("LOGIN/EMAIL_ADD_TEXTFIELD"), 60): Object 'Object Repository/LOGIN/EMAIL_ADD_TEXTFIELD' is present

2019-02-01 10:52:14 - [MESSAGE][PASSED] - Object 'Object Repository/LOGIN/EMAIL_ADD_TEXTFIELD' is present

2019-02-01 10:52:14 - [TEST_STEP][PASSED] - setText(findTestObject("LOGIN/EMAIL_ADD_TEXTFIELD"), "noreply@you-source.com"): Text 'noreply@you-source.com' is set on object 'Object Repository/LOGIN/EMAIL_ADD_TEXTFIELD'

2019-02-01 10:52:14 - [MESSAGE][PASSED] - Text 'noreply@you-source.com' is set on object 'Object Repository/LOGIN/EMAIL_ADD_TEXTFIELD'

2019-02-01 10:52:14 - [TEST_STEP][PASSED] - click(findTestObject("LOGIN/NEXT_BUTTON")): Object: 'Object Repository/LOGIN/NEXT_BUTTON' is clicked on

2019-02-01 10:52:14 - [MESSAGE][PASSED] - Object: 'Object Repository/LOGIN/NEXT_BUTTON' is clicked on

2019-02-01 10:52:14 - [TEST_STEP][PASSED] - isGoogle = verifyElementPresent(findTestObject("LOGIN/GOOGLE_LABEL"), 60): Object 'Object Repository/LOGIN/GOOGLE_LABEL' is present

2019-02-01 10:52:15 - [MESSAGE][PASSED] - Object 'Object Repository/LOGIN/GOOGLE_LABEL' is present

2019-02-01 10:52:15 - [TEST_STEP][PASSED] - if (isGoogle): Object: 'Object Repository/LOGIN/GOOGLE_SIGNIN_BUTTON' is clicked on

2019-02-01 10:52:15 - [TEST_STEP][PASSED] - setText(findTestObject("LOGIN/GOOGLE_EMAIL_TEXTFIELD"), "noreply@you-source.com"): Text 'noreply@you-source.com' is set on object 'Object Repository/LOGIN/GOOGLE_EMAIL_TEXTFIELD'

2019-02-01 10:52:15 - [MESSAGE][PASSED] - Text 'noreply@you-source.com' is set on object 'Object Repository/LOGIN/GOOGLE_EMAIL_TEXTFIELD'

2019-02-01 10:52:15 - [TEST_STEP][PASSED] - click(findTestObject("LOGIN/GOOGLE_NEXT_BUTTON")): Object: 'Object Repository/LOGIN/GOOGLE_NEXT_BUTTON' is clicked on

2019-02-01 10:52:16 - [MESSAGE][PASSED] - Object: 'Object Repository/LOGIN/GOOGLE_NEXT_BUTTON' is clicked on

2019-02-01 10:52:16 - [TEST_STEP][PASSED] - setText(findTestObject("LOGIN/GOOGLE_PASSWORD_TEXTFIELD"), "yousource321"): Text 'yousource321' is set on object 'Object Repository/LOGIN/GOOGLE_PASSWORD_TEXTFIELD'

2019-02-01 10:52:16 - [MESSAGE][PASSED] - Text 'yousource321' is set on object 'Object Repository/LOGIN/GOOGLE_PASSWORD_TEXTFIELD'

2019-02-01 10:52:16 - [TEST_STEP][PASSED] - click(findTestObject("LOGIN/GOOGLE_SIGNIN_BUTTON")): Object: 'Object Repository/LOGIN/GOOGLE_SIGNIN_BUTTON' is clicked on

2019-02-01 10:52:20 - [MESSAGE][PASSED] - Object: 'Object Repository/LOGIN/GOOGLE_SIGNIN_BUTTON' is clicked on

2019-02-01 10:52:20 - [TEST_STEP][PASSED] - waitForElementPresent(findTestObject("HOME/HEADLINES_TAB"), 60): Object 'Object Repository/HOME/HEADLINES_TAB' is present

2019-02-01 10:52:20 - [MESSAGE][PASSED] - Object 'Object Repository/HOME/HEADLINES_TAB' is present

2019-02-01 10:52:20 - [TEST_STEP][PASSED] - stratapp.Login.GetUserName(): stratapp.Login.GetUserName is PASSED

2019-02-01 10:52:20 - [MESSAGE][INFO] - User JSON {"firstName":"No","lastName":"Reply","fullName":"No Reply","tenantId":"f385ee6b-2a69-4463-9fc8-01259f2c5c03","userId":"37c0108d-8dbd-46cd-aeeb-ca484d1d8c22","role":["PeopleAdmin","StrategyAdmin","IdeationAdmin","HeadlinesAdmin","HRAdmin","BillingAdmin","Admin","SuperAdmin"]}

2019-02-01 10:52:20 - [MESSAGE][INFO] - Full Name: No Reply

2019-02-01 10:52:20 - [MESSAGE][PASSED] - stratapp.Login.GetUserName is PASSED

2019-02-01 10:52:20 - [MESSAGE][PASSED] - Call Test Case 'Test Cases/TEMPLATES/LOGIN/LOGIN_TEMPLATE' successfully

2019-02-01 10:52:20 - [TEST_STEP][FAILED] - callTestCase(findTestCase("TEMPLATES/IDEATION/IDEA/IDEA_ADD_TEMPLATE"), [:], CONTINUE_ON_FAILURE): Unable to call Test Case 'Test Cases/TEMPLATES/IDEATION/IDEA/IDEA_ADD_TEMPLATE' (Root cause: com.kms.katalon.core.exception.StepFailedException: Call Test Case 'Test Cases/TEMPLATES/IDEATION/IDEA/IDEA_ADD_TEMPLATE' failed)

2019-02-01 10:52:21 - [TEST_CASE][FAILED] - Test Cases/TEMPLATES/IDEATION/IDEA/IDEA_ADD_TEMPLATE: Test Cases/TEMPLATES/IDEATION/IDEA/IDEA_ADD_TEMPLATE FAILED.
Reason:
com.kms.katalon.core.exception.StepFailedException: Unable to click on object 'Object Repository/IDEATION/TABS/IDEAS_TAB' (Root cause: org.openqa.selenium.WebDriverException: unknown error: Element <a _ngcontent-c50="" class="nav-link" href="/ideation/..." routerlink="/ideation/ideas" routerlinkactive="active">ideas</a> is not clickable at point (299, 66). Other element would receive the click: <div _ngcontent-c5="" class="navbar-title navbar-dark collapse navbar-collapse" id="navbarTogglerDemo02">...</div>
  (Session info: chrome=71.0.3578.98)
  (Driver info: chromedriver=2.43.600210 (68dcf5eebde37173d4027fa8635e332711d2874a),platform=Windows NT 10.0.14393 x86_64) (WARNING: The server did not provide any stacktrace information)
Command duration or timeout: 0 milliseconds
Build info: version: '3.7.1', revision: '8a0099a', time: '2017-11-06T21:07:36.161Z'
System info: host: 'YSPC-STRATAPPQA', ip: '192.168.56.1', os.name: 'Windows 10', os.arch: 'amd64', os.version: '10.0', java.version: '1.8.0_102'
Driver info: com.kms.katalon.selenium.driver.CChromeDriver
Capabilities {acceptInsecureCerts: false, acceptSslCerts: false, applicationCacheEnabled: false, browserConnectionEnabled: false, browserName: chrome, chrome: {chromedriverVersion: 2.43.600210 (68dcf5eebde371..., userDataDir: C:\Users\JOHNSE~1\AppData\L...}, cssSelectorsEnabled: true, databaseEnabled: false, goog:chromeOptions: {debuggerAddress: localhost:42239}, handlesAlerts: true, hasTouchScreen: false, javascriptEnabled: true, locationContextEnabled: true, mobileEmulationEnabled: false, nativeEvents: true, networkConnectionEnabled: false, pageLoadStrategy: normal, platform: XP, platformName: XP, rotatable: false, setWindowRect: true, takesHeapSnapshot: true, takesScreenshot: true, unexpectedAlertBehaviour: , unhandledPromptBehavior: , version: 71.0.3578.98, webStorageEnabled: true}
Session ID: 8dc10a0f4f237c982018bd236d3ad2c0)
	at com.kms.katalon.core.keyword.internal.KeywordMain.stepFailed(KeywordMain.groovy:32)
	at com.kms.katalon.core.webui.keyword.internal.WebUIKeywordMain.stepFailed(WebUIKeywordMain.groovy:65)
	at com.kms.katalon.core.webui.keyword.internal.WebUIKeywordMain.runKeyword(WebUIKeywordMain.groovy:27)
	at com.kms.katalon.core.webui.keyword.builtin.ClickKeyword.click(ClickKeyword.groovy:86)
	at com.kms.katalon.core.webui.keyword.builtin.ClickKeyword.execute(ClickKeyword.groovy:67)
	at com.kms.katalon.core.keyword.internal.KeywordExecutor.executeKeywordForPlatform(KeywordExecutor.groovy:53)
	at com.kms.katalon.core.webui.keyword.WebUiBuiltInKeywords.click(WebUiBuiltInKeywords.groovy:616)
	at com.kms.katalon.core.webui.keyword.WebUiBuiltInKeywords$click$3.call(Unknown Source)
	at IDEA_ADD_TEMPLATE.run(IDEA_ADD_TEMPLATE:29)
	at com.kms.katalon.core.main.ScriptEngine.run(ScriptEngine.java:194)
	at com.kms.katalon.core.main.ScriptEngine.runScriptAsRawText(ScriptEngine.java:119)
	at com.kms.katalon.core.main.TestCaseExecutor.runScript(TestCaseExecutor.java:328)
	at com.kms.katalon.core.main.TestCaseExecutor.doExecute(TestCaseExecutor.java:319)
	at com.kms.katalon.core.main.TestCaseExecutor.processExecutionPhase(TestCaseExecutor.java:298)
	at com.kms.katalon.core.main.TestCaseExecutor.accessMainPhase(TestCaseExecutor.java:290)
	at com.kms.katalon.core.main.TestCaseExecutor.execute(TestCaseExecutor.java:224)
	at com.kms.katalon.core.main.TestCaseMain.runTestCase(TestCaseMain.java:106)
	at com.kms.katalon.core.keyword.builtin.CallTestCaseKeyword$_callTestCase_closure1.doCall(CallTestCaseKeyword.groovy:59)
	at com.kms.katalon.core.keyword.builtin.CallTestCaseKeyword$_callTestCase_closure1.call(CallTestCaseKeyword.groovy)
	at com.kms.katalon.core.keyword.internal.KeywordMain.runKeyword(KeywordMain.groovy:54)
	at com.kms.katalon.core.keyword.builtin.CallTestCaseKeyword.callTestCase(CallTestCaseKeyword.groovy:80)
	at com.kms.katalon.core.keyword.builtin.CallTestCaseKeyword.execute(CallTestCaseKeyword.groovy:44)
	at com.kms.katalon.core.keyword.internal.KeywordExecutor.executeKeywordForPlatform(KeywordExecutor.groovy:53)
	at com.kms.katalon.core.keyword.BuiltinKeywords.callTestCase(BuiltinKeywords.groovy:334)
	at VALIDATE IF USER CAN ADD NEW IDEA WITH RELATED TOPICS.run(VALIDATE IF USER CAN ADD NEW IDEA WITH RELATED TOPICS:18)
	at com.kms.katalon.core.main.ScriptEngine.run(ScriptEngine.java:194)
	at com.kms.katalon.core.main.ScriptEngine.runScriptAsRawText(ScriptEngine.java:119)
	at com.kms.katalon.core.main.TestCaseExecutor.runScript(TestCaseExecutor.java:328)
	at com.kms.katalon.core.main.TestCaseExecutor.doExecute(TestCaseExecutor.java:319)
	at com.kms.katalon.core.main.TestCaseExecutor.processExecutionPhase(TestCaseExecutor.java:298)
	at com.kms.katalon.core.main.TestCaseExecutor.accessMainPhase(TestCaseExecutor.java:290)
	at com.kms.katalon.core.main.TestCaseExecutor.execute(TestCaseExecutor.java:224)
	at com.kms.katalon.core.main.TestSuiteExecutor.accessTestCaseMainPhase(TestSuiteExecutor.java:129)
	at com.kms.katalon.core.main.TestSuiteExecutor.accessTestSuiteMainPhase(TestSuiteExecutor.java:112)
	at com.kms.katalon.core.main.TestSuiteExecutor.execute(TestSuiteExecutor.java:81)
	at com.kms.katalon.core.main.TestCaseMain.startTestSuite(TestCaseMain.java:149)
	at com.kms.katalon.core.main.TestCaseMain$startTestSuite$0.call(Unknown Source)
	at TempTestSuite1548989524436.run(TempTestSuite1548989524436.groovy:36)


2019-02-01 10:52:21 - [TEST_STEP][PASSED] - waitForElementPresent(findTestObject("MENU/IDEATION_TAB"), 60): Object 'Object Repository/MENU/IDEATION_TAB' is present

2019-02-01 10:52:21 - [MESSAGE][PASSED] - Object 'Object Repository/MENU/IDEATION_TAB' is present

2019-02-01 10:52:21 - [TEST_STEP][PASSED] - mouseOver(findTestObject("MENU/IDEATION_TAB"), STOP_ON_FAILURE): Object: 'Object Repository/MENU/IDEATION_TAB' is hovered

2019-02-01 10:52:21 - [MESSAGE][PASSED] - Object: 'Object Repository/MENU/IDEATION_TAB' is hovered

2019-02-01 10:52:21 - [TEST_STEP][PASSED] - click(findTestObject("MENU/IDEATION_TAB")): Object: 'Object Repository/MENU/IDEATION_TAB' is clicked on

2019-02-01 10:52:21 - [MESSAGE][PASSED] - Object: 'Object Repository/MENU/IDEATION_TAB' is clicked on

2019-02-01 10:52:21 - [TEST_STEP][PASSED] - waitForElementPresent(findTestObject("IDEATION/TABS/IDEAS_TAB"), 60): Object 'Object Repository/IDEATION/TABS/IDEAS_TAB' is present

2019-02-01 10:52:22 - [MESSAGE][PASSED] - Object 'Object Repository/IDEATION/TABS/IDEAS_TAB' is present

2019-02-01 10:52:22 - [TEST_STEP][PASSED] - mouseOver(findTestObject("IDEATION/TABS/IDEAS_TAB"), STOP_ON_FAILURE): Object: 'Object Repository/IDEATION/TABS/IDEAS_TAB' is hovered

2019-02-01 10:52:22 - [MESSAGE][PASSED] - Object: 'Object Repository/IDEATION/TABS/IDEAS_TAB' is hovered

2019-02-01 10:52:22 - [TEST_STEP][FAILED] - click(findTestObject("IDEATION/TABS/IDEAS_TAB")): Unable to click on object 'Object Repository/IDEATION/TABS/IDEAS_TAB' (Root cause: org.openqa.selenium.WebDriverException: unknown error: Element <a _ngcontent-c50="" class="nav-link" href="/ideation/..." routerlink="/ideation/ideas" routerlinkactive="active">ideas</a> is not clickable at point (299, 66). Other element would receive the click: <div _ngcontent-c5="" class="navbar-title navbar-dark collapse navbar-collapse" id="navbarTogglerDemo02">...</div>
  (Session info: chrome=71.0.3578.98)
  (Driver info: chromedriver=2.43.600210 (68dcf5eebde37173d4027fa8635e332711d2874a),platform=Windows NT 10.0.14393 x86_64) (WARNING: The server did not provide any stacktrace information)
Command duration or timeout: 0 milliseconds
Build info: version: '3.7.1', revision: '8a0099a', time: '2017-11-06T21:07:36.161Z'
System info: host: 'YSPC-STRATAPPQA', ip: '192.168.56.1', os.name: 'Windows 10', os.arch: 'amd64', os.version: '10.0', java.version: '1.8.0_102'
Driver info: com.kms.katalon.selenium.driver.CChromeDriver
Capabilities {acceptInsecureCerts: false, acceptSslCerts: false, applicationCacheEnabled: false, browserConnectionEnabled: false, browserName: chrome, chrome: {chromedriverVersion: 2.43.600210 (68dcf5eebde371..., userDataDir: C:\Users\JOHNSE~1\AppData\L...}, cssSelectorsEnabled: true, databaseEnabled: false, goog:chromeOptions: {debuggerAddress: localhost:42239}, handlesAlerts: true, hasTouchScreen: false, javascriptEnabled: true, locationContextEnabled: true, mobileEmulationEnabled: false, nativeEvents: true, networkConnectionEnabled: false, pageLoadStrategy: normal, platform: XP, platformName: XP, rotatable: false, setWindowRect: true, takesHeapSnapshot: true, takesScreenshot: true, unexpectedAlertBehaviour: , unhandledPromptBehavior: , version: 71.0.3578.98, webStorageEnabled: true}
Session ID: 8dc10a0f4f237c982018bd236d3ad2c0)

2019-02-01 10:52:22 - [MESSAGE][FAILED] - Unable to click on object 'Object Repository/IDEATION/TABS/IDEAS_TAB' (Root cause: org.openqa.selenium.WebDriverException: unknown error: Element <a _ngcontent-c50="" class="nav-link" href="/ideation/..." routerlink="/ideation/ideas" routerlinkactive="active">ideas</a> is not clickable at point (299, 66). Other element would receive the click: <div _ngcontent-c5="" class="navbar-title navbar-dark collapse navbar-collapse" id="navbarTogglerDemo02">...</div>
  (Session info: chrome=71.0.3578.98)
  (Driver info: chromedriver=2.43.600210 (68dcf5eebde37173d4027fa8635e332711d2874a),platform=Windows NT 10.0.14393 x86_64) (WARNING: The server did not provide any stacktrace information)
Command duration or timeout: 0 milliseconds
Build info: version: '3.7.1', revision: '8a0099a', time: '2017-11-06T21:07:36.161Z'
System info: host: 'YSPC-STRATAPPQA', ip: '192.168.56.1', os.name: 'Windows 10', os.arch: 'amd64', os.version: '10.0', java.version: '1.8.0_102'
Driver info: com.kms.katalon.selenium.driver.CChromeDriver
Capabilities {acceptInsecureCerts: false, acceptSslCerts: false, applicationCacheEnabled: false, browserConnectionEnabled: false, browserName: chrome, chrome: {chromedriverVersion: 2.43.600210 (68dcf5eebde371..., userDataDir: C:\Users\JOHNSE~1\AppData\L...}, cssSelectorsEnabled: true, databaseEnabled: false, goog:chromeOptions: {debuggerAddress: localhost:42239}, handlesAlerts: true, hasTouchScreen: false, javascriptEnabled: true, locationContextEnabled: true, mobileEmulationEnabled: false, nativeEvents: true, networkConnectionEnabled: false, pageLoadStrategy: normal, platform: XP, platformName: XP, rotatable: false, setWindowRect: true, takesHeapSnapshot: true, takesScreenshot: true, unexpectedAlertBehaviour: , unhandledPromptBehavior: , version: 71.0.3578.98, webStorageEnabled: true}
Session ID: 8dc10a0f4f237c982018bd236d3ad2c0)
[[ATTACHMENT|C:\\Users\\JohnSeigfredManzanar\\Katalon Studio\\StratApp\\Reports\\test\\20190201_105159\\1548989542128.png]]

2019-02-01 10:52:22 - [TEST_STEP][PASSED] - waitForElementPresent(findTestObject("IDEATION/IDEAS/LV_PLUS_SIGN_BUTTON"), 60): Object 'Object Repository/IDEATION/IDEAS/LV_PLUS_SIGN_BUTTON' is present

2019-02-01 10:52:28 - [MESSAGE][PASSED] - Object 'Object Repository/IDEATION/IDEAS/LV_PLUS_SIGN_BUTTON' is present

2019-02-01 10:52:28 - [TEST_STEP][PASSED] - click(findTestObject("IDEATION/IDEAS/LV_PLUS_SIGN_BUTTON")): Object: 'Object Repository/IDEATION/IDEAS/LV_PLUS_SIGN_BUTTON' is clicked on

2019-02-01 10:52:28 - [MESSAGE][PASSED] - Object: 'Object Repository/IDEATION/IDEAS/LV_PLUS_SIGN_BUTTON' is clicked on

2019-02-01 10:52:28 - [TEST_STEP][PASSED] - click(findTestObject("IDEATION/IDEAS/LV_ADD_IDEA_BUTTON")): Object: 'Object Repository/IDEATION/IDEAS/LV_ADD_IDEA_BUTTON' is clicked on

2019-02-01 10:52:29 - [MESSAGE][PASSED] - Object: 'Object Repository/IDEATION/IDEAS/LV_ADD_IDEA_BUTTON' is clicked on

2019-02-01 10:52:29 - [TEST_STEP][PASSED] - setText(findTestObject("IDEATION/IDEAS/OC_TITLE_TEXTFIELD"), "Katalon Test"): Text 'Katalon Test' is set on object 'Object Repository/IDEATION/IDEAS/OC_TITLE_TEXTFIELD'

2019-02-01 10:52:29 - [MESSAGE][PASSED] - Text 'Katalon Test' is set on object 'Object Repository/IDEATION/IDEAS/OC_TITLE_TEXTFIELD'

2019-02-01 10:52:29 - [TEST_STEP][PASSED] - sendKeys(findTestObject("IDEATION/IDEAS/OC_TITLE_TEXTFIELD"), Keys.chord(TAB)): Keys 'TAB + ' sent to object: 'Object Repository/IDEATION/IDEAS/OC_TITLE_TEXTFIELD'

2019-02-01 10:52:29 - [MESSAGE][PASSED] - Keys 'TAB + ' sent to object: 'Object Repository/IDEATION/IDEAS/OC_TITLE_TEXTFIELD'

2019-02-01 10:52:29 - [TEST_STEP][PASSED] - waitForElementVisible(findTestObject("IDEATION/IDEAS/OC_STATUS_FIELD"), 0): Object 'Object Repository/IDEATION/IDEAS/OC_STATUS_FIELD' is visible

2019-02-01 10:52:29 - [MESSAGE][WARNING] - Timeout '0' is invalid. Using default page load timeout: '30'

2019-02-01 10:52:29 - [MESSAGE][PASSED] - Object 'Object Repository/IDEATION/IDEAS/OC_STATUS_FIELD' is visible

2019-02-01 10:52:29 - [TEST_STEP][PASSED] - mouseOver(findTestObject("IDEATION/IDEAS/OC_STATUS_FIELD")): Object: 'Object Repository/IDEATION/IDEAS/OC_STATUS_FIELD' is hovered

2019-02-01 10:52:29 - [MESSAGE][PASSED] - Object: 'Object Repository/IDEATION/IDEAS/OC_STATUS_FIELD' is hovered

2019-02-01 10:52:29 - [TEST_STEP][PASSED] - click(findTestObject("IDEATION/IDEAS/OC_STATUS_FIELD")): Object: 'Object Repository/IDEATION/IDEAS/OC_STATUS_FIELD' is clicked on

2019-02-01 10:52:30 - [MESSAGE][PASSED] - Object: 'Object Repository/IDEATION/IDEAS/OC_STATUS_FIELD' is clicked on

2019-02-01 10:52:30 - [TEST_STEP][PASSED] - waitForElementVisible(findTestObject("IDEATION/IDEAS/OC_STATUS_DROPDOWN"), 60): Object 'Object Repository/IDEATION/IDEAS/OC_STATUS_DROPDOWN' is visible

2019-02-01 10:52:30 - [MESSAGE][PASSED] - Object 'Object Repository/IDEATION/IDEAS/OC_STATUS_DROPDOWN' is visible

2019-02-01 10:52:30 - [TEST_STEP][PASSED] - stratapp.Dropdown.Select(findTestObject("IDEATION/IDEAS/OC_STATUS_DROPDOWN"), "deferred"): stratapp.Dropdown.Select is PASSED

2019-02-01 10:52:30 - [MESSAGE][INFO] - deferred is not part of dropdown list

2019-02-01 10:52:30 - [MESSAGE][PASSED] - stratapp.Dropdown.Select is PASSED

2019-02-01 10:52:30 - [TEST_STEP][PASSED] - mouseOver(findTestObject("IDEATION/IDEAS/OC_IMPORTANCE_FIELD")): Object: 'Object Repository/IDEATION/IDEAS/OC_IMPORTANCE_FIELD' is hovered

2019-02-01 10:52:30 - [MESSAGE][PASSED] - Object: 'Object Repository/IDEATION/IDEAS/OC_IMPORTANCE_FIELD' is hovered

2019-02-01 10:52:30 - [TEST_STEP][PASSED] - click(findTestObject("IDEATION/IDEAS/OC_IMPORTANCE_FIELD")): Object: 'Object Repository/IDEATION/IDEAS/OC_IMPORTANCE_FIELD' is clicked on

2019-02-01 10:52:30 - [MESSAGE][PASSED] - Object: 'Object Repository/IDEATION/IDEAS/OC_IMPORTANCE_FIELD' is clicked on

2019-02-01 10:52:30 - [TEST_STEP][PASSED] - stratapp.Dropdown.Select(findTestObject("IDEATION/IDEAS/OC_IMPORTANCE_DROPDOWN"), "framing"): stratapp.Dropdown.Select is PASSED

2019-02-01 10:52:31 - [MESSAGE][INFO] - framing is not part of dropdown list

2019-02-01 10:52:31 - [MESSAGE][PASSED] - stratapp.Dropdown.Select is PASSED

2019-02-01 10:52:31 - [TEST_STEP][PASSED] - mouseOver(findTestObject("IDEATION/IDEAS/OC_SECURITY_FIELD")): Object: 'Object Repository/IDEATION/IDEAS/OC_SECURITY_FIELD' is hovered

2019-02-01 10:52:31 - [MESSAGE][PASSED] - Object: 'Object Repository/IDEATION/IDEAS/OC_SECURITY_FIELD' is hovered

2019-02-01 10:52:31 - [TEST_STEP][PASSED] - click(findTestObject("IDEATION/IDEAS/OC_SECURITY_FIELD")): Object: 'Object Repository/IDEATION/IDEAS/OC_SECURITY_FIELD' is clicked on

2019-02-01 10:52:31 - [MESSAGE][PASSED] - Object: 'Object Repository/IDEATION/IDEAS/OC_SECURITY_FIELD' is clicked on

2019-02-01 10:52:31 - [TEST_STEP][PASSED] - stratapp.Dropdown.Select(findTestObject("IDEATION/IDEAS/OC_SECURITY_DROPDOWN"), "confidential"): stratapp.Dropdown.Select is PASSED

2019-02-01 10:52:31 - [MESSAGE][INFO] - confidential is not part of dropdown list

2019-02-01 10:52:31 - [MESSAGE][PASSED] - stratapp.Dropdown.Select is PASSED

2019-02-01 10:52:31 - [TEST_STEP][PASSED] - mouseOver(findTestObject("IDEATION/IDEAS/OC_SOURCE_FIELD")): Object: 'Object Repository/IDEATION/IDEAS/OC_SOURCE_FIELD' is hovered

2019-02-01 10:52:31 - [MESSAGE][PASSED] - Object: 'Object Repository/IDEATION/IDEAS/OC_SOURCE_FIELD' is hovered

2019-02-01 10:52:31 - [TEST_STEP][PASSED] - click(findTestObject("IDEATION/IDEAS/OC_SOURCE_FIELD")): Object: 'Object Repository/IDEATION/IDEAS/OC_SOURCE_FIELD' is clicked on

2019-02-01 10:52:31 - [MESSAGE][PASSED] - Object: 'Object Repository/IDEATION/IDEAS/OC_SOURCE_FIELD' is clicked on

2019-02-01 10:52:31 - [TEST_STEP][PASSED] - mouseOver(findTestObject("IDEATION/IDEAS/OC_SOURCE_TYPE_BUTTON")): Object: 'Object Repository/IDEATION/IDEAS/OC_SOURCE_TYPE_BUTTON' is hovered

2019-02-01 10:52:31 - [MESSAGE][PASSED] - Object: 'Object Repository/IDEATION/IDEAS/OC_SOURCE_TYPE_BUTTON' is hovered

2019-02-01 10:52:31 - [TEST_STEP][PASSED] - click(findTestObject("IDEATION/IDEAS/OC_SOURCE_TYPE_BUTTON")): Object: 'Object Repository/IDEATION/IDEAS/OC_SOURCE_TYPE_BUTTON' is clicked on

2019-02-01 10:52:32 - [MESSAGE][PASSED] - Object: 'Object Repository/IDEATION/IDEAS/OC_SOURCE_TYPE_BUTTON' is clicked on

2019-02-01 10:52:32 - [TEST_STEP][PASSED] - waitForElementVisible(findTestObject("IDEATION/IDEAS/OC_STATUS_DROPDOWN"), 60): Object 'Object Repository/IDEATION/IDEAS/OC_STATUS_DROPDOWN' is visible

2019-02-01 10:52:32 - [MESSAGE][PASSED] - Object 'Object Repository/IDEATION/IDEAS/OC_STATUS_DROPDOWN' is visible

2019-02-01 10:52:32 - [TEST_STEP][PASSED] - stratapp.Dropdown.AddSource(findTestObject("IDEATION/IDEAS/OC_SOURCE_DROPDOWN"), "+SG~Functional Regression Tests"): stratapp.Dropdown.AddSource is PASSED

2019-02-01 10:52:32 - [MESSAGE][INFO] -  selected

2019-02-01 10:52:38 - [MESSAGE][PASSED] - Delayed 5 second(s)

2019-02-01 10:52:38 - [MESSAGE][PASSED] - stratapp.Dropdown.AddSource is PASSED

2019-02-01 10:52:38 - [TEST_STEP][PASSED] - mouseOver(findTestObject("IDEATION/LV2 NAV/THE_IDEA_CHALLENGE/OC_ADD_EDIT_CONTENT_BUTTON")): Object: 'Object Repository/IDEATION/LV2 NAV/THE_IDEA_CHALLENGE/OC_ADD_EDIT_CONTENT_BUTTON' is hovered

2019-02-01 10:52:38 - [MESSAGE][PASSED] - Object: 'Object Repository/IDEATION/LV2 NAV/THE_IDEA_CHALLENGE/OC_ADD_EDIT_CONTENT_BUTTON' is hovered

2019-02-01 10:52:38 - [TEST_STEP][PASSED] - click(findTestObject("IDEATION/LV2 NAV/THE_IDEA_CHALLENGE/OC_ADD_EDIT_CONTENT_BUTTON")): Object: 'Object Repository/IDEATION/LV2 NAV/THE_IDEA_CHALLENGE/OC_ADD_EDIT_CONTENT_BUTTON' is clicked on

2019-02-01 10:52:38 - [MESSAGE][PASSED] - Object: 'Object Repository/IDEATION/LV2 NAV/THE_IDEA_CHALLENGE/OC_ADD_EDIT_CONTENT_BUTTON' is clicked on

2019-02-01 10:52:38 - [TEST_STEP][PASSED] - waitForElementVisible(findTestObject("IDEATION/LV2 NAV/THE_IDEA_CHALLENGE/OC_SUMMARY_TEXTAREA"), 60): Object 'Object Repository/IDEATION/LV2 NAV/THE_IDEA_CHALLENGE/OC_SUMMARY_TEXTAREA' is visible

2019-02-01 10:52:38 - [MESSAGE][PASSED] - Object 'Object Repository/IDEATION/LV2 NAV/THE_IDEA_CHALLENGE/OC_SUMMARY_TEXTAREA' is visible

2019-02-01 10:52:38 - [TEST_STEP][PASSED] - mouseOver(findTestObject("IDEATION/LV2 NAV/THE_IDEA_CHALLENGE/OC_SUMMARY_TEXTAREA")): Object: 'Object Repository/IDEATION/LV2 NAV/THE_IDEA_CHALLENGE/OC_SUMMARY_TEXTAREA' is hovered

2019-02-01 10:52:38 - [MESSAGE][PASSED] - Object: 'Object Repository/IDEATION/LV2 NAV/THE_IDEA_CHALLENGE/OC_SUMMARY_TEXTAREA' is hovered

2019-02-01 10:52:38 - [TEST_STEP][PASSED] - click(findTestObject("IDEATION/LV2 NAV/THE_IDEA_CHALLENGE/OC_SUMMARY_TEXTAREA")): Object: 'Object Repository/IDEATION/LV2 NAV/THE_IDEA_CHALLENGE/OC_SUMMARY_TEXTAREA' is clicked on

2019-02-01 10:52:38 - [MESSAGE][PASSED] - Object: 'Object Repository/IDEATION/LV2 NAV/THE_IDEA_CHALLENGE/OC_SUMMARY_TEXTAREA' is clicked on

2019-02-01 10:52:38 - [TEST_STEP][PASSED] - stratapp.NonInput.SendKeys(findTestObject("IDEATION/LV2 NAV/THE_IDEA_CHALLENGE/OC_SUMMARY_TEXTAREA"), "AUTO SUMMARY"): stratapp.NonInput.SendKeys is PASSED

2019-02-01 10:52:39 - [MESSAGE][PASSED] - stratapp.NonInput.SendKeys is PASSED

2019-02-01 10:52:39 - [TEST_STEP][PASSED] - mouseOver(findTestObject("IDEATION/LV2 NAV/THE_IDEA_CHALLENGE/OC_SAVE_BUTTON"), CONTINUE_ON_FAILURE): Object: 'Object Repository/IDEATION/LV2 NAV/THE_IDEA_CHALLENGE/OC_SAVE_BUTTON' is hovered

2019-02-01 10:52:39 - [MESSAGE][PASSED] - Object: 'Object Repository/IDEATION/LV2 NAV/THE_IDEA_CHALLENGE/OC_SAVE_BUTTON' is hovered

2019-02-01 10:52:39 - [TEST_STEP][PASSED] - click(findTestObject("IDEATION/LV2 NAV/THE_IDEA_CHALLENGE/OC_SAVE_BUTTON")): Object: 'Object Repository/IDEATION/LV2 NAV/THE_IDEA_CHALLENGE/OC_SAVE_BUTTON' is clicked on

2019-02-01 10:52:39 - [MESSAGE][PASSED] - Object: 'Object Repository/IDEATION/LV2 NAV/THE_IDEA_CHALLENGE/OC_SAVE_BUTTON' is clicked on

2019-02-01 10:52:39 - [TEST_STEP][PASSED] - waitForElementVisible(findTestObject("IDEATION/LV2 NAV/THE_IDEA_CHALLENGE/OC_SUMMARY_PARAGRAPH"), 60): Object 'Object Repository/IDEATION/LV2 NAV/THE_IDEA_CHALLENGE/OC_SUMMARY_PARAGRAPH' is visible

2019-02-01 10:52:39 - [MESSAGE][PASSED] - Object 'Object Repository/IDEATION/LV2 NAV/THE_IDEA_CHALLENGE/OC_SUMMARY_PARAGRAPH' is visible

2019-02-01 10:52:39 - [TEST_STEP][PASSED] - verifyElementText(findTestObject("IDEATION/IDEAS/OC_STATUS_FIELD"), "deferred".toUpperCase(), CONTINUE_ON_FAILURE): Actual text and expected text of test object 'Object Repository/IDEATION/IDEAS/OC_STATUS_FIELD' are matched.

2019-02-01 10:52:39 - [MESSAGE][PASSED] - Actual text and expected text of test object 'Object Repository/IDEATION/IDEAS/OC_STATUS_FIELD' are matched.

2019-02-01 10:52:39 - [TEST_STEP][PASSED] - verifyElementText(findTestObject("IDEATION/IDEAS/OC_IMPORTANCE_FIELD"), "framing", CONTINUE_ON_FAILURE): Actual text and expected text of test object 'Object Repository/IDEATION/IDEAS/OC_IMPORTANCE_FIELD' are matched.

2019-02-01 10:52:39 - [MESSAGE][PASSED] - Actual text and expected text of test object 'Object Repository/IDEATION/IDEAS/OC_IMPORTANCE_FIELD' are matched.

2019-02-01 10:52:39 - [TEST_STEP][PASSED] - verifyElementText(findTestObject("IDEATION/IDEAS/OC_SECURITY_FIELD"), "confidential", CONTINUE_ON_FAILURE): Actual text and expected text of test object 'Object Repository/IDEATION/IDEAS/OC_SECURITY_FIELD' are matched.

2019-02-01 10:52:39 - [MESSAGE][PASSED] - Actual text and expected text of test object 'Object Repository/IDEATION/IDEAS/OC_SECURITY_FIELD' are matched.

2019-02-01 10:52:39 - [TEST_STEP][PASSED] - verifyElementText(findTestObject("IDEATION/IDEAS/OC_USERNAME_LINK"), UserName, CONTINUE_ON_FAILURE): Actual text and expected text of test object 'Object Repository/IDEATION/IDEAS/OC_USERNAME_LINK' are matched.

2019-02-01 10:52:39 - [MESSAGE][PASSED] - Actual text and expected text of test object 'Object Repository/IDEATION/IDEAS/OC_USERNAME_LINK' are matched.

2019-02-01 10:52:39 - [TEST_STEP][PASSED] - verifyElementText(findTestObject("IDEATION/LV2 NAV/THE_IDEA_CHALLENGE/OC_SUMMARY_PARAGRAPH"), "AUTO SUMMARY", CONTINUE_ON_FAILURE): Actual text and expected text of test object 'Object Repository/IDEATION/LV2 NAV/THE_IDEA_CHALLENGE/OC_SUMMARY_PARAGRAPH' are matched.

2019-02-01 10:52:39 - [MESSAGE][PASSED] - Actual text and expected text of test object 'Object Repository/IDEATION/LV2 NAV/THE_IDEA_CHALLENGE/OC_SUMMARY_PARAGRAPH' are matched.

2019-02-01 10:52:39 - [TEST_STEP][PASSED] - mouseOver(findTestObject("IDEATION/IDEAS/OC_CLOSE_BUTTON")): Object: 'Object Repository/IDEATION/IDEAS/OC_CLOSE_BUTTON' is hovered

2019-02-01 10:52:39 - [MESSAGE][PASSED] - Object: 'Object Repository/IDEATION/IDEAS/OC_CLOSE_BUTTON' is hovered

2019-02-01 10:52:39 - [TEST_STEP][PASSED] - click(findTestObject("IDEATION/IDEAS/OC_CLOSE_BUTTON")): Object: 'Object Repository/IDEATION/IDEAS/OC_CLOSE_BUTTON' is clicked on

2019-02-01 10:52:39 - [MESSAGE][PASSED] - Object: 'Object Repository/IDEATION/IDEAS/OC_CLOSE_BUTTON' is clicked on

2019-02-01 10:52:39 - [TEST_STEP][PASSED] - setText(findTestObject("IDEATION/IDEAS/LV_SEARCH_TEXTFIELD"), "Katalon Test"): Text 'Katalon Test' is set on object 'Object Repository/IDEATION/IDEAS/LV_SEARCH_TEXTFIELD'

2019-02-01 10:52:39 - [MESSAGE][PASSED] - Text 'Katalon Test' is set on object 'Object Repository/IDEATION/IDEAS/LV_SEARCH_TEXTFIELD'

2019-02-01 10:52:39 - [TEST_STEP][PASSED] - waitForElementPresent(findTestObject("IDEATION/IDEAS/LV_IDEA_TITLE"), 60): Object 'Object Repository/IDEATION/IDEAS/LV_IDEA_TITLE' is present

2019-02-01 10:52:40 - [MESSAGE][PASSED] - Object 'Object Repository/IDEATION/IDEAS/LV_IDEA_TITLE' is present

2019-02-01 10:52:40 - [TEST_STEP][PASSED] - verifyElementText(findTestObject("IDEATION/IDEAS/LV_IDEA_TITLE"), "Katalon Test"): Actual text and expected text of test object 'Object Repository/IDEATION/IDEAS/LV_IDEA_TITLE' are matched.

2019-02-01 10:52:40 - [MESSAGE][PASSED] - Actual text and expected text of test object 'Object Repository/IDEATION/IDEAS/LV_IDEA_TITLE' are matched.

2019-02-01 10:52:40 - [TEST_STEP][PASSED] - verifyElementText(findTestObject("IDEATION/IDEAS/LV_STATUS_FIELD"), "deferred".toUpperCase()): Actual text and expected text of test object 'Object Repository/IDEATION/IDEAS/LV_STATUS_FIELD' are matched.

2019-02-01 10:52:40 - [MESSAGE][PASSED] - Actual text and expected text of test object 'Object Repository/IDEATION/IDEAS/LV_STATUS_FIELD' are matched.

2019-02-01 10:52:40 - [TEST_STEP][FAILED] - verifyElementText(findTestObject("IDEATION/IDEAS/LV_IMPORTANCE_FIELD"), "framing"): verifyElementText(findTestObject("IDEATION/IDEAS/LV_IMPORTANCE_FIELD"), "framing") FAILED.
Reason:
com.kms.katalon.core.exception.StepFailedException: Unable to click on object 'Object Repository/IDEATION/TABS/IDEAS_TAB' (Root cause: org.openqa.selenium.WebDriverException: unknown error: Element <a _ngcontent-c50="" class="nav-link" href="/ideation/..." routerlink="/ideation/ideas" routerlinkactive="active">ideas</a> is not clickable at point (299, 66). Other element would receive the click: <div _ngcontent-c5="" class="navbar-title navbar-dark collapse navbar-collapse" id="navbarTogglerDemo02">...</div>
  (Session info: chrome=71.0.3578.98)
  (Driver info: chromedriver=2.43.600210 (68dcf5eebde37173d4027fa8635e332711d2874a),platform=Windows NT 10.0.14393 x86_64) (WARNING: The server did not provide any stacktrace information)
Command duration or timeout: 0 milliseconds
Build info: version: '3.7.1', revision: '8a0099a', time: '2017-11-06T21:07:36.161Z'
System info: host: 'YSPC-STRATAPPQA', ip: '192.168.56.1', os.name: 'Windows 10', os.arch: 'amd64', os.version: '10.0', java.version: '1.8.0_102'
Driver info: com.kms.katalon.selenium.driver.CChromeDriver
Capabilities {acceptInsecureCerts: false, acceptSslCerts: false, applicationCacheEnabled: false, browserConnectionEnabled: false, browserName: chrome, chrome: {chromedriverVersion: 2.43.600210 (68dcf5eebde371..., userDataDir: C:\Users\JOHNSE~1\AppData\L...}, cssSelectorsEnabled: true, databaseEnabled: false, goog:chromeOptions: {debuggerAddress: localhost:42239}, handlesAlerts: true, hasTouchScreen: false, javascriptEnabled: true, locationContextEnabled: true, mobileEmulationEnabled: false, nativeEvents: true, networkConnectionEnabled: false, pageLoadStrategy: normal, platform: XP, platformName: XP, rotatable: false, setWindowRect: true, takesHeapSnapshot: true, takesScreenshot: true, unexpectedAlertBehaviour: , unhandledPromptBehavior: , version: 71.0.3578.98, webStorageEnabled: true}
Session ID: 8dc10a0f4f237c982018bd236d3ad2c0)
	at com.kms.katalon.core.keyword.internal.KeywordMain.stepFailed(KeywordMain.groovy:32)
	at com.kms.katalon.core.webui.keyword.internal.WebUIKeywordMain.stepFailed(WebUIKeywordMain.groovy:65)
	at com.kms.katalon.core.webui.keyword.internal.WebUIKeywordMain.runKeyword(WebUIKeywordMain.groovy:27)
	at com.kms.katalon.core.webui.keyword.builtin.ClickKeyword.click(ClickKeyword.groovy:86)
	at com.kms.katalon.core.webui.keyword.builtin.ClickKeyword.execute(ClickKeyword.groovy:67)
	at com.kms.katalon.core.keyword.internal.KeywordExecutor.executeKeywordForPlatform(KeywordExecutor.groovy:53)
	at com.kms.katalon.core.webui.keyword.WebUiBuiltInKeywords.click(WebUiBuiltInKeywords.groovy:616)
	at com.kms.katalon.core.webui.keyword.WebUiBuiltInKeywords$click$3.call(Unknown Source)
	at IDEA_ADD_TEMPLATE.run(IDEA_ADD_TEMPLATE:29)
	at com.kms.katalon.core.main.ScriptEngine.run(ScriptEngine.java:194)
	at com.kms.katalon.core.main.ScriptEngine.runScriptAsRawText(ScriptEngine.java:119)
	at com.kms.katalon.core.main.TestCaseExecutor.runScript(TestCaseExecutor.java:328)
	at com.kms.katalon.core.main.TestCaseExecutor.doExecute(TestCaseExecutor.java:319)
	at com.kms.katalon.core.main.TestCaseExecutor.processExecutionPhase(TestCaseExecutor.java:298)
	at com.kms.katalon.core.main.TestCaseExecutor.accessMainPhase(TestCaseExecutor.java:290)
	at com.kms.katalon.core.main.TestCaseExecutor.execute(TestCaseExecutor.java:224)
	at com.kms.katalon.core.main.TestCaseMain.runTestCase(TestCaseMain.java:106)
	at com.kms.katalon.core.keyword.builtin.CallTestCaseKeyword$_callTestCase_closure1.doCall(CallTestCaseKeyword.groovy:59)
	at com.kms.katalon.core.keyword.builtin.CallTestCaseKeyword$_callTestCase_closure1.call(CallTestCaseKeyword.groovy)
	at com.kms.katalon.core.keyword.internal.KeywordMain.runKeyword(KeywordMain.groovy:54)
	at com.kms.katalon.core.keyword.builtin.CallTestCaseKeyword.callTestCase(CallTestCaseKeyword.groovy:80)
	at com.kms.katalon.core.keyword.builtin.CallTestCaseKeyword.execute(CallTestCaseKeyword.groovy:44)
	at com.kms.katalon.core.keyword.internal.KeywordExecutor.executeKeywordForPlatform(KeywordExecutor.groovy:53)
	at com.kms.katalon.core.keyword.BuiltinKeywords.callTestCase(BuiltinKeywords.groovy:334)
	at VALIDATE IF USER CAN ADD NEW IDEA WITH RELATED TOPICS.run(VALIDATE IF USER CAN ADD NEW IDEA WITH RELATED TOPICS:18)
	at com.kms.katalon.core.main.ScriptEngine.run(ScriptEngine.java:194)
	at com.kms.katalon.core.main.ScriptEngine.runScriptAsRawText(ScriptEngine.java:119)
	at com.kms.katalon.core.main.TestCaseExecutor.runScript(TestCaseExecutor.java:328)
	at com.kms.katalon.core.main.TestCaseExecutor.doExecute(TestCaseExecutor.java:319)
	at com.kms.katalon.core.main.TestCaseExecutor.processExecutionPhase(TestCaseExecutor.java:298)
	at com.kms.katalon.core.main.TestCaseExecutor.accessMainPhase(TestCaseExecutor.java:290)
	at com.kms.katalon.core.main.TestCaseExecutor.execute(TestCaseExecutor.java:224)
	at com.kms.katalon.core.main.TestSuiteExecutor.accessTestCaseMainPhase(TestSuiteExecutor.java:129)
	at com.kms.katalon.core.main.TestSuiteExecutor.accessTestSuiteMainPhase(TestSuiteExecutor.java:112)
	at com.kms.katalon.core.main.TestSuiteExecutor.execute(TestSuiteExecutor.java:81)
	at com.kms.katalon.core.main.TestCaseMain.startTestSuite(TestCaseMain.java:149)
	at com.kms.katalon.core.main.TestCaseMain$startTestSuite$0.call(Unknown Source)
	at TempTestSuite1548989524436.run(TempTestSuite1548989524436.groovy:36)


2019-02-01 10:52:40 - [MESSAGE][PASSED] - Actual text and expected text of test object 'Object Repository/IDEATION/IDEAS/LV_IMPORTANCE_FIELD' are matched.

2019-02-01 10:52:40 - [MESSAGE][FAILED] - verifyElementText(findTestObject("IDEATION/IDEAS/LV_IMPORTANCE_FIELD"), "framing") FAILED.
Reason:
com.kms.katalon.core.exception.StepFailedException: Unable to click on object 'Object Repository/IDEATION/TABS/IDEAS_TAB' (Root cause: org.openqa.selenium.WebDriverException: unknown error: Element <a _ngcontent-c50="" class="nav-link" href="/ideation/..." routerlink="/ideation/ideas" routerlinkactive="active">ideas</a> is not clickable at point (299, 66). Other element would receive the click: <div _ngcontent-c5="" class="navbar-title navbar-dark collapse navbar-collapse" id="navbarTogglerDemo02">...</div>
  (Session info: chrome=71.0.3578.98)
  (Driver info: chromedriver=2.43.600210 (68dcf5eebde37173d4027fa8635e332711d2874a),platform=Windows NT 10.0.14393 x86_64) (WARNING: The server did not provide any stacktrace information)
Command duration or timeout: 0 milliseconds
Build info: version: '3.7.1', revision: '8a0099a', time: '2017-11-06T21:07:36.161Z'
System info: host: 'YSPC-STRATAPPQA', ip: '192.168.56.1', os.name: 'Windows 10', os.arch: 'amd64', os.version: '10.0', java.version: '1.8.0_102'
Driver info: com.kms.katalon.selenium.driver.CChromeDriver
Capabilities {acceptInsecureCerts: false, acceptSslCerts: false, applicationCacheEnabled: false, browserConnectionEnabled: false, browserName: chrome, chrome: {chromedriverVersion: 2.43.600210 (68dcf5eebde371..., userDataDir: C:\Users\JOHNSE~1\AppData\L...}, cssSelectorsEnabled: true, databaseEnabled: false, goog:chromeOptions: {debuggerAddress: localhost:42239}, handlesAlerts: true, hasTouchScreen: false, javascriptEnabled: true, locationContextEnabled: true, mobileEmulationEnabled: false, nativeEvents: true, networkConnectionEnabled: false, pageLoadStrategy: normal, platform: XP, platformName: XP, rotatable: false, setWindowRect: true, takesHeapSnapshot: true, takesScreenshot: true, unexpectedAlertBehaviour: , unhandledPromptBehavior: , version: 71.0.3578.98, webStorageEnabled: true}
Session ID: 8dc10a0f4f237c982018bd236d3ad2c0)
	at com.kms.katalon.core.keyword.internal.KeywordMain.stepFailed(KeywordMain.groovy:32)
	at com.kms.katalon.core.webui.keyword.internal.WebUIKeywordMain.stepFailed(WebUIKeywordMain.groovy:65)
	at com.kms.katalon.core.webui.keyword.internal.WebUIKeywordMain.runKeyword(WebUIKeywordMain.groovy:27)
	at com.kms.katalon.core.webui.keyword.builtin.ClickKeyword.click(ClickKeyword.groovy:86)
	at com.kms.katalon.core.webui.keyword.builtin.ClickKeyword.execute(ClickKeyword.groovy:67)
	at com.kms.katalon.core.keyword.internal.KeywordExecutor.executeKeywordForPlatform(KeywordExecutor.groovy:53)
	at com.kms.katalon.core.webui.keyword.WebUiBuiltInKeywords.click(WebUiBuiltInKeywords.groovy:616)
	at com.kms.katalon.core.webui.keyword.WebUiBuiltInKeywords$click$3.call(Unknown Source)
	at IDEA_ADD_TEMPLATE.run(IDEA_ADD_TEMPLATE:29)
	at com.kms.katalon.core.main.ScriptEngine.run(ScriptEngine.java:194)
	at com.kms.katalon.core.main.ScriptEngine.runScriptAsRawText(ScriptEngine.java:119)
	at com.kms.katalon.core.main.TestCaseExecutor.runScript(TestCaseExecutor.java:328)
	at com.kms.katalon.core.main.TestCaseExecutor.doExecute(TestCaseExecutor.java:319)
	at com.kms.katalon.core.main.TestCaseExecutor.processExecutionPhase(TestCaseExecutor.java:298)
	at com.kms.katalon.core.main.TestCaseExecutor.accessMainPhase(TestCaseExecutor.java:290)
	at com.kms.katalon.core.main.TestCaseExecutor.execute(TestCaseExecutor.java:224)
	at com.kms.katalon.core.main.TestCaseMain.runTestCase(TestCaseMain.java:106)
	at com.kms.katalon.core.keyword.builtin.CallTestCaseKeyword$_callTestCase_closure1.doCall(CallTestCaseKeyword.groovy:59)
	at com.kms.katalon.core.keyword.builtin.CallTestCaseKeyword$_callTestCase_closure1.call(CallTestCaseKeyword.groovy)
	at com.kms.katalon.core.keyword.internal.KeywordMain.runKeyword(KeywordMain.groovy:54)
	at com.kms.katalon.core.keyword.builtin.CallTestCaseKeyword.callTestCase(CallTestCaseKeyword.groovy:80)
	at com.kms.katalon.core.keyword.builtin.CallTestCaseKeyword.execute(CallTestCaseKeyword.groovy:44)
	at com.kms.katalon.core.keyword.internal.KeywordExecutor.executeKeywordForPlatform(KeywordExecutor.groovy:53)
	at com.kms.katalon.core.keyword.BuiltinKeywords.callTestCase(BuiltinKeywords.groovy:334)
	at VALIDATE IF USER CAN ADD NEW IDEA WITH RELATED TOPICS.run(VALIDATE IF USER CAN ADD NEW IDEA WITH RELATED TOPICS:18)
	at com.kms.katalon.core.main.ScriptEngine.run(ScriptEngine.java:194)
	at com.kms.katalon.core.main.ScriptEngine.runScriptAsRawText(ScriptEngine.java:119)
	at com.kms.katalon.core.main.TestCaseExecutor.runScript(TestCaseExecutor.java:328)
	at com.kms.katalon.core.main.TestCaseExecutor.doExecute(TestCaseExecutor.java:319)
	at com.kms.katalon.core.main.TestCaseExecutor.processExecutionPhase(TestCaseExecutor.java:298)
	at com.kms.katalon.core.main.TestCaseExecutor.accessMainPhase(TestCaseExecutor.java:290)
	at com.kms.katalon.core.main.TestCaseExecutor.execute(TestCaseExecutor.java:224)
	at com.kms.katalon.core.main.TestSuiteExecutor.accessTestCaseMainPhase(TestSuiteExecutor.java:129)
	at com.kms.katalon.core.main.TestSuiteExecutor.accessTestSuiteMainPhase(TestSuiteExecutor.java:112)
	at com.kms.katalon.core.main.TestSuiteExecutor.execute(TestSuiteExecutor.java:81)
	at com.kms.katalon.core.main.TestCaseMain.startTestSuite(TestCaseMain.java:149)
	at com.kms.katalon.core.main.TestCaseMain$startTestSuite$0.call(Unknown Source)
	at TempTestSuite1548989524436.run(TempTestSuite1548989524436.groovy:36)


2019-02-01 10:52:40 - [MESSAGE][FAILED] - Unable to call Test Case 'Test Cases/TEMPLATES/IDEATION/IDEA/IDEA_ADD_TEMPLATE' (Root cause: com.kms.katalon.core.exception.StepFailedException: Call Test Case 'Test Cases/TEMPLATES/IDEATION/IDEA/IDEA_ADD_TEMPLATE' failed)

2019-02-01 10:52:40 - [TEST_STEP][FAILED] - callTestCase(findTestCase("TEMPLATES/IDEATION/IDEA/IDEA_ADD_RELATED_TOPICS_TEMPLATE"), [:], CONTINUE_ON_FAILURE): callTestCase(findTestCase("TEMPLATES/IDEATION/IDEA/IDEA_ADD_RELATED_TOPICS_TEMPLATE"), [:], CONTINUE_ON_FAILURE) FAILED.
Reason:
com.kms.katalon.core.exception.StepFailedException: Unable to click on object 'Object Repository/IDEATION/TABS/IDEAS_TAB' (Root cause: org.openqa.selenium.WebDriverException: unknown error: Element <a _ngcontent-c50="" class="nav-link" href="/ideation/..." routerlink="/ideation/ideas" routerlinkactive="active">ideas</a> is not clickable at point (299, 66). Other element would receive the click: <div _ngcontent-c5="" class="navbar-title navbar-dark collapse navbar-collapse" id="navbarTogglerDemo02">...</div>
  (Session info: chrome=71.0.3578.98)
  (Driver info: chromedriver=2.43.600210 (68dcf5eebde37173d4027fa8635e332711d2874a),platform=Windows NT 10.0.14393 x86_64) (WARNING: The server did not provide any stacktrace information)
Command duration or timeout: 0 milliseconds
Build info: version: '3.7.1', revision: '8a0099a', time: '2017-11-06T21:07:36.161Z'
System info: host: 'YSPC-STRATAPPQA', ip: '192.168.56.1', os.name: 'Windows 10', os.arch: 'amd64', os.version: '10.0', java.version: '1.8.0_102'
Driver info: com.kms.katalon.selenium.driver.CChromeDriver
Capabilities {acceptInsecureCerts: false, acceptSslCerts: false, applicationCacheEnabled: false, browserConnectionEnabled: false, browserName: chrome, chrome: {chromedriverVersion: 2.43.600210 (68dcf5eebde371..., userDataDir: C:\Users\JOHNSE~1\AppData\L...}, cssSelectorsEnabled: true, databaseEnabled: false, goog:chromeOptions: {debuggerAddress: localhost:42239}, handlesAlerts: true, hasTouchScreen: false, javascriptEnabled: true, locationContextEnabled: true, mobileEmulationEnabled: false, nativeEvents: true, networkConnectionEnabled: false, pageLoadStrategy: normal, platform: XP, platformName: XP, rotatable: false, setWindowRect: true, takesHeapSnapshot: true, takesScreenshot: true, unexpectedAlertBehaviour: , unhandledPromptBehavior: , version: 71.0.3578.98, webStorageEnabled: true}
Session ID: 8dc10a0f4f237c982018bd236d3ad2c0)
	at com.kms.katalon.core.keyword.internal.KeywordMain.stepFailed(KeywordMain.groovy:32)
	at com.kms.katalon.core.webui.keyword.internal.WebUIKeywordMain.stepFailed(WebUIKeywordMain.groovy:65)
	at com.kms.katalon.core.webui.keyword.internal.WebUIKeywordMain.runKeyword(WebUIKeywordMain.groovy:27)
	at com.kms.katalon.core.webui.keyword.builtin.ClickKeyword.click(ClickKeyword.groovy:86)
	at com.kms.katalon.core.webui.keyword.builtin.ClickKeyword.execute(ClickKeyword.groovy:67)
	at com.kms.katalon.core.keyword.internal.KeywordExecutor.executeKeywordForPlatform(KeywordExecutor.groovy:53)
	at com.kms.katalon.core.webui.keyword.WebUiBuiltInKeywords.click(WebUiBuiltInKeywords.groovy:616)
	at com.kms.katalon.core.webui.keyword.WebUiBuiltInKeywords$click$3.call(Unknown Source)
	at IDEA_ADD_TEMPLATE.run(IDEA_ADD_TEMPLATE:29)
	at com.kms.katalon.core.main.ScriptEngine.run(ScriptEngine.java:194)
	at com.kms.katalon.core.main.ScriptEngine.runScriptAsRawText(ScriptEngine.java:119)
	at com.kms.katalon.core.main.TestCaseExecutor.runScript(TestCaseExecutor.java:328)
	at com.kms.katalon.core.main.TestCaseExecutor.doExecute(TestCaseExecutor.java:319)
	at com.kms.katalon.core.main.TestCaseExecutor.processExecutionPhase(TestCaseExecutor.java:298)
	at com.kms.katalon.core.main.TestCaseExecutor.accessMainPhase(TestCaseExecutor.java:290)
	at com.kms.katalon.core.main.TestCaseExecutor.execute(TestCaseExecutor.java:224)
	at com.kms.katalon.core.main.TestCaseMain.runTestCase(TestCaseMain.java:106)
	at com.kms.katalon.core.keyword.builtin.CallTestCaseKeyword$_callTestCase_closure1.doCall(CallTestCaseKeyword.groovy:59)
	at com.kms.katalon.core.keyword.builtin.CallTestCaseKeyword$_callTestCase_closure1.call(CallTestCaseKeyword.groovy)
	at com.kms.katalon.core.keyword.internal.KeywordMain.runKeyword(KeywordMain.groovy:54)
	at com.kms.katalon.core.keyword.builtin.CallTestCaseKeyword.callTestCase(CallTestCaseKeyword.groovy:80)
	at com.kms.katalon.core.keyword.builtin.CallTestCaseKeyword.execute(CallTestCaseKeyword.groovy:44)
	at com.kms.katalon.core.keyword.internal.KeywordExecutor.executeKeywordForPlatform(KeywordExecutor.groovy:53)
	at com.kms.katalon.core.keyword.BuiltinKeywords.callTestCase(BuiltinKeywords.groovy:334)
	at VALIDATE IF USER CAN ADD NEW IDEA WITH RELATED TOPICS.run(VALIDATE IF USER CAN ADD NEW IDEA WITH RELATED TOPICS:18)
	at com.kms.katalon.core.main.ScriptEngine.run(ScriptEngine.java:194)
	at com.kms.katalon.core.main.ScriptEngine.runScriptAsRawText(ScriptEngine.java:119)
	at com.kms.katalon.core.main.TestCaseExecutor.runScript(TestCaseExecutor.java:328)
	at com.kms.katalon.core.main.TestCaseExecutor.doExecute(TestCaseExecutor.java:319)
	at com.kms.katalon.core.main.TestCaseExecutor.processExecutionPhase(TestCaseExecutor.java:298)
	at com.kms.katalon.core.main.TestCaseExecutor.accessMainPhase(TestCaseExecutor.java:290)
	at com.kms.katalon.core.main.TestCaseExecutor.execute(TestCaseExecutor.java:224)
	at com.kms.katalon.core.main.TestSuiteExecutor.accessTestCaseMainPhase(TestSuiteExecutor.java:129)
	at com.kms.katalon.core.main.TestSuiteExecutor.accessTestSuiteMainPhase(TestSuiteExecutor.java:112)
	at com.kms.katalon.core.main.TestSuiteExecutor.execute(TestSuiteExecutor.java:81)
	at com.kms.katalon.core.main.TestCaseMain.startTestSuite(TestCaseMain.java:149)
	at com.kms.katalon.core.main.TestCaseMain$startTestSuite$0.call(Unknown Source)
	at TempTestSuite1548989524436.run(TempTestSuite1548989524436.groovy:36)


2019-02-01 10:52:40 - [TEST_CASE][FAILED] - Test Cases/TEMPLATES/IDEATION/IDEA/IDEA_ADD_RELATED_TOPICS_TEMPLATE: Test Cases/TEMPLATES/IDEATION/IDEA/IDEA_ADD_RELATED_TOPICS_TEMPLATE FAILED.
Reason:
com.kms.katalon.core.exception.StepFailedException: Unable to click on object 'Object Repository/STRATEGY/RISKS/OC_RISK_STATUS_FIELD' (Root cause: org.openqa.selenium.WebDriverException: unknown error: Element <span _ngcontent-c76="">...</span> is not clickable at point (246, 43). Other element would receive the click: <span _ngcontent-c102="">...</span>
  (Session info: chrome=71.0.3578.98)
  (Driver info: chromedriver=2.43.600210 (68dcf5eebde37173d4027fa8635e332711d2874a),platform=Windows NT 10.0.14393 x86_64) (WARNING: The server did not provide any stacktrace information)
Command duration or timeout: 0 milliseconds
Build info: version: '3.7.1', revision: '8a0099a', time: '2017-11-06T21:07:36.161Z'
System info: host: 'YSPC-STRATAPPQA', ip: '192.168.56.1', os.name: 'Windows 10', os.arch: 'amd64', os.version: '10.0', java.version: '1.8.0_102'
Driver info: com.kms.katalon.selenium.driver.CChromeDriver
Capabilities {acceptInsecureCerts: false, acceptSslCerts: false, applicationCacheEnabled: false, browserConnectionEnabled: false, browserName: chrome, chrome: {chromedriverVersion: 2.43.600210 (68dcf5eebde371..., userDataDir: C:\Users\JOHNSE~1\AppData\L...}, cssSelectorsEnabled: true, databaseEnabled: false, goog:chromeOptions: {debuggerAddress: localhost:42239}, handlesAlerts: true, hasTouchScreen: false, javascriptEnabled: true, locationContextEnabled: true, mobileEmulationEnabled: false, nativeEvents: true, networkConnectionEnabled: false, pageLoadStrategy: normal, platform: XP, platformName: XP, rotatable: false, setWindowRect: true, takesHeapSnapshot: true, takesScreenshot: true, unexpectedAlertBehaviour: , unhandledPromptBehavior: , version: 71.0.3578.98, webStorageEnabled: true}
Session ID: 8dc10a0f4f237c982018bd236d3ad2c0)
	at com.kms.katalon.core.keyword.internal.KeywordMain.stepFailed(KeywordMain.groovy:32)
	at com.kms.katalon.core.webui.keyword.internal.WebUIKeywordMain.stepFailed(WebUIKeywordMain.groovy:65)
	at com.kms.katalon.core.webui.keyword.internal.WebUIKeywordMain.runKeyword(WebUIKeywordMain.groovy:27)
	at com.kms.katalon.core.webui.keyword.builtin.ClickKeyword.click(ClickKeyword.groovy:86)
	at com.kms.katalon.core.webui.keyword.builtin.ClickKeyword.execute(ClickKeyword.groovy:67)
	at com.kms.katalon.core.keyword.internal.KeywordExecutor.executeKeywordForPlatform(KeywordExecutor.groovy:53)
	at com.kms.katalon.core.webui.keyword.WebUiBuiltInKeywords.click(WebUiBuiltInKeywords.groovy:616)
	at com.kms.katalon.core.webui.keyword.WebUiBuiltInKeywords$click$3.call(Unknown Source)
	at ADD_RELATED_RISK_TEMPLATE.run(ADD_RELATED_RISK_TEMPLATE:43)
	at com.kms.katalon.core.main.ScriptEngine.run(ScriptEngine.java:194)
	at com.kms.katalon.core.main.ScriptEngine.runScriptAsRawText(ScriptEngine.java:119)
	at com.kms.katalon.core.main.TestCaseExecutor.runScript(TestCaseExecutor.java:328)
	at com.kms.katalon.core.main.TestCaseExecutor.doExecute(TestCaseExecutor.java:319)
	at com.kms.katalon.core.main.TestCaseExecutor.processExecutionPhase(TestCaseExecutor.java:298)
	at com.kms.katalon.core.main.TestCaseExecutor.accessMainPhase(TestCaseExecutor.java:290)
	at com.kms.katalon.core.main.TestCaseExecutor.execute(TestCaseExecutor.java:224)
	at com.kms.katalon.core.main.TestCaseMain.runTestCase(TestCaseMain.java:106)
	at com.kms.katalon.core.keyword.builtin.CallTestCaseKeyword$_callTestCase_closure1.doCall(CallTestCaseKeyword.groovy:59)
	at com.kms.katalon.core.keyword.builtin.CallTestCaseKeyword$_callTestCase_closure1.call(CallTestCaseKeyword.groovy)
	at com.kms.katalon.core.keyword.internal.KeywordMain.runKeyword(KeywordMain.groovy:54)
	at com.kms.katalon.core.keyword.builtin.CallTestCaseKeyword.callTestCase(CallTestCaseKeyword.groovy:80)
	at com.kms.katalon.core.keyword.builtin.CallTestCaseKeyword.execute(CallTestCaseKeyword.groovy:44)
	at com.kms.katalon.core.keyword.internal.KeywordExecutor.executeKeywordForPlatform(KeywordExecutor.groovy:53)
	at com.kms.katalon.core.keyword.BuiltinKeywords.callTestCase(BuiltinKeywords.groovy:334)
	at IDEA_ADD_RELATED_TOPICS_TEMPLATE.run(IDEA_ADD_RELATED_TOPICS_TEMPLATE:40)
	at com.kms.katalon.core.main.ScriptEngine.run(ScriptEngine.java:194)
	at com.kms.katalon.core.main.ScriptEngine.runScriptAsRawText(ScriptEngine.java:119)
	at com.kms.katalon.core.main.TestCaseExecutor.runScript(TestCaseExecutor.java:328)
	at com.kms.katalon.core.main.TestCaseExecutor.doExecute(TestCaseExecutor.java:319)
	at com.kms.katalon.core.main.TestCaseExecutor.processExecutionPhase(TestCaseExecutor.java:298)
	at com.kms.katalon.core.main.TestCaseExecutor.accessMainPhase(TestCaseExecutor.java:290)
	at com.kms.katalon.core.main.TestCaseExecutor.execute(TestCaseExecutor.java:224)
	at com.kms.katalon.core.main.TestCaseMain.runTestCase(TestCaseMain.java:106)
	at com.kms.katalon.core.keyword.builtin.CallTestCaseKeyword$_callTestCase_closure1.doCall(CallTestCaseKeyword.groovy:59)
	at com.kms.katalon.core.keyword.builtin.CallTestCaseKeyword$_callTestCase_closure1.call(CallTestCaseKeyword.groovy)
	at com.kms.katalon.core.keyword.internal.KeywordMain.runKeyword(KeywordMain.groovy:54)
	at com.kms.katalon.core.keyword.builtin.CallTestCaseKeyword.callTestCase(CallTestCaseKeyword.groovy:80)
	at com.kms.katalon.core.keyword.builtin.CallTestCaseKeyword.execute(CallTestCaseKeyword.groovy:44)
	at com.kms.katalon.core.keyword.internal.KeywordExecutor.executeKeywordForPlatform(KeywordExecutor.groovy:53)
	at com.kms.katalon.core.keyword.BuiltinKeywords.callTestCase(BuiltinKeywords.groovy:334)
	at VALIDATE IF USER CAN ADD NEW IDEA WITH RELATED TOPICS.run(VALIDATE IF USER CAN ADD NEW IDEA WITH RELATED TOPICS:20)
	at com.kms.katalon.core.main.ScriptEngine.run(ScriptEngine.java:194)
	at com.kms.katalon.core.main.ScriptEngine.runScriptAsRawText(ScriptEngine.java:119)
	at com.kms.katalon.core.main.TestCaseExecutor.runScript(TestCaseExecutor.java:328)
	at com.kms.katalon.core.main.TestCaseExecutor.doExecute(TestCaseExecutor.java:319)
	at com.kms.katalon.core.main.TestCaseExecutor.processExecutionPhase(TestCaseExecutor.java:298)
	at com.kms.katalon.core.main.TestCaseExecutor.accessMainPhase(TestCaseExecutor.java:290)
	at com.kms.katalon.core.main.TestCaseExecutor.execute(TestCaseExecutor.java:224)
	at com.kms.katalon.core.main.TestSuiteExecutor.accessTestCaseMainPhase(TestSuiteExecutor.java:129)
	at com.kms.katalon.core.main.TestSuiteExecutor.accessTestSuiteMainPhase(TestSuiteExecutor.java:112)
	at com.kms.katalon.core.main.TestSuiteExecutor.execute(TestSuiteExecutor.java:81)
	at com.kms.katalon.core.main.TestCaseMain.startTestSuite(TestCaseMain.java:149)
	at com.kms.katalon.core.main.TestCaseMain$startTestSuite$0.call(Unknown Source)
	at TempTestSuite1548989524436.run(TempTestSuite1548989524436.groovy:36)


2019-02-01 10:52:40 - [TEST_STEP][PASSED] - waitForElementPresent(findTestObject("MENU/IDEATION_TAB"), 60): Object 'Object Repository/MENU/IDEATION_TAB' is present

2019-02-01 10:52:40 - [MESSAGE][PASSED] - Object 'Object Repository/MENU/IDEATION_TAB' is present

2019-02-01 10:52:40 - [TEST_STEP][PASSED] - mouseOver(findTestObject("MENU/IDEATION_TAB"), STOP_ON_FAILURE): Object: 'Object Repository/MENU/IDEATION_TAB' is hovered

2019-02-01 10:52:40 - [MESSAGE][PASSED] - Object: 'Object Repository/MENU/IDEATION_TAB' is hovered

2019-02-01 10:52:40 - [TEST_STEP][PASSED] - click(findTestObject("MENU/IDEATION_TAB")): Object: 'Object Repository/MENU/IDEATION_TAB' is clicked on

2019-02-01 10:52:40 - [MESSAGE][PASSED] - Object: 'Object Repository/MENU/IDEATION_TAB' is clicked on

2019-02-01 10:52:40 - [TEST_STEP][PASSED] - waitForElementPresent(findTestObject("IDEATION/TABS/IDEAS_TAB"), 60): Object 'Object Repository/IDEATION/TABS/IDEAS_TAB' is present

2019-02-01 10:52:40 - [MESSAGE][PASSED] - Object 'Object Repository/IDEATION/TABS/IDEAS_TAB' is present

2019-02-01 10:52:40 - [TEST_STEP][PASSED] - mouseOver(findTestObject("IDEATION/TABS/IDEAS_TAB"), STOP_ON_FAILURE): Object: 'Object Repository/IDEATION/TABS/IDEAS_TAB' is hovered

2019-02-01 10:52:40 - [MESSAGE][PASSED] - Object: 'Object Repository/IDEATION/TABS/IDEAS_TAB' is hovered

2019-02-01 10:52:40 - [TEST_STEP][PASSED] - click(findTestObject("IDEATION/TABS/IDEAS_TAB")): Object: 'Object Repository/IDEATION/TABS/IDEAS_TAB' is clicked on

2019-02-01 10:52:40 - [MESSAGE][PASSED] - Object: 'Object Repository/IDEATION/TABS/IDEAS_TAB' is clicked on

2019-02-01 10:52:40 - [TEST_STEP][PASSED] - waitForElementPresent(findTestObject("IDEATION/IDEAS/LV_PLUS_SIGN_BUTTON"), 60): Object 'Object Repository/IDEATION/IDEAS/LV_PLUS_SIGN_BUTTON' is present

2019-02-01 10:52:40 - [MESSAGE][PASSED] - Object 'Object Repository/IDEATION/IDEAS/LV_PLUS_SIGN_BUTTON' is present

2019-02-01 10:52:40 - [TEST_STEP][PASSED] - setText(findTestObject("IDEATION/IDEAS/LV_SEARCH_TEXTFIELD"), "Katalon Test"): Text 'Katalon Test' is set on object 'Object Repository/IDEATION/IDEAS/LV_SEARCH_TEXTFIELD'

2019-02-01 10:52:41 - [MESSAGE][PASSED] - Text 'Katalon Test' is set on object 'Object Repository/IDEATION/IDEAS/LV_SEARCH_TEXTFIELD'

2019-02-01 10:52:41 - [TEST_STEP][PASSED] - waitForElementPresent(findTestObject("IDEATION/IDEAS/LV_IDEA_TITLE"), 60): Object 'Object Repository/IDEATION/IDEAS/LV_IDEA_TITLE' is present

2019-02-01 10:52:41 - [MESSAGE][PASSED] - Object 'Object Repository/IDEATION/IDEAS/LV_IDEA_TITLE' is present

2019-02-01 10:52:41 - [TEST_STEP][PASSED] - mouseOver(findTestObject("IDEATION/IDEAS/LV_IDEA_TITLE")): Object: 'Object Repository/IDEATION/IDEAS/LV_IDEA_TITLE' is hovered

2019-02-01 10:52:41 - [MESSAGE][PASSED] - Object: 'Object Repository/IDEATION/IDEAS/LV_IDEA_TITLE' is hovered

2019-02-01 10:52:41 - [TEST_STEP][PASSED] - click(findTestObject("IDEATION/IDEAS/LV_IDEA_TITLE")): Object: 'Object Repository/IDEATION/IDEAS/LV_IDEA_TITLE' is clicked on

2019-02-01 10:52:41 - [MESSAGE][PASSED] - Object: 'Object Repository/IDEATION/IDEAS/LV_IDEA_TITLE' is clicked on

2019-02-01 10:52:41 - [TEST_STEP][PASSED] - waitForElementVisible(findTestObject("IDEATION/IDEAS/IDEA_CARD"), 60): Object 'Object Repository/IDEATION/IDEAS/IDEA_CARD' is visible

2019-02-01 10:52:41 - [MESSAGE][PASSED] - Object 'Object Repository/IDEATION/IDEAS/IDEA_CARD' is visible

2019-02-01 10:52:41 - [TEST_STEP][FAILED] - callTestCase(findTestCase("TEMPLATES/IDEATION/RELATED/ADD_RELATED_RISK_TEMPLATE"), [:], CONTINUE_ON_FAILURE): callTestCase(findTestCase("TEMPLATES/IDEATION/RELATED/ADD_RELATED_RISK_TEMPLATE"), [:], CONTINUE_ON_FAILURE) FAILED.
Reason:
com.kms.katalon.core.exception.StepFailedException: Unable to click on object 'Object Repository/STRATEGY/RISKS/OC_RISK_STATUS_FIELD' (Root cause: org.openqa.selenium.WebDriverException: unknown error: Element <span _ngcontent-c76="">...</span> is not clickable at point (246, 43). Other element would receive the click: <span _ngcontent-c102="">...</span>
  (Session info: chrome=71.0.3578.98)
  (Driver info: chromedriver=2.43.600210 (68dcf5eebde37173d4027fa8635e332711d2874a),platform=Windows NT 10.0.14393 x86_64) (WARNING: The server did not provide any stacktrace information)
Command duration or timeout: 0 milliseconds
Build info: version: '3.7.1', revision: '8a0099a', time: '2017-11-06T21:07:36.161Z'
System info: host: 'YSPC-STRATAPPQA', ip: '192.168.56.1', os.name: 'Windows 10', os.arch: 'amd64', os.version: '10.0', java.version: '1.8.0_102'
Driver info: com.kms.katalon.selenium.driver.CChromeDriver
Capabilities {acceptInsecureCerts: false, acceptSslCerts: false, applicationCacheEnabled: false, browserConnectionEnabled: false, browserName: chrome, chrome: {chromedriverVersion: 2.43.600210 (68dcf5eebde371..., userDataDir: C:\Users\JOHNSE~1\AppData\L...}, cssSelectorsEnabled: true, databaseEnabled: false, goog:chromeOptions: {debuggerAddress: localhost:42239}, handlesAlerts: true, hasTouchScreen: false, javascriptEnabled: true, locationContextEnabled: true, mobileEmulationEnabled: false, nativeEvents: true, networkConnectionEnabled: false, pageLoadStrategy: normal, platform: XP, platformName: XP, rotatable: false, setWindowRect: true, takesHeapSnapshot: true, takesScreenshot: true, unexpectedAlertBehaviour: , unhandledPromptBehavior: , version: 71.0.3578.98, webStorageEnabled: true}
Session ID: 8dc10a0f4f237c982018bd236d3ad2c0)
	at com.kms.katalon.core.keyword.internal.KeywordMain.stepFailed(KeywordMain.groovy:32)
	at com.kms.katalon.core.webui.keyword.internal.WebUIKeywordMain.stepFailed(WebUIKeywordMain.groovy:65)
	at com.kms.katalon.core.webui.keyword.internal.WebUIKeywordMain.runKeyword(WebUIKeywordMain.groovy:27)
	at com.kms.katalon.core.webui.keyword.builtin.ClickKeyword.click(ClickKeyword.groovy:86)
	at com.kms.katalon.core.webui.keyword.builtin.ClickKeyword.execute(ClickKeyword.groovy:67)
	at com.kms.katalon.core.keyword.internal.KeywordExecutor.executeKeywordForPlatform(KeywordExecutor.groovy:53)
	at com.kms.katalon.core.webui.keyword.WebUiBuiltInKeywords.click(WebUiBuiltInKeywords.groovy:616)
	at com.kms.katalon.core.webui.keyword.WebUiBuiltInKeywords$click$3.call(Unknown Source)
	at ADD_RELATED_RISK_TEMPLATE.run(ADD_RELATED_RISK_TEMPLATE:43)
	at com.kms.katalon.core.main.ScriptEngine.run(ScriptEngine.java:194)
	at com.kms.katalon.core.main.ScriptEngine.runScriptAsRawText(ScriptEngine.java:119)
	at com.kms.katalon.core.main.TestCaseExecutor.runScript(TestCaseExecutor.java:328)
	at com.kms.katalon.core.main.TestCaseExecutor.doExecute(TestCaseExecutor.java:319)
	at com.kms.katalon.core.main.TestCaseExecutor.processExecutionPhase(TestCaseExecutor.java:298)
	at com.kms.katalon.core.main.TestCaseExecutor.accessMainPhase(TestCaseExecutor.java:290)
	at com.kms.katalon.core.main.TestCaseExecutor.execute(TestCaseExecutor.java:224)
	at com.kms.katalon.core.main.TestCaseMain.runTestCase(TestCaseMain.java:106)
	at com.kms.katalon.core.keyword.builtin.CallTestCaseKeyword$_callTestCase_closure1.doCall(CallTestCaseKeyword.groovy:59)
	at com.kms.katalon.core.keyword.builtin.CallTestCaseKeyword$_callTestCase_closure1.call(CallTestCaseKeyword.groovy)
	at com.kms.katalon.core.keyword.internal.KeywordMain.runKeyword(KeywordMain.groovy:54)
	at com.kms.katalon.core.keyword.builtin.CallTestCaseKeyword.callTestCase(CallTestCaseKeyword.groovy:80)
	at com.kms.katalon.core.keyword.builtin.CallTestCaseKeyword.execute(CallTestCaseKeyword.groovy:44)
	at com.kms.katalon.core.keyword.internal.KeywordExecutor.executeKeywordForPlatform(KeywordExecutor.groovy:53)
	at com.kms.katalon.core.keyword.BuiltinKeywords.callTestCase(BuiltinKeywords.groovy:334)
	at IDEA_ADD_RELATED_TOPICS_TEMPLATE.run(IDEA_ADD_RELATED_TOPICS_TEMPLATE:40)
	at com.kms.katalon.core.main.ScriptEngine.run(ScriptEngine.java:194)
	at com.kms.katalon.core.main.ScriptEngine.runScriptAsRawText(ScriptEngine.java:119)
	at com.kms.katalon.core.main.TestCaseExecutor.runScript(TestCaseExecutor.java:328)
	at com.kms.katalon.core.main.TestCaseExecutor.doExecute(TestCaseExecutor.java:319)
	at com.kms.katalon.core.main.TestCaseExecutor.processExecutionPhase(TestCaseExecutor.java:298)
	at com.kms.katalon.core.main.TestCaseExecutor.accessMainPhase(TestCaseExecutor.java:290)
	at com.kms.katalon.core.main.TestCaseExecutor.execute(TestCaseExecutor.java:224)
	at com.kms.katalon.core.main.TestCaseMain.runTestCase(TestCaseMain.java:106)
	at com.kms.katalon.core.keyword.builtin.CallTestCaseKeyword$_callTestCase_closure1.doCall(CallTestCaseKeyword.groovy:59)
	at com.kms.katalon.core.keyword.builtin.CallTestCaseKeyword$_callTestCase_closure1.call(CallTestCaseKeyword.groovy)
	at com.kms.katalon.core.keyword.internal.KeywordMain.runKeyword(KeywordMain.groovy:54)
	at com.kms.katalon.core.keyword.builtin.CallTestCaseKeyword.callTestCase(CallTestCaseKeyword.groovy:80)
	at com.kms.katalon.core.keyword.builtin.CallTestCaseKeyword.execute(CallTestCaseKeyword.groovy:44)
	at com.kms.katalon.core.keyword.internal.KeywordExecutor.executeKeywordForPlatform(KeywordExecutor.groovy:53)
	at com.kms.katalon.core.keyword.BuiltinKeywords.callTestCase(BuiltinKeywords.groovy:334)
	at VALIDATE IF USER CAN ADD NEW IDEA WITH RELATED TOPICS.run(VALIDATE IF USER CAN ADD NEW IDEA WITH RELATED TOPICS:20)
	at com.kms.katalon.core.main.ScriptEngine.run(ScriptEngine.java:194)
	at com.kms.katalon.core.main.ScriptEngine.runScriptAsRawText(ScriptEngine.java:119)
	at com.kms.katalon.core.main.TestCaseExecutor.runScript(TestCaseExecutor.java:328)
	at com.kms.katalon.core.main.TestCaseExecutor.doExecute(TestCaseExecutor.java:319)
	at com.kms.katalon.core.main.TestCaseExecutor.processExecutionPhase(TestCaseExecutor.java:298)
	at com.kms.katalon.core.main.TestCaseExecutor.accessMainPhase(TestCaseExecutor.java:290)
	at com.kms.katalon.core.main.TestCaseExecutor.execute(TestCaseExecutor.java:224)
	at com.kms.katalon.core.main.TestSuiteExecutor.accessTestCaseMainPhase(TestSuiteExecutor.java:129)
	at com.kms.katalon.core.main.TestSuiteExecutor.accessTestSuiteMainPhase(TestSuiteExecutor.java:112)
	at com.kms.katalon.core.main.TestSuiteExecutor.execute(TestSuiteExecutor.java:81)
	at com.kms.katalon.core.main.TestCaseMain.startTestSuite(TestCaseMain.java:149)
	at com.kms.katalon.core.main.TestCaseMain$startTestSuite$0.call(Unknown Source)
	at TempTestSuite1548989524436.run(TempTestSuite1548989524436.groovy:36)


2019-02-01 10:52:41 - [TEST_CASE][FAILED] - Test Cases/TEMPLATES/IDEATION/RELATED/ADD_RELATED_RISK_TEMPLATE: Test Cases/TEMPLATES/IDEATION/RELATED/ADD_RELATED_RISK_TEMPLATE FAILED.
Reason:
com.kms.katalon.core.exception.StepFailedException: Unable to click on object 'Object Repository/STRATEGY/RISKS/OC_RISK_STATUS_FIELD' (Root cause: org.openqa.selenium.WebDriverException: unknown error: Element <span _ngcontent-c76="">...</span> is not clickable at point (246, 43). Other element would receive the click: <span _ngcontent-c102="">...</span>
  (Session info: chrome=71.0.3578.98)
  (Driver info: chromedriver=2.43.600210 (68dcf5eebde37173d4027fa8635e332711d2874a),platform=Windows NT 10.0.14393 x86_64) (WARNING: The server did not provide any stacktrace information)
Command duration or timeout: 0 milliseconds
Build info: version: '3.7.1', revision: '8a0099a', time: '2017-11-06T21:07:36.161Z'
System info: host: 'YSPC-STRATAPPQA', ip: '192.168.56.1', os.name: 'Windows 10', os.arch: 'amd64', os.version: '10.0', java.version: '1.8.0_102'
Driver info: com.kms.katalon.selenium.driver.CChromeDriver
Capabilities {acceptInsecureCerts: false, acceptSslCerts: false, applicationCacheEnabled: false, browserConnectionEnabled: false, browserName: chrome, chrome: {chromedriverVersion: 2.43.600210 (68dcf5eebde371..., userDataDir: C:\Users\JOHNSE~1\AppData\L...}, cssSelectorsEnabled: true, databaseEnabled: false, goog:chromeOptions: {debuggerAddress: localhost:42239}, handlesAlerts: true, hasTouchScreen: false, javascriptEnabled: true, locationContextEnabled: true, mobileEmulationEnabled: false, nativeEvents: true, networkConnectionEnabled: false, pageLoadStrategy: normal, platform: XP, platformName: XP, rotatable: false, setWindowRect: true, takesHeapSnapshot: true, takesScreenshot: true, unexpectedAlertBehaviour: , unhandledPromptBehavior: , version: 71.0.3578.98, webStorageEnabled: true}
Session ID: 8dc10a0f4f237c982018bd236d3ad2c0)
	at com.kms.katalon.core.keyword.internal.KeywordMain.stepFailed(KeywordMain.groovy:32)
	at com.kms.katalon.core.webui.keyword.internal.WebUIKeywordMain.stepFailed(WebUIKeywordMain.groovy:65)
	at com.kms.katalon.core.webui.keyword.internal.WebUIKeywordMain.runKeyword(WebUIKeywordMain.groovy:27)
	at com.kms.katalon.core.webui.keyword.builtin.ClickKeyword.click(ClickKeyword.groovy:86)
	at com.kms.katalon.core.webui.keyword.builtin.ClickKeyword.execute(ClickKeyword.groovy:67)
	at com.kms.katalon.core.keyword.internal.KeywordExecutor.executeKeywordForPlatform(KeywordExecutor.groovy:53)
	at com.kms.katalon.core.webui.keyword.WebUiBuiltInKeywords.click(WebUiBuiltInKeywords.groovy:616)
	at com.kms.katalon.core.webui.keyword.WebUiBuiltInKeywords$click$3.call(Unknown Source)
	at ADD_RELATED_RISK_TEMPLATE.run(ADD_RELATED_RISK_TEMPLATE:43)
	at com.kms.katalon.core.main.ScriptEngine.run(ScriptEngine.java:194)
	at com.kms.katalon.core.main.ScriptEngine.runScriptAsRawText(ScriptEngine.java:119)
	at com.kms.katalon.core.main.TestCaseExecutor.runScript(TestCaseExecutor.java:328)
	at com.kms.katalon.core.main.TestCaseExecutor.doExecute(TestCaseExecutor.java:319)
	at com.kms.katalon.core.main.TestCaseExecutor.processExecutionPhase(TestCaseExecutor.java:298)
	at com.kms.katalon.core.main.TestCaseExecutor.accessMainPhase(TestCaseExecutor.java:290)
	at com.kms.katalon.core.main.TestCaseExecutor.execute(TestCaseExecutor.java:224)
	at com.kms.katalon.core.main.TestCaseMain.runTestCase(TestCaseMain.java:106)
	at com.kms.katalon.core.keyword.builtin.CallTestCaseKeyword$_callTestCase_closure1.doCall(CallTestCaseKeyword.groovy:59)
	at com.kms.katalon.core.keyword.builtin.CallTestCaseKeyword$_callTestCase_closure1.call(CallTestCaseKeyword.groovy)
	at com.kms.katalon.core.keyword.internal.KeywordMain.runKeyword(KeywordMain.groovy:54)
	at com.kms.katalon.core.keyword.builtin.CallTestCaseKeyword.callTestCase(CallTestCaseKeyword.groovy:80)
	at com.kms.katalon.core.keyword.builtin.CallTestCaseKeyword.execute(CallTestCaseKeyword.groovy:44)
	at com.kms.katalon.core.keyword.internal.KeywordExecutor.executeKeywordForPlatform(KeywordExecutor.groovy:53)
	at com.kms.katalon.core.keyword.BuiltinKeywords.callTestCase(BuiltinKeywords.groovy:334)
	at IDEA_ADD_RELATED_TOPICS_TEMPLATE.run(IDEA_ADD_RELATED_TOPICS_TEMPLATE:40)
	at com.kms.katalon.core.main.ScriptEngine.run(ScriptEngine.java:194)
	at com.kms.katalon.core.main.ScriptEngine.runScriptAsRawText(ScriptEngine.java:119)
	at com.kms.katalon.core.main.TestCaseExecutor.runScript(TestCaseExecutor.java:328)
	at com.kms.katalon.core.main.TestCaseExecutor.doExecute(TestCaseExecutor.java:319)
	at com.kms.katalon.core.main.TestCaseExecutor.processExecutionPhase(TestCaseExecutor.java:298)
	at com.kms.katalon.core.main.TestCaseExecutor.accessMainPhase(TestCaseExecutor.java:290)
	at com.kms.katalon.core.main.TestCaseExecutor.execute(TestCaseExecutor.java:224)
	at com.kms.katalon.core.main.TestCaseMain.runTestCase(TestCaseMain.java:106)
	at com.kms.katalon.core.keyword.builtin.CallTestCaseKeyword$_callTestCase_closure1.doCall(CallTestCaseKeyword.groovy:59)
	at com.kms.katalon.core.keyword.builtin.CallTestCaseKeyword$_callTestCase_closure1.call(CallTestCaseKeyword.groovy)
	at com.kms.katalon.core.keyword.internal.KeywordMain.runKeyword(KeywordMain.groovy:54)
	at com.kms.katalon.core.keyword.builtin.CallTestCaseKeyword.callTestCase(CallTestCaseKeyword.groovy:80)
	at com.kms.katalon.core.keyword.builtin.CallTestCaseKeyword.execute(CallTestCaseKeyword.groovy:44)
	at com.kms.katalon.core.keyword.internal.KeywordExecutor.executeKeywordForPlatform(KeywordExecutor.groovy:53)
	at com.kms.katalon.core.keyword.BuiltinKeywords.callTestCase(BuiltinKeywords.groovy:334)
	at VALIDATE IF USER CAN ADD NEW IDEA WITH RELATED TOPICS.run(VALIDATE IF USER CAN ADD NEW IDEA WITH RELATED TOPICS:20)
	at com.kms.katalon.core.main.ScriptEngine.run(ScriptEngine.java:194)
	at com.kms.katalon.core.main.ScriptEngine.runScriptAsRawText(ScriptEngine.java:119)
	at com.kms.katalon.core.main.TestCaseExecutor.runScript(TestCaseExecutor.java:328)
	at com.kms.katalon.core.main.TestCaseExecutor.doExecute(TestCaseExecutor.java:319)
	at com.kms.katalon.core.main.TestCaseExecutor.processExecutionPhase(TestCaseExecutor.java:298)
	at com.kms.katalon.core.main.TestCaseExecutor.accessMainPhase(TestCaseExecutor.java:290)
	at com.kms.katalon.core.main.TestCaseExecutor.execute(TestCaseExecutor.java:224)
	at com.kms.katalon.core.main.TestSuiteExecutor.accessTestCaseMainPhase(TestSuiteExecutor.java:129)
	at com.kms.katalon.core.main.TestSuiteExecutor.accessTestSuiteMainPhase(TestSuiteExecutor.java:112)
	at com.kms.katalon.core.main.TestSuiteExecutor.execute(TestSuiteExecutor.java:81)
	at com.kms.katalon.core.main.TestCaseMain.startTestSuite(TestCaseMain.java:149)
	at com.kms.katalon.core.main.TestCaseMain$startTestSuite$0.call(Unknown Source)
	at TempTestSuite1548989524436.run(TempTestSuite1548989524436.groovy:36)


2019-02-01 10:52:42 - [TEST_STEP][PASSED] - mouseOver(findTestObject("IDEATION/LV2 NAV/RELATED/RELATED_TAB")): Object: 'Object Repository/IDEATION/LV2 NAV/RELATED/RELATED_TAB' is hovered

2019-02-01 10:52:42 - [MESSAGE][PASSED] - Object: 'Object Repository/IDEATION/LV2 NAV/RELATED/RELATED_TAB' is hovered

2019-02-01 10:52:42 - [TEST_STEP][PASSED] - click(findTestObject("IDEATION/LV2 NAV/RELATED/RELATED_TAB")): Object: 'Object Repository/IDEATION/LV2 NAV/RELATED/RELATED_TAB' is clicked on

2019-02-01 10:52:42 - [MESSAGE][PASSED] - Object: 'Object Repository/IDEATION/LV2 NAV/RELATED/RELATED_TAB' is clicked on

2019-02-01 10:52:42 - [TEST_STEP][PASSED] - waitForElementVisible(findTestObject("IDEATION/LV2 NAV/RELATED/RISKS/RELATED_RISKS_TAB"), 60): Object 'Object Repository/IDEATION/LV2 NAV/RELATED/RISKS/RELATED_RISKS_TAB' is visible

2019-02-01 10:52:42 - [MESSAGE][PASSED] - Object 'Object Repository/IDEATION/LV2 NAV/RELATED/RISKS/RELATED_RISKS_TAB' is visible

2019-02-01 10:52:42 - [TEST_STEP][PASSED] - mouseOver(findTestObject("IDEATION/LV2 NAV/RELATED/RISKS/RELATED_RISKS_TAB")): Object: 'Object Repository/IDEATION/LV2 NAV/RELATED/RISKS/RELATED_RISKS_TAB' is hovered

2019-02-01 10:52:42 - [MESSAGE][PASSED] - Object: 'Object Repository/IDEATION/LV2 NAV/RELATED/RISKS/RELATED_RISKS_TAB' is hovered

2019-02-01 10:52:42 - [TEST_STEP][PASSED] - click(findTestObject("IDEATION/LV2 NAV/RELATED/RISKS/RELATED_RISKS_TAB")): Object: 'Object Repository/IDEATION/LV2 NAV/RELATED/RISKS/RELATED_RISKS_TAB' is clicked on

2019-02-01 10:52:42 - [MESSAGE][PASSED] - Object: 'Object Repository/IDEATION/LV2 NAV/RELATED/RISKS/RELATED_RISKS_TAB' is clicked on

2019-02-01 10:52:42 - [TEST_STEP][PASSED] - waitForElementVisible(findTestObject("IDEATION/LV2 NAV/RELATED/RISKS/OC_ADD_RISK_BUTTON"), 60): Object 'Object Repository/IDEATION/LV2 NAV/RELATED/RISKS/OC_ADD_RISK_BUTTON' is visible

2019-02-01 10:52:42 - [MESSAGE][PASSED] - Object 'Object Repository/IDEATION/LV2 NAV/RELATED/RISKS/OC_ADD_RISK_BUTTON' is visible

2019-02-01 10:52:42 - [TEST_STEP][PASSED] - mouseOver(findTestObject("IDEATION/LV2 NAV/RELATED/RISKS/OC_ADD_RISK_BUTTON")): Object: 'Object Repository/IDEATION/LV2 NAV/RELATED/RISKS/OC_ADD_RISK_BUTTON' is hovered

2019-02-01 10:52:42 - [MESSAGE][PASSED] - Object: 'Object Repository/IDEATION/LV2 NAV/RELATED/RISKS/OC_ADD_RISK_BUTTON' is hovered

2019-02-01 10:52:42 - [TEST_STEP][PASSED] - click(findTestObject("IDEATION/LV2 NAV/RELATED/RISKS/OC_ADD_RISK_BUTTON")): Object: 'Object Repository/IDEATION/LV2 NAV/RELATED/RISKS/OC_ADD_RISK_BUTTON' is clicked on

2019-02-01 10:52:42 - [MESSAGE][PASSED] - Object: 'Object Repository/IDEATION/LV2 NAV/RELATED/RISKS/OC_ADD_RISK_BUTTON' is clicked on

2019-02-01 10:52:42 - [TEST_STEP][PASSED] - waitForElementVisible(findTestObject("STRATEGY/RISKS/OC_RISK_TITLE_FIELD"), 60): Object 'Object Repository/STRATEGY/RISKS/OC_RISK_TITLE_FIELD' is visible

2019-02-01 10:52:42 - [MESSAGE][PASSED] - Object 'Object Repository/STRATEGY/RISKS/OC_RISK_TITLE_FIELD' is visible

2019-02-01 10:52:42 - [TEST_STEP][NOT_RUN] - click(findTestObject("STRATEGY/RISKS/OC_RISK_TITLE_FIELD")): NOT_RUN: click(findTestObject("STRATEGY/RISKS/OC_RISK_TITLE_FIELD"))

2019-02-01 10:52:42 - [MESSAGE][NOT_RUN] - NOT_RUN: click(findTestObject("STRATEGY/RISKS/OC_RISK_TITLE_FIELD"))

2019-02-01 10:52:42 - [TEST_STEP][PASSED] - setText(findTestObject("STRATEGY/RISKS/OC_RISK_TITLE_FIELD"), "RELATED RISK"): Text 'RELATED RISK' is set on object 'Object Repository/STRATEGY/RISKS/OC_RISK_TITLE_FIELD'

2019-02-01 10:52:43 - [MESSAGE][PASSED] - Text 'RELATED RISK' is set on object 'Object Repository/STRATEGY/RISKS/OC_RISK_TITLE_FIELD'

2019-02-01 10:52:43 - [TEST_STEP][PASSED] - sendKeys(findTestObject("STRATEGY/RISKS/OC_RISK_TITLE_FIELD"), Keys.chord(ENTER)): Keys 'ENTER + ' sent to object: 'Object Repository/STRATEGY/RISKS/OC_RISK_TITLE_FIELD'

2019-02-01 10:52:43 - [MESSAGE][PASSED] - Keys 'ENTER + ' sent to object: 'Object Repository/STRATEGY/RISKS/OC_RISK_TITLE_FIELD'

2019-02-01 10:52:43 - [TEST_STEP][PASSED] - mouseOver(findTestObject("STRATEGY/RISKS/OC_RISK_STATUS_FIELD")): Object: 'Object Repository/STRATEGY/RISKS/OC_RISK_STATUS_FIELD' is hovered

2019-02-01 10:52:43 - [MESSAGE][PASSED] - Object: 'Object Repository/STRATEGY/RISKS/OC_RISK_STATUS_FIELD' is hovered

2019-02-01 10:52:43 - [TEST_STEP][FAILED] - click(findTestObject("STRATEGY/RISKS/OC_RISK_STATUS_FIELD")): Unable to click on object 'Object Repository/STRATEGY/RISKS/OC_RISK_STATUS_FIELD' (Root cause: org.openqa.selenium.WebDriverException: unknown error: Element <span _ngcontent-c76="">...</span> is not clickable at point (246, 43). Other element would receive the click: <span _ngcontent-c102="">...</span>
  (Session info: chrome=71.0.3578.98)
  (Driver info: chromedriver=2.43.600210 (68dcf5eebde37173d4027fa8635e332711d2874a),platform=Windows NT 10.0.14393 x86_64) (WARNING: The server did not provide any stacktrace information)
Command duration or timeout: 0 milliseconds
Build info: version: '3.7.1', revision: '8a0099a', time: '2017-11-06T21:07:36.161Z'
System info: host: 'YSPC-STRATAPPQA', ip: '192.168.56.1', os.name: 'Windows 10', os.arch: 'amd64', os.version: '10.0', java.version: '1.8.0_102'
Driver info: com.kms.katalon.selenium.driver.CChromeDriver
Capabilities {acceptInsecureCerts: false, acceptSslCerts: false, applicationCacheEnabled: false, browserConnectionEnabled: false, browserName: chrome, chrome: {chromedriverVersion: 2.43.600210 (68dcf5eebde371..., userDataDir: C:\Users\JOHNSE~1\AppData\L...}, cssSelectorsEnabled: true, databaseEnabled: false, goog:chromeOptions: {debuggerAddress: localhost:42239}, handlesAlerts: true, hasTouchScreen: false, javascriptEnabled: true, locationContextEnabled: true, mobileEmulationEnabled: false, nativeEvents: true, networkConnectionEnabled: false, pageLoadStrategy: normal, platform: XP, platformName: XP, rotatable: false, setWindowRect: true, takesHeapSnapshot: true, takesScreenshot: true, unexpectedAlertBehaviour: , unhandledPromptBehavior: , version: 71.0.3578.98, webStorageEnabled: true}
Session ID: 8dc10a0f4f237c982018bd236d3ad2c0)

2019-02-01 10:52:43 - [MESSAGE][FAILED] - Unable to click on object 'Object Repository/STRATEGY/RISKS/OC_RISK_STATUS_FIELD' (Root cause: org.openqa.selenium.WebDriverException: unknown error: Element <span _ngcontent-c76="">...</span> is not clickable at point (246, 43). Other element would receive the click: <span _ngcontent-c102="">...</span>
  (Session info: chrome=71.0.3578.98)
  (Driver info: chromedriver=2.43.600210 (68dcf5eebde37173d4027fa8635e332711d2874a),platform=Windows NT 10.0.14393 x86_64) (WARNING: The server did not provide any stacktrace information)
Command duration or timeout: 0 milliseconds
Build info: version: '3.7.1', revision: '8a0099a', time: '2017-11-06T21:07:36.161Z'
System info: host: 'YSPC-STRATAPPQA', ip: '192.168.56.1', os.name: 'Windows 10', os.arch: 'amd64', os.version: '10.0', java.version: '1.8.0_102'
Driver info: com.kms.katalon.selenium.driver.CChromeDriver
Capabilities {acceptInsecureCerts: false, acceptSslCerts: false, applicationCacheEnabled: false, browserConnectionEnabled: false, browserName: chrome, chrome: {chromedriverVersion: 2.43.600210 (68dcf5eebde371..., userDataDir: C:\Users\JOHNSE~1\AppData\L...}, cssSelectorsEnabled: true, databaseEnabled: false, goog:chromeOptions: {debuggerAddress: localhost:42239}, handlesAlerts: true, hasTouchScreen: false, javascriptEnabled: true, locationContextEnabled: true, mobileEmulationEnabled: false, nativeEvents: true, networkConnectionEnabled: false, pageLoadStrategy: normal, platform: XP, platformName: XP, rotatable: false, setWindowRect: true, takesHeapSnapshot: true, takesScreenshot: true, unexpectedAlertBehaviour: , unhandledPromptBehavior: , version: 71.0.3578.98, webStorageEnabled: true}
Session ID: 8dc10a0f4f237c982018bd236d3ad2c0)
[[ATTACHMENT|C:\\Users\\JohnSeigfredManzanar\\Katalon Studio\\StratApp\\Reports\\test\\20190201_105159\\1548989563412.png]]

2019-02-01 10:52:43 - [TEST_STEP][FAILED] - stratapp.Dropdown.Select(findTestObject("STRATEGY/RISKS/OC_RISK_STATUS_DROPDOWN"), "under control"): stratapp.Dropdown.Select(findTestObject("STRATEGY/RISKS/OC_RISK_STATUS_DROPDOWN"), "under control") FAILED.
Reason:
com.kms.katalon.core.exception.StepFailedException: Unable to click on object 'Object Repository/STRATEGY/RISKS/OC_RISK_STATUS_FIELD' (Root cause: org.openqa.selenium.WebDriverException: unknown error: Element <span _ngcontent-c76="">...</span> is not clickable at point (246, 43). Other element would receive the click: <span _ngcontent-c102="">...</span>
  (Session info: chrome=71.0.3578.98)
  (Driver info: chromedriver=2.43.600210 (68dcf5eebde37173d4027fa8635e332711d2874a),platform=Windows NT 10.0.14393 x86_64) (WARNING: The server did not provide any stacktrace information)
Command duration or timeout: 0 milliseconds
Build info: version: '3.7.1', revision: '8a0099a', time: '2017-11-06T21:07:36.161Z'
System info: host: 'YSPC-STRATAPPQA', ip: '192.168.56.1', os.name: 'Windows 10', os.arch: 'amd64', os.version: '10.0', java.version: '1.8.0_102'
Driver info: com.kms.katalon.selenium.driver.CChromeDriver
Capabilities {acceptInsecureCerts: false, acceptSslCerts: false, applicationCacheEnabled: false, browserConnectionEnabled: false, browserName: chrome, chrome: {chromedriverVersion: 2.43.600210 (68dcf5eebde371..., userDataDir: C:\Users\JOHNSE~1\AppData\L...}, cssSelectorsEnabled: true, databaseEnabled: false, goog:chromeOptions: {debuggerAddress: localhost:42239}, handlesAlerts: true, hasTouchScreen: false, javascriptEnabled: true, locationContextEnabled: true, mobileEmulationEnabled: false, nativeEvents: true, networkConnectionEnabled: false, pageLoadStrategy: normal, platform: XP, platformName: XP, rotatable: false, setWindowRect: true, takesHeapSnapshot: true, takesScreenshot: true, unexpectedAlertBehaviour: , unhandledPromptBehavior: , version: 71.0.3578.98, webStorageEnabled: true}
Session ID: 8dc10a0f4f237c982018bd236d3ad2c0)
	at com.kms.katalon.core.keyword.internal.KeywordMain.stepFailed(KeywordMain.groovy:32)
	at com.kms.katalon.core.webui.keyword.internal.WebUIKeywordMain.stepFailed(WebUIKeywordMain.groovy:65)
	at com.kms.katalon.core.webui.keyword.internal.WebUIKeywordMain.runKeyword(WebUIKeywordMain.groovy:27)
	at com.kms.katalon.core.webui.keyword.builtin.ClickKeyword.click(ClickKeyword.groovy:86)
	at com.kms.katalon.core.webui.keyword.builtin.ClickKeyword.execute(ClickKeyword.groovy:67)
	at com.kms.katalon.core.keyword.internal.KeywordExecutor.executeKeywordForPlatform(KeywordExecutor.groovy:53)
	at com.kms.katalon.core.webui.keyword.WebUiBuiltInKeywords.click(WebUiBuiltInKeywords.groovy:616)
	at com.kms.katalon.core.webui.keyword.WebUiBuiltInKeywords$click$3.call(Unknown Source)
	at ADD_RELATED_RISK_TEMPLATE.run(ADD_RELATED_RISK_TEMPLATE:43)
	at com.kms.katalon.core.main.ScriptEngine.run(ScriptEngine.java:194)
	at com.kms.katalon.core.main.ScriptEngine.runScriptAsRawText(ScriptEngine.java:119)
	at com.kms.katalon.core.main.TestCaseExecutor.runScript(TestCaseExecutor.java:328)
	at com.kms.katalon.core.main.TestCaseExecutor.doExecute(TestCaseExecutor.java:319)
	at com.kms.katalon.core.main.TestCaseExecutor.processExecutionPhase(TestCaseExecutor.java:298)
	at com.kms.katalon.core.main.TestCaseExecutor.accessMainPhase(TestCaseExecutor.java:290)
	at com.kms.katalon.core.main.TestCaseExecutor.execute(TestCaseExecutor.java:224)
	at com.kms.katalon.core.main.TestCaseMain.runTestCase(TestCaseMain.java:106)
	at com.kms.katalon.core.keyword.builtin.CallTestCaseKeyword$_callTestCase_closure1.doCall(CallTestCaseKeyword.groovy:59)
	at com.kms.katalon.core.keyword.builtin.CallTestCaseKeyword$_callTestCase_closure1.call(CallTestCaseKeyword.groovy)
	at com.kms.katalon.core.keyword.internal.KeywordMain.runKeyword(KeywordMain.groovy:54)
	at com.kms.katalon.core.keyword.builtin.CallTestCaseKeyword.callTestCase(CallTestCaseKeyword.groovy:80)
	at com.kms.katalon.core.keyword.builtin.CallTestCaseKeyword.execute(CallTestCaseKeyword.groovy:44)
	at com.kms.katalon.core.keyword.internal.KeywordExecutor.executeKeywordForPlatform(KeywordExecutor.groovy:53)
	at com.kms.katalon.core.keyword.BuiltinKeywords.callTestCase(BuiltinKeywords.groovy:334)
	at IDEA_ADD_RELATED_TOPICS_TEMPLATE.run(IDEA_ADD_RELATED_TOPICS_TEMPLATE:40)
	at com.kms.katalon.core.main.ScriptEngine.run(ScriptEngine.java:194)
	at com.kms.katalon.core.main.ScriptEngine.runScriptAsRawText(ScriptEngine.java:119)
	at com.kms.katalon.core.main.TestCaseExecutor.runScript(TestCaseExecutor.java:328)
	at com.kms.katalon.core.main.TestCaseExecutor.doExecute(TestCaseExecutor.java:319)
	at com.kms.katalon.core.main.TestCaseExecutor.processExecutionPhase(TestCaseExecutor.java:298)
	at com.kms.katalon.core.main.TestCaseExecutor.accessMainPhase(TestCaseExecutor.java:290)
	at com.kms.katalon.core.main.TestCaseExecutor.execute(TestCaseExecutor.java:224)
	at com.kms.katalon.core.main.TestCaseMain.runTestCase(TestCaseMain.java:106)
	at com.kms.katalon.core.keyword.builtin.CallTestCaseKeyword$_callTestCase_closure1.doCall(CallTestCaseKeyword.groovy:59)
	at com.kms.katalon.core.keyword.builtin.CallTestCaseKeyword$_callTestCase_closure1.call(CallTestCaseKeyword.groovy)
	at com.kms.katalon.core.keyword.internal.KeywordMain.runKeyword(KeywordMain.groovy:54)
	at com.kms.katalon.core.keyword.builtin.CallTestCaseKeyword.callTestCase(CallTestCaseKeyword.groovy:80)
	at com.kms.katalon.core.keyword.builtin.CallTestCaseKeyword.execute(CallTestCaseKeyword.groovy:44)
	at com.kms.katalon.core.keyword.internal.KeywordExecutor.executeKeywordForPlatform(KeywordExecutor.groovy:53)
	at com.kms.katalon.core.keyword.BuiltinKeywords.callTestCase(BuiltinKeywords.groovy:334)
	at VALIDATE IF USER CAN ADD NEW IDEA WITH RELATED TOPICS.run(VALIDATE IF USER CAN ADD NEW IDEA WITH RELATED TOPICS:20)
	at com.kms.katalon.core.main.ScriptEngine.run(ScriptEngine.java:194)
	at com.kms.katalon.core.main.ScriptEngine.runScriptAsRawText(ScriptEngine.java:119)
	at com.kms.katalon.core.main.TestCaseExecutor.runScript(TestCaseExecutor.java:328)
	at com.kms.katalon.core.main.TestCaseExecutor.doExecute(TestCaseExecutor.java:319)
	at com.kms.katalon.core.main.TestCaseExecutor.processExecutionPhase(TestCaseExecutor.java:298)
	at com.kms.katalon.core.main.TestCaseExecutor.accessMainPhase(TestCaseExecutor.java:290)
	at com.kms.katalon.core.main.TestCaseExecutor.execute(TestCaseExecutor.java:224)
	at com.kms.katalon.core.main.TestSuiteExecutor.accessTestCaseMainPhase(TestSuiteExecutor.java:129)
	at com.kms.katalon.core.main.TestSuiteExecutor.accessTestSuiteMainPhase(TestSuiteExecutor.java:112)
	at com.kms.katalon.core.main.TestSuiteExecutor.execute(TestSuiteExecutor.java:81)
	at com.kms.katalon.core.main.TestCaseMain.startTestSuite(TestCaseMain.java:149)
	at com.kms.katalon.core.main.TestCaseMain$startTestSuite$0.call(Unknown Source)
	at TempTestSuite1548989524436.run(TempTestSuite1548989524436.groovy:36)


2019-02-01 10:52:43 - [MESSAGE][ERROR] - no such element: Unable to locate element: {"method":"xpath","selector":"//div[@aria-labelledby='dropdownBasic1']"}
  (Session info: chrome=71.0.3578.98)
  (Driver info: chromedriver=2.43.600210 (68dcf5eebde37173d4027fa8635e332711d2874a),platform=Windows NT 10.0.14393 x86_64) (WARNING: The server did not provide any stacktrace information)
Command duration or timeout: 0 milliseconds
For documentation on this error, please visit: http://seleniumhq.org/exceptions/no_such_element.html
Build info: version: '3.7.1', revision: '8a0099a', time: '2017-11-06T21:07:36.161Z'
System info: host: 'YSPC-STRATAPPQA', ip: '192.168.56.1', os.name: 'Windows 10', os.arch: 'amd64', os.version: '10.0', java.version: '1.8.0_102'
Driver info: com.kms.katalon.selenium.driver.CChromeDriver
Capabilities {acceptInsecureCerts: false, acceptSslCerts: false, applicationCacheEnabled: false, browserConnectionEnabled: false, browserName: chrome, chrome: {chromedriverVersion: 2.43.600210 (68dcf5eebde371..., userDataDir: C:\Users\JOHNSE~1\AppData\L...}, cssSelectorsEnabled: true, databaseEnabled: false, goog:chromeOptions: {debuggerAddress: localhost:42239}, handlesAlerts: true, hasTouchScreen: false, javascriptEnabled: true, locationContextEnabled: true, mobileEmulationEnabled: false, nativeEvents: true, networkConnectionEnabled: false, pageLoadStrategy: normal, platform: XP, platformName: XP, rotatable: false, setWindowRect: true, takesHeapSnapshot: true, takesScreenshot: true, unexpectedAlertBehaviour: , unhandledPromptBehavior: , version: 71.0.3578.98, webStorageEnabled: true}
Session ID: 8dc10a0f4f237c982018bd236d3ad2c0
*** Element info: {Using=xpath, value=//div[@aria-labelledby='dropdownBasic1']}

2019-02-01 10:52:43 - [MESSAGE][FAILED] - stratapp.Dropdown.Select(findTestObject("STRATEGY/RISKS/OC_RISK_STATUS_DROPDOWN"), "under control") FAILED.
Reason:
com.kms.katalon.core.exception.StepFailedException: Unable to click on object 'Object Repository/STRATEGY/RISKS/OC_RISK_STATUS_FIELD' (Root cause: org.openqa.selenium.WebDriverException: unknown error: Element <span _ngcontent-c76="">...</span> is not clickable at point (246, 43). Other element would receive the click: <span _ngcontent-c102="">...</span>
  (Session info: chrome=71.0.3578.98)
  (Driver info: chromedriver=2.43.600210 (68dcf5eebde37173d4027fa8635e332711d2874a),platform=Windows NT 10.0.14393 x86_64) (WARNING: The server did not provide any stacktrace information)
Command duration or timeout: 0 milliseconds
Build info: version: '3.7.1', revision: '8a0099a', time: '2017-11-06T21:07:36.161Z'
System info: host: 'YSPC-STRATAPPQA', ip: '192.168.56.1', os.name: 'Windows 10', os.arch: 'amd64', os.version: '10.0', java.version: '1.8.0_102'
Driver info: com.kms.katalon.selenium.driver.CChromeDriver
Capabilities {acceptInsecureCerts: false, acceptSslCerts: false, applicationCacheEnabled: false, browserConnectionEnabled: false, browserName: chrome, chrome: {chromedriverVersion: 2.43.600210 (68dcf5eebde371..., userDataDir: C:\Users\JOHNSE~1\AppData\L...}, cssSelectorsEnabled: true, databaseEnabled: false, goog:chromeOptions: {debuggerAddress: localhost:42239}, handlesAlerts: true, hasTouchScreen: false, javascriptEnabled: true, locationContextEnabled: true, mobileEmulationEnabled: false, nativeEvents: true, networkConnectionEnabled: false, pageLoadStrategy: normal, platform: XP, platformName: XP, rotatable: false, setWindowRect: true, takesHeapSnapshot: true, takesScreenshot: true, unexpectedAlertBehaviour: , unhandledPromptBehavior: , version: 71.0.3578.98, webStorageEnabled: true}
Session ID: 8dc10a0f4f237c982018bd236d3ad2c0)
	at com.kms.katalon.core.keyword.internal.KeywordMain.stepFailed(KeywordMain.groovy:32)
	at com.kms.katalon.core.webui.keyword.internal.WebUIKeywordMain.stepFailed(WebUIKeywordMain.groovy:65)
	at com.kms.katalon.core.webui.keyword.internal.WebUIKeywordMain.runKeyword(WebUIKeywordMain.groovy:27)
	at com.kms.katalon.core.webui.keyword.builtin.ClickKeyword.click(ClickKeyword.groovy:86)
	at com.kms.katalon.core.webui.keyword.builtin.ClickKeyword.execute(ClickKeyword.groovy:67)
	at com.kms.katalon.core.keyword.internal.KeywordExecutor.executeKeywordForPlatform(KeywordExecutor.groovy:53)
	at com.kms.katalon.core.webui.keyword.WebUiBuiltInKeywords.click(WebUiBuiltInKeywords.groovy:616)
	at com.kms.katalon.core.webui.keyword.WebUiBuiltInKeywords$click$3.call(Unknown Source)
	at ADD_RELATED_RISK_TEMPLATE.run(ADD_RELATED_RISK_TEMPLATE:43)
	at com.kms.katalon.core.main.ScriptEngine.run(ScriptEngine.java:194)
	at com.kms.katalon.core.main.ScriptEngine.runScriptAsRawText(ScriptEngine.java:119)
	at com.kms.katalon.core.main.TestCaseExecutor.runScript(TestCaseExecutor.java:328)
	at com.kms.katalon.core.main.TestCaseExecutor.doExecute(TestCaseExecutor.java:319)
	at com.kms.katalon.core.main.TestCaseExecutor.processExecutionPhase(TestCaseExecutor.java:298)
	at com.kms.katalon.core.main.TestCaseExecutor.accessMainPhase(TestCaseExecutor.java:290)
	at com.kms.katalon.core.main.TestCaseExecutor.execute(TestCaseExecutor.java:224)
	at com.kms.katalon.core.main.TestCaseMain.runTestCase(TestCaseMain.java:106)
	at com.kms.katalon.core.keyword.builtin.CallTestCaseKeyword$_callTestCase_closure1.doCall(CallTestCaseKeyword.groovy:59)
	at com.kms.katalon.core.keyword.builtin.CallTestCaseKeyword$_callTestCase_closure1.call(CallTestCaseKeyword.groovy)
	at com.kms.katalon.core.keyword.internal.KeywordMain.runKeyword(KeywordMain.groovy:54)
	at com.kms.katalon.core.keyword.builtin.CallTestCaseKeyword.callTestCase(CallTestCaseKeyword.groovy:80)
	at com.kms.katalon.core.keyword.builtin.CallTestCaseKeyword.execute(CallTestCaseKeyword.groovy:44)
	at com.kms.katalon.core.keyword.internal.KeywordExecutor.executeKeywordForPlatform(KeywordExecutor.groovy:53)
	at com.kms.katalon.core.keyword.BuiltinKeywords.callTestCase(BuiltinKeywords.groovy:334)
	at IDEA_ADD_RELATED_TOPICS_TEMPLATE.run(IDEA_ADD_RELATED_TOPICS_TEMPLATE:40)
	at com.kms.katalon.core.main.ScriptEngine.run(ScriptEngine.java:194)
	at com.kms.katalon.core.main.ScriptEngine.runScriptAsRawText(ScriptEngine.java:119)
	at com.kms.katalon.core.main.TestCaseExecutor.runScript(TestCaseExecutor.java:328)
	at com.kms.katalon.core.main.TestCaseExecutor.doExecute(TestCaseExecutor.java:319)
	at com.kms.katalon.core.main.TestCaseExecutor.processExecutionPhase(TestCaseExecutor.java:298)
	at com.kms.katalon.core.main.TestCaseExecutor.accessMainPhase(TestCaseExecutor.java:290)
	at com.kms.katalon.core.main.TestCaseExecutor.execute(TestCaseExecutor.java:224)
	at com.kms.katalon.core.main.TestCaseMain.runTestCase(TestCaseMain.java:106)
	at com.kms.katalon.core.keyword.builtin.CallTestCaseKeyword$_callTestCase_closure1.doCall(CallTestCaseKeyword.groovy:59)
	at com.kms.katalon.core.keyword.builtin.CallTestCaseKeyword$_callTestCase_closure1.call(CallTestCaseKeyword.groovy)
	at com.kms.katalon.core.keyword.internal.KeywordMain.runKeyword(KeywordMain.groovy:54)
	at com.kms.katalon.core.keyword.builtin.CallTestCaseKeyword.callTestCase(CallTestCaseKeyword.groovy:80)
	at com.kms.katalon.core.keyword.builtin.CallTestCaseKeyword.execute(CallTestCaseKeyword.groovy:44)
	at com.kms.katalon.core.keyword.internal.KeywordExecutor.executeKeywordForPlatform(KeywordExecutor.groovy:53)
	at com.kms.katalon.core.keyword.BuiltinKeywords.callTestCase(BuiltinKeywords.groovy:334)
	at VALIDATE IF USER CAN ADD NEW IDEA WITH RELATED TOPICS.run(VALIDATE IF USER CAN ADD NEW IDEA WITH RELATED TOPICS:20)
	at com.kms.katalon.core.main.ScriptEngine.run(ScriptEngine.java:194)
	at com.kms.katalon.core.main.ScriptEngine.runScriptAsRawText(ScriptEngine.java:119)
	at com.kms.katalon.core.main.TestCaseExecutor.runScript(TestCaseExecutor.java:328)
	at com.kms.katalon.core.main.TestCaseExecutor.doExecute(TestCaseExecutor.java:319)
	at com.kms.katalon.core.main.TestCaseExecutor.processExecutionPhase(TestCaseExecutor.java:298)
	at com.kms.katalon.core.main.TestCaseExecutor.accessMainPhase(TestCaseExecutor.java:290)
	at com.kms.katalon.core.main.TestCaseExecutor.execute(TestCaseExecutor.java:224)
	at com.kms.katalon.core.main.TestSuiteExecutor.accessTestCaseMainPhase(TestSuiteExecutor.java:129)
	at com.kms.katalon.core.main.TestSuiteExecutor.accessTestSuiteMainPhase(TestSuiteExecutor.java:112)
	at com.kms.katalon.core.main.TestSuiteExecutor.execute(TestSuiteExecutor.java:81)
	at com.kms.katalon.core.main.TestCaseMain.startTestSuite(TestCaseMain.java:149)
	at com.kms.katalon.core.main.TestCaseMain$startTestSuite$0.call(Unknown Source)
	at TempTestSuite1548989524436.run(TempTestSuite1548989524436.groovy:36)


2019-02-01 10:52:43 - [MESSAGE][FAILED] - Unable to call Test Case 'Test Cases/TEMPLATES/IDEATION/RELATED/ADD_RELATED_RISK_TEMPLATE' (Root cause: com.kms.katalon.core.exception.StepFailedException: Call Test Case 'Test Cases/TEMPLATES/IDEATION/RELATED/ADD_RELATED_RISK_TEMPLATE' failed)

2019-02-01 10:52:43 - [MESSAGE][FAILED] - callTestCase(findTestCase("TEMPLATES/IDEATION/RELATED/ADD_RELATED_RISK_TEMPLATE"), [:], CONTINUE_ON_FAILURE) FAILED.
Reason:
com.kms.katalon.core.exception.StepFailedException: Unable to click on object 'Object Repository/STRATEGY/RISKS/OC_RISK_STATUS_FIELD' (Root cause: org.openqa.selenium.WebDriverException: unknown error: Element <span _ngcontent-c76="">...</span> is not clickable at point (246, 43). Other element would receive the click: <span _ngcontent-c102="">...</span>
  (Session info: chrome=71.0.3578.98)
  (Driver info: chromedriver=2.43.600210 (68dcf5eebde37173d4027fa8635e332711d2874a),platform=Windows NT 10.0.14393 x86_64) (WARNING: The server did not provide any stacktrace information)
Command duration or timeout: 0 milliseconds
Build info: version: '3.7.1', revision: '8a0099a', time: '2017-11-06T21:07:36.161Z'
System info: host: 'YSPC-STRATAPPQA', ip: '192.168.56.1', os.name: 'Windows 10', os.arch: 'amd64', os.version: '10.0', java.version: '1.8.0_102'
Driver info: com.kms.katalon.selenium.driver.CChromeDriver
Capabilities {acceptInsecureCerts: false, acceptSslCerts: false, applicationCacheEnabled: false, browserConnectionEnabled: false, browserName: chrome, chrome: {chromedriverVersion: 2.43.600210 (68dcf5eebde371..., userDataDir: C:\Users\JOHNSE~1\AppData\L...}, cssSelectorsEnabled: true, databaseEnabled: false, goog:chromeOptions: {debuggerAddress: localhost:42239}, handlesAlerts: true, hasTouchScreen: false, javascriptEnabled: true, locationContextEnabled: true, mobileEmulationEnabled: false, nativeEvents: true, networkConnectionEnabled: false, pageLoadStrategy: normal, platform: XP, platformName: XP, rotatable: false, setWindowRect: true, takesHeapSnapshot: true, takesScreenshot: true, unexpectedAlertBehaviour: , unhandledPromptBehavior: , version: 71.0.3578.98, webStorageEnabled: true}
Session ID: 8dc10a0f4f237c982018bd236d3ad2c0)
	at com.kms.katalon.core.keyword.internal.KeywordMain.stepFailed(KeywordMain.groovy:32)
	at com.kms.katalon.core.webui.keyword.internal.WebUIKeywordMain.stepFailed(WebUIKeywordMain.groovy:65)
	at com.kms.katalon.core.webui.keyword.internal.WebUIKeywordMain.runKeyword(WebUIKeywordMain.groovy:27)
	at com.kms.katalon.core.webui.keyword.builtin.ClickKeyword.click(ClickKeyword.groovy:86)
	at com.kms.katalon.core.webui.keyword.builtin.ClickKeyword.execute(ClickKeyword.groovy:67)
	at com.kms.katalon.core.keyword.internal.KeywordExecutor.executeKeywordForPlatform(KeywordExecutor.groovy:53)
	at com.kms.katalon.core.webui.keyword.WebUiBuiltInKeywords.click(WebUiBuiltInKeywords.groovy:616)
	at com.kms.katalon.core.webui.keyword.WebUiBuiltInKeywords$click$3.call(Unknown Source)
	at ADD_RELATED_RISK_TEMPLATE.run(ADD_RELATED_RISK_TEMPLATE:43)
	at com.kms.katalon.core.main.ScriptEngine.run(ScriptEngine.java:194)
	at com.kms.katalon.core.main.ScriptEngine.runScriptAsRawText(ScriptEngine.java:119)
	at com.kms.katalon.core.main.TestCaseExecutor.runScript(TestCaseExecutor.java:328)
	at com.kms.katalon.core.main.TestCaseExecutor.doExecute(TestCaseExecutor.java:319)
	at com.kms.katalon.core.main.TestCaseExecutor.processExecutionPhase(TestCaseExecutor.java:298)
	at com.kms.katalon.core.main.TestCaseExecutor.accessMainPhase(TestCaseExecutor.java:290)
	at com.kms.katalon.core.main.TestCaseExecutor.execute(TestCaseExecutor.java:224)
	at com.kms.katalon.core.main.TestCaseMain.runTestCase(TestCaseMain.java:106)
	at com.kms.katalon.core.keyword.builtin.CallTestCaseKeyword$_callTestCase_closure1.doCall(CallTestCaseKeyword.groovy:59)
	at com.kms.katalon.core.keyword.builtin.CallTestCaseKeyword$_callTestCase_closure1.call(CallTestCaseKeyword.groovy)
	at com.kms.katalon.core.keyword.internal.KeywordMain.runKeyword(KeywordMain.groovy:54)
	at com.kms.katalon.core.keyword.builtin.CallTestCaseKeyword.callTestCase(CallTestCaseKeyword.groovy:80)
	at com.kms.katalon.core.keyword.builtin.CallTestCaseKeyword.execute(CallTestCaseKeyword.groovy:44)
	at com.kms.katalon.core.keyword.internal.KeywordExecutor.executeKeywordForPlatform(KeywordExecutor.groovy:53)
	at com.kms.katalon.core.keyword.BuiltinKeywords.callTestCase(BuiltinKeywords.groovy:334)
	at IDEA_ADD_RELATED_TOPICS_TEMPLATE.run(IDEA_ADD_RELATED_TOPICS_TEMPLATE:40)
	at com.kms.katalon.core.main.ScriptEngine.run(ScriptEngine.java:194)
	at com.kms.katalon.core.main.ScriptEngine.runScriptAsRawText(ScriptEngine.java:119)
	at com.kms.katalon.core.main.TestCaseExecutor.runScript(TestCaseExecutor.java:328)
	at com.kms.katalon.core.main.TestCaseExecutor.doExecute(TestCaseExecutor.java:319)
	at com.kms.katalon.core.main.TestCaseExecutor.processExecutionPhase(TestCaseExecutor.java:298)
	at com.kms.katalon.core.main.TestCaseExecutor.accessMainPhase(TestCaseExecutor.java:290)
	at com.kms.katalon.core.main.TestCaseExecutor.execute(TestCaseExecutor.java:224)
	at com.kms.katalon.core.main.TestCaseMain.runTestCase(TestCaseMain.java:106)
	at com.kms.katalon.core.keyword.builtin.CallTestCaseKeyword$_callTestCase_closure1.doCall(CallTestCaseKeyword.groovy:59)
	at com.kms.katalon.core.keyword.builtin.CallTestCaseKeyword$_callTestCase_closure1.call(CallTestCaseKeyword.groovy)
	at com.kms.katalon.core.keyword.internal.KeywordMain.runKeyword(KeywordMain.groovy:54)
	at com.kms.katalon.core.keyword.builtin.CallTestCaseKeyword.callTestCase(CallTestCaseKeyword.groovy:80)
	at com.kms.katalon.core.keyword.builtin.CallTestCaseKeyword.execute(CallTestCaseKeyword.groovy:44)
	at com.kms.katalon.core.keyword.internal.KeywordExecutor.executeKeywordForPlatform(KeywordExecutor.groovy:53)
	at com.kms.katalon.core.keyword.BuiltinKeywords.callTestCase(BuiltinKeywords.groovy:334)
	at VALIDATE IF USER CAN ADD NEW IDEA WITH RELATED TOPICS.run(VALIDATE IF USER CAN ADD NEW IDEA WITH RELATED TOPICS:20)
	at com.kms.katalon.core.main.ScriptEngine.run(ScriptEngine.java:194)
	at com.kms.katalon.core.main.ScriptEngine.runScriptAsRawText(ScriptEngine.java:119)
	at com.kms.katalon.core.main.TestCaseExecutor.runScript(TestCaseExecutor.java:328)
	at com.kms.katalon.core.main.TestCaseExecutor.doExecute(TestCaseExecutor.java:319)
	at com.kms.katalon.core.main.TestCaseExecutor.processExecutionPhase(TestCaseExecutor.java:298)
	at com.kms.katalon.core.main.TestCaseExecutor.accessMainPhase(TestCaseExecutor.java:290)
	at com.kms.katalon.core.main.TestCaseExecutor.execute(TestCaseExecutor.java:224)
	at com.kms.katalon.core.main.TestSuiteExecutor.accessTestCaseMainPhase(TestSuiteExecutor.java:129)
	at com.kms.katalon.core.main.TestSuiteExecutor.accessTestSuiteMainPhase(TestSuiteExecutor.java:112)
	at com.kms.katalon.core.main.TestSuiteExecutor.execute(TestSuiteExecutor.java:81)
	at com.kms.katalon.core.main.TestCaseMain.startTestSuite(TestCaseMain.java:149)
	at com.kms.katalon.core.main.TestCaseMain$startTestSuite$0.call(Unknown Source)
	at TempTestSuite1548989524436.run(TempTestSuite1548989524436.groovy:36)


2019-02-01 10:52:43 - [MESSAGE][FAILED] - Unable to call Test Case 'Test Cases/TEMPLATES/IDEATION/IDEA/IDEA_ADD_RELATED_TOPICS_TEMPLATE' (Root cause: com.kms.katalon.core.exception.StepFailedException: Call Test Case 'Test Cases/TEMPLATES/IDEATION/IDEA/IDEA_ADD_RELATED_TOPICS_TEMPLATE' failed)

2019-02-01 10:52:43 - [MESSAGE][FAILED] - callTestCase(findTestCase("TEMPLATES/IDEATION/IDEA/IDEA_ADD_RELATED_TOPICS_TEMPLATE"), [:], CONTINUE_ON_FAILURE) FAILED.
Reason:
com.kms.katalon.core.exception.StepFailedException: Unable to click on object 'Object Repository/IDEATION/TABS/IDEAS_TAB' (Root cause: org.openqa.selenium.WebDriverException: unknown error: Element <a _ngcontent-c50="" class="nav-link" href="/ideation/..." routerlink="/ideation/ideas" routerlinkactive="active">ideas</a> is not clickable at point (299, 66). Other element would receive the click: <div _ngcontent-c5="" class="navbar-title navbar-dark collapse navbar-collapse" id="navbarTogglerDemo02">...</div>
  (Session info: chrome=71.0.3578.98)
  (Driver info: chromedriver=2.43.600210 (68dcf5eebde37173d4027fa8635e332711d2874a),platform=Windows NT 10.0.14393 x86_64) (WARNING: The server did not provide any stacktrace information)
Command duration or timeout: 0 milliseconds
Build info: version: '3.7.1', revision: '8a0099a', time: '2017-11-06T21:07:36.161Z'
System info: host: 'YSPC-STRATAPPQA', ip: '192.168.56.1', os.name: 'Windows 10', os.arch: 'amd64', os.version: '10.0', java.version: '1.8.0_102'
Driver info: com.kms.katalon.selenium.driver.CChromeDriver
Capabilities {acceptInsecureCerts: false, acceptSslCerts: false, applicationCacheEnabled: false, browserConnectionEnabled: false, browserName: chrome, chrome: {chromedriverVersion: 2.43.600210 (68dcf5eebde371..., userDataDir: C:\Users\JOHNSE~1\AppData\L...}, cssSelectorsEnabled: true, databaseEnabled: false, goog:chromeOptions: {debuggerAddress: localhost:42239}, handlesAlerts: true, hasTouchScreen: false, javascriptEnabled: true, locationContextEnabled: true, mobileEmulationEnabled: false, nativeEvents: true, networkConnectionEnabled: false, pageLoadStrategy: normal, platform: XP, platformName: XP, rotatable: false, setWindowRect: true, takesHeapSnapshot: true, takesScreenshot: true, unexpectedAlertBehaviour: , unhandledPromptBehavior: , version: 71.0.3578.98, webStorageEnabled: true}
Session ID: 8dc10a0f4f237c982018bd236d3ad2c0)
	at com.kms.katalon.core.keyword.internal.KeywordMain.stepFailed(KeywordMain.groovy:32)
	at com.kms.katalon.core.webui.keyword.internal.WebUIKeywordMain.stepFailed(WebUIKeywordMain.groovy:65)
	at com.kms.katalon.core.webui.keyword.internal.WebUIKeywordMain.runKeyword(WebUIKeywordMain.groovy:27)
	at com.kms.katalon.core.webui.keyword.builtin.ClickKeyword.click(ClickKeyword.groovy:86)
	at com.kms.katalon.core.webui.keyword.builtin.ClickKeyword.execute(ClickKeyword.groovy:67)
	at com.kms.katalon.core.keyword.internal.KeywordExecutor.executeKeywordForPlatform(KeywordExecutor.groovy:53)
	at com.kms.katalon.core.webui.keyword.WebUiBuiltInKeywords.click(WebUiBuiltInKeywords.groovy:616)
	at com.kms.katalon.core.webui.keyword.WebUiBuiltInKeywords$click$3.call(Unknown Source)
	at IDEA_ADD_TEMPLATE.run(IDEA_ADD_TEMPLATE:29)
	at com.kms.katalon.core.main.ScriptEngine.run(ScriptEngine.java:194)
	at com.kms.katalon.core.main.ScriptEngine.runScriptAsRawText(ScriptEngine.java:119)
	at com.kms.katalon.core.main.TestCaseExecutor.runScript(TestCaseExecutor.java:328)
	at com.kms.katalon.core.main.TestCaseExecutor.doExecute(TestCaseExecutor.java:319)
	at com.kms.katalon.core.main.TestCaseExecutor.processExecutionPhase(TestCaseExecutor.java:298)
	at com.kms.katalon.core.main.TestCaseExecutor.accessMainPhase(TestCaseExecutor.java:290)
	at com.kms.katalon.core.main.TestCaseExecutor.execute(TestCaseExecutor.java:224)
	at com.kms.katalon.core.main.TestCaseMain.runTestCase(TestCaseMain.java:106)
	at com.kms.katalon.core.keyword.builtin.CallTestCaseKeyword$_callTestCase_closure1.doCall(CallTestCaseKeyword.groovy:59)
	at com.kms.katalon.core.keyword.builtin.CallTestCaseKeyword$_callTestCase_closure1.call(CallTestCaseKeyword.groovy)
	at com.kms.katalon.core.keyword.internal.KeywordMain.runKeyword(KeywordMain.groovy:54)
	at com.kms.katalon.core.keyword.builtin.CallTestCaseKeyword.callTestCase(CallTestCaseKeyword.groovy:80)
	at com.kms.katalon.core.keyword.builtin.CallTestCaseKeyword.execute(CallTestCaseKeyword.groovy:44)
	at com.kms.katalon.core.keyword.internal.KeywordExecutor.executeKeywordForPlatform(KeywordExecutor.groovy:53)
	at com.kms.katalon.core.keyword.BuiltinKeywords.callTestCase(BuiltinKeywords.groovy:334)
	at VALIDATE IF USER CAN ADD NEW IDEA WITH RELATED TOPICS.run(VALIDATE IF USER CAN ADD NEW IDEA WITH RELATED TOPICS:18)
	at com.kms.katalon.core.main.ScriptEngine.run(ScriptEngine.java:194)
	at com.kms.katalon.core.main.ScriptEngine.runScriptAsRawText(ScriptEngine.java:119)
	at com.kms.katalon.core.main.TestCaseExecutor.runScript(TestCaseExecutor.java:328)
	at com.kms.katalon.core.main.TestCaseExecutor.doExecute(TestCaseExecutor.java:319)
	at com.kms.katalon.core.main.TestCaseExecutor.processExecutionPhase(TestCaseExecutor.java:298)
	at com.kms.katalon.core.main.TestCaseExecutor.accessMainPhase(TestCaseExecutor.java:290)
	at com.kms.katalon.core.main.TestCaseExecutor.execute(TestCaseExecutor.java:224)
	at com.kms.katalon.core.main.TestSuiteExecutor.accessTestCaseMainPhase(TestSuiteExecutor.java:129)
	at com.kms.katalon.core.main.TestSuiteExecutor.accessTestSuiteMainPhase(TestSuiteExecutor.java:112)
	at com.kms.katalon.core.main.TestSuiteExecutor.execute(TestSuiteExecutor.java:81)
	at com.kms.katalon.core.main.TestCaseMain.startTestSuite(TestCaseMain.java:149)
	at com.kms.katalon.core.main.TestCaseMain$startTestSuite$0.call(Unknown Source)
	at TempTestSuite1548989524436.run(TempTestSuite1548989524436.groovy:36)]]></system-out>
         <system-err><![CDATA[2019-02-01 10:52:06 - [TEST_CASE][FAILED] - Test Cases/REGRESSION_SUITE/IDEATION/IDEA/VALIDATE IF USER CAN ADD NEW IDEA WITH RELATED TOPICS: Test Cases/REGRESSION_SUITE/IDEATION/IDEA/VALIDATE IF USER CAN ADD NEW IDEA WITH RELATED TOPICS FAILED.
Reason:
com.kms.katalon.core.exception.StepFailedException: Unable to click on object 'Object Repository/IDEATION/TABS/IDEAS_TAB' (Root cause: org.openqa.selenium.WebDriverException: unknown error: Element <a _ngcontent-c50="" class="nav-link" href="/ideation/..." routerlink="/ideation/ideas" routerlinkactive="active">ideas</a> is not clickable at point (299, 66). Other element would receive the click: <div _ngcontent-c5="" class="navbar-title navbar-dark collapse navbar-collapse" id="navbarTogglerDemo02">...</div>
  (Session info: chrome=71.0.3578.98)
  (Driver info: chromedriver=2.43.600210 (68dcf5eebde37173d4027fa8635e332711d2874a),platform=Windows NT 10.0.14393 x86_64) (WARNING: The server did not provide any stacktrace information)
Command duration or timeout: 0 milliseconds
Build info: version: '3.7.1', revision: '8a0099a', time: '2017-11-06T21:07:36.161Z'
System info: host: 'YSPC-STRATAPPQA', ip: '192.168.56.1', os.name: 'Windows 10', os.arch: 'amd64', os.version: '10.0', java.version: '1.8.0_102'
Driver info: com.kms.katalon.selenium.driver.CChromeDriver
Capabilities {acceptInsecureCerts: false, acceptSslCerts: false, applicationCacheEnabled: false, browserConnectionEnabled: false, browserName: chrome, chrome: {chromedriverVersion: 2.43.600210 (68dcf5eebde371..., userDataDir: C:\Users\JOHNSE~1\AppData\L...}, cssSelectorsEnabled: true, databaseEnabled: false, goog:chromeOptions: {debuggerAddress: localhost:42239}, handlesAlerts: true, hasTouchScreen: false, javascriptEnabled: true, locationContextEnabled: true, mobileEmulationEnabled: false, nativeEvents: true, networkConnectionEnabled: false, pageLoadStrategy: normal, platform: XP, platformName: XP, rotatable: false, setWindowRect: true, takesHeapSnapshot: true, takesScreenshot: true, unexpectedAlertBehaviour: , unhandledPromptBehavior: , version: 71.0.3578.98, webStorageEnabled: true}
Session ID: 8dc10a0f4f237c982018bd236d3ad2c0)
	at com.kms.katalon.core.keyword.internal.KeywordMain.stepFailed(KeywordMain.groovy:32)
	at com.kms.katalon.core.webui.keyword.internal.WebUIKeywordMain.stepFailed(WebUIKeywordMain.groovy:65)
	at com.kms.katalon.core.webui.keyword.internal.WebUIKeywordMain.runKeyword(WebUIKeywordMain.groovy:27)
	at com.kms.katalon.core.webui.keyword.builtin.ClickKeyword.click(ClickKeyword.groovy:86)
	at com.kms.katalon.core.webui.keyword.builtin.ClickKeyword.execute(ClickKeyword.groovy:67)
	at com.kms.katalon.core.keyword.internal.KeywordExecutor.executeKeywordForPlatform(KeywordExecutor.groovy:53)
	at com.kms.katalon.core.webui.keyword.WebUiBuiltInKeywords.click(WebUiBuiltInKeywords.groovy:616)
	at com.kms.katalon.core.webui.keyword.WebUiBuiltInKeywords$click$3.call(Unknown Source)
	at IDEA_ADD_TEMPLATE.run(IDEA_ADD_TEMPLATE:29)
	at com.kms.katalon.core.main.ScriptEngine.run(ScriptEngine.java:194)
	at com.kms.katalon.core.main.ScriptEngine.runScriptAsRawText(ScriptEngine.java:119)
	at com.kms.katalon.core.main.TestCaseExecutor.runScript(TestCaseExecutor.java:328)
	at com.kms.katalon.core.main.TestCaseExecutor.doExecute(TestCaseExecutor.java:319)
	at com.kms.katalon.core.main.TestCaseExecutor.processExecutionPhase(TestCaseExecutor.java:298)
	at com.kms.katalon.core.main.TestCaseExecutor.accessMainPhase(TestCaseExecutor.java:290)
	at com.kms.katalon.core.main.TestCaseExecutor.execute(TestCaseExecutor.java:224)
	at com.kms.katalon.core.main.TestCaseMain.runTestCase(TestCaseMain.java:106)
	at com.kms.katalon.core.keyword.builtin.CallTestCaseKeyword$_callTestCase_closure1.doCall(CallTestCaseKeyword.groovy:59)
	at com.kms.katalon.core.keyword.builtin.CallTestCaseKeyword$_callTestCase_closure1.call(CallTestCaseKeyword.groovy)
	at com.kms.katalon.core.keyword.internal.KeywordMain.runKeyword(KeywordMain.groovy:54)
	at com.kms.katalon.core.keyword.builtin.CallTestCaseKeyword.callTestCase(CallTestCaseKeyword.groovy:80)
	at com.kms.katalon.core.keyword.builtin.CallTestCaseKeyword.execute(CallTestCaseKeyword.groovy:44)
	at com.kms.katalon.core.keyword.internal.KeywordExecutor.executeKeywordForPlatform(KeywordExecutor.groovy:53)
	at com.kms.katalon.core.keyword.BuiltinKeywords.callTestCase(BuiltinKeywords.groovy:334)
	at VALIDATE IF USER CAN ADD NEW IDEA WITH RELATED TOPICS.run(VALIDATE IF USER CAN ADD NEW IDEA WITH RELATED TOPICS:18)
	at com.kms.katalon.core.main.ScriptEngine.run(ScriptEngine.java:194)
	at com.kms.katalon.core.main.ScriptEngine.runScriptAsRawText(ScriptEngine.java:119)
	at com.kms.katalon.core.main.TestCaseExecutor.runScript(TestCaseExecutor.java:328)
	at com.kms.katalon.core.main.TestCaseExecutor.doExecute(TestCaseExecutor.java:319)
	at com.kms.katalon.core.main.TestCaseExecutor.processExecutionPhase(TestCaseExecutor.java:298)
	at com.kms.katalon.core.main.TestCaseExecutor.accessMainPhase(TestCaseExecutor.java:290)
	at com.kms.katalon.core.main.TestCaseExecutor.execute(TestCaseExecutor.java:224)
	at com.kms.katalon.core.main.TestSuiteExecutor.accessTestCaseMainPhase(TestSuiteExecutor.java:129)
	at com.kms.katalon.core.main.TestSuiteExecutor.accessTestSuiteMainPhase(TestSuiteExecutor.java:112)
	at com.kms.katalon.core.main.TestSuiteExecutor.execute(TestSuiteExecutor.java:81)
	at com.kms.katalon.core.main.TestCaseMain.startTestSuite(TestCaseMain.java:149)
	at com.kms.katalon.core.main.TestCaseMain$startTestSuite$0.call(Unknown Source)
	at TempTestSuite1548989524436.run(TempTestSuite1548989524436.groovy:36)]]></system-err>
      </testcase>
      <system-out><![CDATA[2019-02-01 10:52:05 - [TEST_SUITE][FAILED] - test: Test Cases/REGRESSION_SUITE/IDEATION/IDEA/VALIDATE IF USER CAN ADD NEW IDEA WITH RELATED TOPICS FAILED.
Reason:
com.kms.katalon.core.exception.StepFailedException: Unable to click on object 'Object Repository/IDEATION/TABS/IDEAS_TAB' (Root cause: org.openqa.selenium.WebDriverException: unknown error: Element <a _ngcontent-c50="" class="nav-link" href="/ideation/..." routerlink="/ideation/ideas" routerlinkactive="active">ideas</a> is not clickable at point (299, 66). Other element would receive the click: <div _ngcontent-c5="" class="navbar-title navbar-dark collapse navbar-collapse" id="navbarTogglerDemo02">...</div>
  (Session info: chrome=71.0.3578.98)
  (Driver info: chromedriver=2.43.600210 (68dcf5eebde37173d4027fa8635e332711d2874a),platform=Windows NT 10.0.14393 x86_64) (WARNING: The server did not provide any stacktrace information)
Command duration or timeout: 0 milliseconds
Build info: version: '3.7.1', revision: '8a0099a', time: '2017-11-06T21:07:36.161Z'
System info: host: 'YSPC-STRATAPPQA', ip: '192.168.56.1', os.name: 'Windows 10', os.arch: 'amd64', os.version: '10.0', java.version: '1.8.0_102'
Driver info: com.kms.katalon.selenium.driver.CChromeDriver
Capabilities {acceptInsecureCerts: false, acceptSslCerts: false, applicationCacheEnabled: false, browserConnectionEnabled: false, browserName: chrome, chrome: {chromedriverVersion: 2.43.600210 (68dcf5eebde371..., userDataDir: C:\Users\JOHNSE~1\AppData\L...}, cssSelectorsEnabled: true, databaseEnabled: false, goog:chromeOptions: {debuggerAddress: localhost:42239}, handlesAlerts: true, hasTouchScreen: false, javascriptEnabled: true, locationContextEnabled: true, mobileEmulationEnabled: false, nativeEvents: true, networkConnectionEnabled: false, pageLoadStrategy: normal, platform: XP, platformName: XP, rotatable: false, setWindowRect: true, takesHeapSnapshot: true, takesScreenshot: true, unexpectedAlertBehaviour: , unhandledPromptBehavior: , version: 71.0.3578.98, webStorageEnabled: true}
Session ID: 8dc10a0f4f237c982018bd236d3ad2c0)
	at com.kms.katalon.core.keyword.internal.KeywordMain.stepFailed(KeywordMain.groovy:32)
	at com.kms.katalon.core.webui.keyword.internal.WebUIKeywordMain.stepFailed(WebUIKeywordMain.groovy:65)
	at com.kms.katalon.core.webui.keyword.internal.WebUIKeywordMain.runKeyword(WebUIKeywordMain.groovy:27)
	at com.kms.katalon.core.webui.keyword.builtin.ClickKeyword.click(ClickKeyword.groovy:86)
	at com.kms.katalon.core.webui.keyword.builtin.ClickKeyword.execute(ClickKeyword.groovy:67)
	at com.kms.katalon.core.keyword.internal.KeywordExecutor.executeKeywordForPlatform(KeywordExecutor.groovy:53)
	at com.kms.katalon.core.webui.keyword.WebUiBuiltInKeywords.click(WebUiBuiltInKeywords.groovy:616)
	at com.kms.katalon.core.webui.keyword.WebUiBuiltInKeywords$click$3.call(Unknown Source)
	at IDEA_ADD_TEMPLATE.run(IDEA_ADD_TEMPLATE:29)
	at com.kms.katalon.core.main.ScriptEngine.run(ScriptEngine.java:194)
	at com.kms.katalon.core.main.ScriptEngine.runScriptAsRawText(ScriptEngine.java:119)
	at com.kms.katalon.core.main.TestCaseExecutor.runScript(TestCaseExecutor.java:328)
	at com.kms.katalon.core.main.TestCaseExecutor.doExecute(TestCaseExecutor.java:319)
	at com.kms.katalon.core.main.TestCaseExecutor.processExecutionPhase(TestCaseExecutor.java:298)
	at com.kms.katalon.core.main.TestCaseExecutor.accessMainPhase(TestCaseExecutor.java:290)
	at com.kms.katalon.core.main.TestCaseExecutor.execute(TestCaseExecutor.java:224)
	at com.kms.katalon.core.main.TestCaseMain.runTestCase(TestCaseMain.java:106)
	at com.kms.katalon.core.keyword.builtin.CallTestCaseKeyword$_callTestCase_closure1.doCall(CallTestCaseKeyword.groovy:59)
	at com.kms.katalon.core.keyword.builtin.CallTestCaseKeyword$_callTestCase_closure1.call(CallTestCaseKeyword.groovy)
	at com.kms.katalon.core.keyword.internal.KeywordMain.runKeyword(KeywordMain.groovy:54)
	at com.kms.katalon.core.keyword.builtin.CallTestCaseKeyword.callTestCase(CallTestCaseKeyword.groovy:80)
	at com.kms.katalon.core.keyword.builtin.CallTestCaseKeyword.execute(CallTestCaseKeyword.groovy:44)
	at com.kms.katalon.core.keyword.internal.KeywordExecutor.executeKeywordForPlatform(KeywordExecutor.groovy:53)
	at com.kms.katalon.core.keyword.BuiltinKeywords.callTestCase(BuiltinKeywords.groovy:334)
	at VALIDATE IF USER CAN ADD NEW IDEA WITH RELATED TOPICS.run(VALIDATE IF USER CAN ADD NEW IDEA WITH RELATED TOPICS:18)
	at com.kms.katalon.core.main.ScriptEngine.run(ScriptEngine.java:194)
	at com.kms.katalon.core.main.ScriptEngine.runScriptAsRawText(ScriptEngine.java:119)
	at com.kms.katalon.core.main.TestCaseExecutor.runScript(TestCaseExecutor.java:328)
	at com.kms.katalon.core.main.TestCaseExecutor.doExecute(TestCaseExecutor.java:319)
	at com.kms.katalon.core.main.TestCaseExecutor.processExecutionPhase(TestCaseExecutor.java:298)
	at com.kms.katalon.core.main.TestCaseExecutor.accessMainPhase(TestCaseExecutor.java:290)
	at com.kms.katalon.core.main.TestCaseExecutor.execute(TestCaseExecutor.java:224)
	at com.kms.katalon.core.main.TestSuiteExecutor.accessTestCaseMainPhase(TestSuiteExecutor.java:129)
	at com.kms.katalon.core.main.TestSuiteExecutor.accessTestSuiteMainPhase(TestSuiteExecutor.java:112)
	at com.kms.katalon.core.main.TestSuiteExecutor.execute(TestSuiteExecutor.java:81)
	at com.kms.katalon.core.main.TestCaseMain.startTestSuite(TestCaseMain.java:149)
	at com.kms.katalon.core.main.TestCaseMain$startTestSuite$0.call(Unknown Source)
	at TempTestSuite1548989524436.run(TempTestSuite1548989524436.groovy:36)]]></system-out>
      <system-err><![CDATA[2019-02-01 10:52:05 - [TEST_SUITE][FAILED] - test: Test Cases/REGRESSION_SUITE/IDEATION/IDEA/VALIDATE IF USER CAN ADD NEW IDEA WITH RELATED TOPICS FAILED.
Reason:
com.kms.katalon.core.exception.StepFailedException: Unable to click on object 'Object Repository/IDEATION/TABS/IDEAS_TAB' (Root cause: org.openqa.selenium.WebDriverException: unknown error: Element <a _ngcontent-c50="" class="nav-link" href="/ideation/..." routerlink="/ideation/ideas" routerlinkactive="active">ideas</a> is not clickable at point (299, 66). Other element would receive the click: <div _ngcontent-c5="" class="navbar-title navbar-dark collapse navbar-collapse" id="navbarTogglerDemo02">...</div>
  (Session info: chrome=71.0.3578.98)
  (Driver info: chromedriver=2.43.600210 (68dcf5eebde37173d4027fa8635e332711d2874a),platform=Windows NT 10.0.14393 x86_64) (WARNING: The server did not provide any stacktrace information)
Command duration or timeout: 0 milliseconds
Build info: version: '3.7.1', revision: '8a0099a', time: '2017-11-06T21:07:36.161Z'
System info: host: 'YSPC-STRATAPPQA', ip: '192.168.56.1', os.name: 'Windows 10', os.arch: 'amd64', os.version: '10.0', java.version: '1.8.0_102'
Driver info: com.kms.katalon.selenium.driver.CChromeDriver
Capabilities {acceptInsecureCerts: false, acceptSslCerts: false, applicationCacheEnabled: false, browserConnectionEnabled: false, browserName: chrome, chrome: {chromedriverVersion: 2.43.600210 (68dcf5eebde371..., userDataDir: C:\Users\JOHNSE~1\AppData\L...}, cssSelectorsEnabled: true, databaseEnabled: false, goog:chromeOptions: {debuggerAddress: localhost:42239}, handlesAlerts: true, hasTouchScreen: false, javascriptEnabled: true, locationContextEnabled: true, mobileEmulationEnabled: false, nativeEvents: true, networkConnectionEnabled: false, pageLoadStrategy: normal, platform: XP, platformName: XP, rotatable: false, setWindowRect: true, takesHeapSnapshot: true, takesScreenshot: true, unexpectedAlertBehaviour: , unhandledPromptBehavior: , version: 71.0.3578.98, webStorageEnabled: true}
Session ID: 8dc10a0f4f237c982018bd236d3ad2c0)
	at com.kms.katalon.core.keyword.internal.KeywordMain.stepFailed(KeywordMain.groovy:32)
	at com.kms.katalon.core.webui.keyword.internal.WebUIKeywordMain.stepFailed(WebUIKeywordMain.groovy:65)
	at com.kms.katalon.core.webui.keyword.internal.WebUIKeywordMain.runKeyword(WebUIKeywordMain.groovy:27)
	at com.kms.katalon.core.webui.keyword.builtin.ClickKeyword.click(ClickKeyword.groovy:86)
	at com.kms.katalon.core.webui.keyword.builtin.ClickKeyword.execute(ClickKeyword.groovy:67)
	at com.kms.katalon.core.keyword.internal.KeywordExecutor.executeKeywordForPlatform(KeywordExecutor.groovy:53)
	at com.kms.katalon.core.webui.keyword.WebUiBuiltInKeywords.click(WebUiBuiltInKeywords.groovy:616)
	at com.kms.katalon.core.webui.keyword.WebUiBuiltInKeywords$click$3.call(Unknown Source)
	at IDEA_ADD_TEMPLATE.run(IDEA_ADD_TEMPLATE:29)
	at com.kms.katalon.core.main.ScriptEngine.run(ScriptEngine.java:194)
	at com.kms.katalon.core.main.ScriptEngine.runScriptAsRawText(ScriptEngine.java:119)
	at com.kms.katalon.core.main.TestCaseExecutor.runScript(TestCaseExecutor.java:328)
	at com.kms.katalon.core.main.TestCaseExecutor.doExecute(TestCaseExecutor.java:319)
	at com.kms.katalon.core.main.TestCaseExecutor.processExecutionPhase(TestCaseExecutor.java:298)
	at com.kms.katalon.core.main.TestCaseExecutor.accessMainPhase(TestCaseExecutor.java:290)
	at com.kms.katalon.core.main.TestCaseExecutor.execute(TestCaseExecutor.java:224)
	at com.kms.katalon.core.main.TestCaseMain.runTestCase(TestCaseMain.java:106)
	at com.kms.katalon.core.keyword.builtin.CallTestCaseKeyword$_callTestCase_closure1.doCall(CallTestCaseKeyword.groovy:59)
	at com.kms.katalon.core.keyword.builtin.CallTestCaseKeyword$_callTestCase_closure1.call(CallTestCaseKeyword.groovy)
	at com.kms.katalon.core.keyword.internal.KeywordMain.runKeyword(KeywordMain.groovy:54)
	at com.kms.katalon.core.keyword.builtin.CallTestCaseKeyword.callTestCase(CallTestCaseKeyword.groovy:80)
	at com.kms.katalon.core.keyword.builtin.CallTestCaseKeyword.execute(CallTestCaseKeyword.groovy:44)
	at com.kms.katalon.core.keyword.internal.KeywordExecutor.executeKeywordForPlatform(KeywordExecutor.groovy:53)
	at com.kms.katalon.core.keyword.BuiltinKeywords.callTestCase(BuiltinKeywords.groovy:334)
	at VALIDATE IF USER CAN ADD NEW IDEA WITH RELATED TOPICS.run(VALIDATE IF USER CAN ADD NEW IDEA WITH RELATED TOPICS:18)
	at com.kms.katalon.core.main.ScriptEngine.run(ScriptEngine.java:194)
	at com.kms.katalon.core.main.ScriptEngine.runScriptAsRawText(ScriptEngine.java:119)
	at com.kms.katalon.core.main.TestCaseExecutor.runScript(TestCaseExecutor.java:328)
	at com.kms.katalon.core.main.TestCaseExecutor.doExecute(TestCaseExecutor.java:319)
	at com.kms.katalon.core.main.TestCaseExecutor.processExecutionPhase(TestCaseExecutor.java:298)
	at com.kms.katalon.core.main.TestCaseExecutor.accessMainPhase(TestCaseExecutor.java:290)
	at com.kms.katalon.core.main.TestCaseExecutor.execute(TestCaseExecutor.java:224)
	at com.kms.katalon.core.main.TestSuiteExecutor.accessTestCaseMainPhase(TestSuiteExecutor.java:129)
	at com.kms.katalon.core.main.TestSuiteExecutor.accessTestSuiteMainPhase(TestSuiteExecutor.java:112)
	at com.kms.katalon.core.main.TestSuiteExecutor.execute(TestSuiteExecutor.java:81)
	at com.kms.katalon.core.main.TestCaseMain.startTestSuite(TestCaseMain.java:149)
	at com.kms.katalon.core.main.TestCaseMain$startTestSuite$0.call(Unknown Source)
	at TempTestSuite1548989524436.run(TempTestSuite1548989524436.groovy:36)]]></system-err>
   </testsuite>
</testsuites>
