<?xml version="1.0" encoding="UTF-8"?>
<testsuites name="Validate if user can add related topic" time="45" tests="1" failures="1" errors="1">
   <testsuite name="Validate if user can add related topic" tests="1" failures="1" errors="1" time="45" timestamp="2019-02-04 13:59:26" hostname="JohnSeigfredManzanar - YSPC-STRATAPPQA" id="Test Suites/Regression/Ideation/Idea/Validate if user can add related topic">
      <properties>
         <property name="deviceName" value=""/>
         <property name="devicePlatform" value=""/>
         <property name="logFolder" value="C:\\Users\\JohnSeigfredManzanar\\Katalon Studio\\StratApp\\Reports\\Regression\\Ideation\\Idea\\Validate if user can add related topic\\20190204_135919"/>
         <property name="logFiles" value="C:\\Users\\JohnSeigfredManzanar\\Katalon Studio\\StratApp\\Reports\\Regression\\Ideation\\Idea\\Validate if user can add related topic\\20190204_135919\\execution0.log"/>
         <property name="attachments" value="C:\\Users\\JohnSeigfredManzanar\\Katalon Studio\\StratApp\\Reports\\Regression\\Ideation\\Idea\\Validate if user can add related topic\\20190204_135919\\1549260008185.png, C:\\Users\\JohnSeigfredManzanar\\Katalon Studio\\StratApp\\Reports\\Regression\\Ideation\\Idea\\Validate if user can add related topic\\20190204_135919\\1549260008617.png, C:\\Users\\JohnSeigfredManzanar\\Katalon Studio\\StratApp\\Reports\\Regression\\Ideation\\Idea\\Validate if user can add related topic\\20190204_135919\\1549260009469.png"/>
         <property name="hostName" value="JohnSeigfredManzanar - YSPC-STRATAPPQA"/>
         <property name="os" value="Windows 10 64bit"/>
         <property name="katalonVersion" value="5.10.1.1"/>
         <property name="browser" value="Chrome 71.0.3578.98"/>
         <property name="hostAddress" value="192.168.56.1"/>
         <property name="sessionId" value="81584961f32c2b041d309e01ed358439"/>
         <property name="seleniumVersion" value="3.7.1"/>
         <property name="proxyInformation" value="ProxyInformation{proxyOption=NO_PROXY, proxyServerType=HTTP, password=, proxyServerAddress=, proxyServerPort=0}"/>
         <property name="platform" value="Windows 10"/>
      </properties>
      <testcase name="Test Cases/TEMPLATES/LOGIN/LOGIN_TEMPLATE" classname="Test Cases/TEMPLATES/LOGIN/LOGIN_TEMPLATE" status="PASSED">
         <system-out><![CDATA[2019-02-04 13:59:27 - [TEST_CASE][PASSED] - Test Cases/TEMPLATES/LOGIN/LOGIN_TEMPLATE: Test Cases/TEMPLATES/LOGIN/LOGIN_TEMPLATE

2019-02-04 13:59:27 - [TEST_STEP][PASSED] - openBrowser("https://app.stratapp.ai/"): Browser is opened with url: 'https://app.stratapp.ai/'

2019-02-04 13:59:27 - [MESSAGE][INFO] - Starting 'Chrome' driver

2019-02-04 13:59:27 - [MESSAGE][INFO] - Action delay is set to 0 seconds

2019-02-04 13:59:33 - [MESSAGE][PASSED] - Browser is opened with url: 'https://app.stratapp.ai/'

2019-02-04 13:59:33 - [TEST_STEP][PASSED] - maximizeWindow(): Current window maximized

2019-02-04 13:59:34 - [MESSAGE][PASSED] - Current window maximized

2019-02-04 13:59:34 - [TEST_STEP][PASSED] - waitForElementPresent(findTestObject("LOGIN/EMAIL_ADD_TEXTFIELD"), 60): Object 'Object Repository/LOGIN/EMAIL_ADD_TEXTFIELD' is present

2019-02-04 13:59:35 - [MESSAGE][PASSED] - Object 'Object Repository/LOGIN/EMAIL_ADD_TEXTFIELD' is present

2019-02-04 13:59:35 - [TEST_STEP][PASSED] - setText(findTestObject("LOGIN/EMAIL_ADD_TEXTFIELD"), "noreply@you-source.com"): Text 'noreply@you-source.com' is set on object 'Object Repository/LOGIN/EMAIL_ADD_TEXTFIELD'

2019-02-04 13:59:35 - [MESSAGE][PASSED] - Text 'noreply@you-source.com' is set on object 'Object Repository/LOGIN/EMAIL_ADD_TEXTFIELD'

2019-02-04 13:59:35 - [TEST_STEP][PASSED] - click(findTestObject("LOGIN/NEXT_BUTTON")): Object: 'Object Repository/LOGIN/NEXT_BUTTON' is clicked on

2019-02-04 13:59:35 - [MESSAGE][PASSED] - Object: 'Object Repository/LOGIN/NEXT_BUTTON' is clicked on

2019-02-04 13:59:35 - [TEST_STEP][PASSED] - isGoogle = verifyElementPresent(findTestObject("LOGIN/GOOGLE_LABEL"), 60): Object 'Object Repository/LOGIN/GOOGLE_LABEL' is present

2019-02-04 13:59:36 - [MESSAGE][PASSED] - Object 'Object Repository/LOGIN/GOOGLE_LABEL' is present

2019-02-04 13:59:36 - [TEST_STEP][PASSED] - if (isGoogle): Object: 'Object Repository/LOGIN/GOOGLE_SIGNIN_BUTTON' is clicked on

2019-02-04 13:59:36 - [TEST_STEP][PASSED] - setText(findTestObject("LOGIN/GOOGLE_EMAIL_TEXTFIELD"), "noreply@you-source.com"): Text 'noreply@you-source.com' is set on object 'Object Repository/LOGIN/GOOGLE_EMAIL_TEXTFIELD'

2019-02-04 13:59:36 - [MESSAGE][PASSED] - Text 'noreply@you-source.com' is set on object 'Object Repository/LOGIN/GOOGLE_EMAIL_TEXTFIELD'

2019-02-04 13:59:36 - [TEST_STEP][PASSED] - click(findTestObject("LOGIN/GOOGLE_NEXT_BUTTON")): Object: 'Object Repository/LOGIN/GOOGLE_NEXT_BUTTON' is clicked on

2019-02-04 13:59:36 - [MESSAGE][PASSED] - Object: 'Object Repository/LOGIN/GOOGLE_NEXT_BUTTON' is clicked on

2019-02-04 13:59:36 - [TEST_STEP][PASSED] - setText(findTestObject("LOGIN/GOOGLE_PASSWORD_TEXTFIELD"), "yousource321"): Text 'yousource321' is set on object 'Object Repository/LOGIN/GOOGLE_PASSWORD_TEXTFIELD'

2019-02-04 13:59:37 - [MESSAGE][PASSED] - Text 'yousource321' is set on object 'Object Repository/LOGIN/GOOGLE_PASSWORD_TEXTFIELD'

2019-02-04 13:59:37 - [TEST_STEP][PASSED] - click(findTestObject("LOGIN/GOOGLE_SIGNIN_BUTTON")): Object: 'Object Repository/LOGIN/GOOGLE_SIGNIN_BUTTON' is clicked on

2019-02-04 13:59:40 - [MESSAGE][PASSED] - Object: 'Object Repository/LOGIN/GOOGLE_SIGNIN_BUTTON' is clicked on

2019-02-04 13:59:40 - [TEST_STEP][PASSED] - waitForElementPresent(findTestObject("HOME/HEADLINES_TAB"), 60): Object 'Object Repository/HOME/HEADLINES_TAB' is present

2019-02-04 14:00:03 - [MESSAGE][PASSED] - Object 'Object Repository/HOME/HEADLINES_TAB' is present

2019-02-04 14:00:03 - [TEST_STEP][PASSED] - stratapp.Login.GetUserName(): stratapp.Login.GetUserName is PASSED

2019-02-04 14:00:03 - [MESSAGE][INFO] - User JSON {"firstName":"No","lastName":"Reply","fullName":"No Reply","tenantId":"f385ee6b-2a69-4463-9fc8-01259f2c5c03","userId":"37c0108d-8dbd-46cd-aeeb-ca484d1d8c22","role":["PeopleAdmin","StrategyAdmin","IdeationAdmin","HeadlinesAdmin","HRAdmin","BillingAdmin","Admin","SuperAdmin"]}

2019-02-04 14:00:03 - [MESSAGE][INFO] - Full Name: No Reply

2019-02-04 14:00:03 - [MESSAGE][PASSED] - stratapp.Login.GetUserName is PASSED]]></system-out>
         <system-err><![CDATA[]]></system-err>
      </testcase>
      <testcase name="Test Cases/TEMPLATES/IDEATION/IDEA/IDEA_ADD_TEMPLATE" classname="Test Cases/TEMPLATES/IDEATION/IDEA/IDEA_ADD_TEMPLATE" status="ERROR">
         <error type="ERROR" message="Test Cases/TEMPLATES/IDEATION/IDEA/IDEA_ADD_TEMPLATE FAILED.
Reason:
groovy.lang.MissingPropertyException: No such property: TITLE for class: internal.GlobalVariable
	at IDEA_ADD_TEMPLATE.run(IDEA_ADD_TEMPLATE:42)
	at com.kms.katalon.core.main.ScriptEngine.run(ScriptEngine.java:194)
	at com.kms.katalon.core.main.ScriptEngine.runScriptAsRawText(ScriptEngine.java:119)
	at com.kms.katalon.core.main.TestCaseExecutor.runScript(TestCaseExecutor.java:328)
	at com.kms.katalon.core.main.TestCaseExecutor.doExecute(TestCaseExecutor.java:319)
	at com.kms.katalon.core.main.TestCaseExecutor.processExecutionPhase(TestCaseExecutor.java:298)
	at com.kms.katalon.core.main.TestCaseExecutor.accessMainPhase(TestCaseExecutor.java:290)
	at com.kms.katalon.core.main.TestCaseExecutor.execute(TestCaseExecutor.java:224)
	at com.kms.katalon.core.main.TestSuiteExecutor.accessTestCaseMainPhase(TestSuiteExecutor.java:129)
	at com.kms.katalon.core.main.TestSuiteExecutor.accessTestSuiteMainPhase(TestSuiteExecutor.java:112)
	at com.kms.katalon.core.main.TestSuiteExecutor.execute(TestSuiteExecutor.java:81)
	at com.kms.katalon.core.main.TestCaseMain.startTestSuite(TestCaseMain.java:149)
	at com.kms.katalon.core.main.TestCaseMain$startTestSuite$0.call(Unknown Source)
	at TempTestSuite1549259959153.run(TempTestSuite1549259959153.groovy:36)
"/>
         <system-out><![CDATA[2019-02-04 14:00:04 - [TEST_CASE][ERROR] - Test Cases/TEMPLATES/IDEATION/IDEA/IDEA_ADD_TEMPLATE: Test Cases/TEMPLATES/IDEATION/IDEA/IDEA_ADD_TEMPLATE FAILED.
Reason:
groovy.lang.MissingPropertyException: No such property: TITLE for class: internal.GlobalVariable
	at IDEA_ADD_TEMPLATE.run(IDEA_ADD_TEMPLATE:42)
	at com.kms.katalon.core.main.ScriptEngine.run(ScriptEngine.java:194)
	at com.kms.katalon.core.main.ScriptEngine.runScriptAsRawText(ScriptEngine.java:119)
	at com.kms.katalon.core.main.TestCaseExecutor.runScript(TestCaseExecutor.java:328)
	at com.kms.katalon.core.main.TestCaseExecutor.doExecute(TestCaseExecutor.java:319)
	at com.kms.katalon.core.main.TestCaseExecutor.processExecutionPhase(TestCaseExecutor.java:298)
	at com.kms.katalon.core.main.TestCaseExecutor.accessMainPhase(TestCaseExecutor.java:290)
	at com.kms.katalon.core.main.TestCaseExecutor.execute(TestCaseExecutor.java:224)
	at com.kms.katalon.core.main.TestSuiteExecutor.accessTestCaseMainPhase(TestSuiteExecutor.java:129)
	at com.kms.katalon.core.main.TestSuiteExecutor.accessTestSuiteMainPhase(TestSuiteExecutor.java:112)
	at com.kms.katalon.core.main.TestSuiteExecutor.execute(TestSuiteExecutor.java:81)
	at com.kms.katalon.core.main.TestCaseMain.startTestSuite(TestCaseMain.java:149)
	at com.kms.katalon.core.main.TestCaseMain$startTestSuite$0.call(Unknown Source)
	at TempTestSuite1549259959153.run(TempTestSuite1549259959153.groovy:36)


2019-02-04 14:00:04 - [TEST_STEP][PASSED] - waitForElementClickable(findTestObject("MENU/IDEATION_TAB"), 60): Object 'Object Repository/MENU/IDEATION_TAB' is clickable

2019-02-04 14:00:04 - [MESSAGE][PASSED] - Object 'Object Repository/MENU/IDEATION_TAB' is clickable

2019-02-04 14:00:04 - [TEST_STEP][PASSED] - mouseOver(findTestObject("MENU/IDEATION_TAB"), STOP_ON_FAILURE): Object: 'Object Repository/MENU/IDEATION_TAB' is hovered

2019-02-04 14:00:04 - [MESSAGE][PASSED] - Object: 'Object Repository/MENU/IDEATION_TAB' is hovered

2019-02-04 14:00:04 - [TEST_STEP][PASSED] - click(findTestObject("MENU/IDEATION_TAB")): Object: 'Object Repository/MENU/IDEATION_TAB' is clicked on

2019-02-04 14:00:05 - [MESSAGE][PASSED] - Object: 'Object Repository/MENU/IDEATION_TAB' is clicked on

2019-02-04 14:00:05 - [TEST_STEP][PASSED] - waitForElementPresent(findTestObject("IDEATION/TABS/IDEAS_TAB"), 60): Object 'Object Repository/IDEATION/TABS/IDEAS_TAB' is present

2019-02-04 14:00:05 - [MESSAGE][PASSED] - Object 'Object Repository/IDEATION/TABS/IDEAS_TAB' is present

2019-02-04 14:00:05 - [TEST_STEP][PASSED] - mouseOver(findTestObject("IDEATION/TABS/IDEAS_TAB"), STOP_ON_FAILURE): Object: 'Object Repository/IDEATION/TABS/IDEAS_TAB' is hovered

2019-02-04 14:00:05 - [MESSAGE][PASSED] - Object: 'Object Repository/IDEATION/TABS/IDEAS_TAB' is hovered

2019-02-04 14:00:05 - [TEST_STEP][PASSED] - click(findTestObject("IDEATION/TABS/IDEAS_TAB")): Object: 'Object Repository/IDEATION/TABS/IDEAS_TAB' is clicked on

2019-02-04 14:00:05 - [MESSAGE][PASSED] - Object: 'Object Repository/IDEATION/TABS/IDEAS_TAB' is clicked on

2019-02-04 14:00:05 - [TEST_STEP][PASSED] - waitForElementClickable(findTestObject("IDEATION/IDEAS/LV_PLUS_SIGN_BUTTON"), 60): Object 'Object Repository/IDEATION/IDEAS/LV_PLUS_SIGN_BUTTON' is clickable

2019-02-04 14:00:06 - [MESSAGE][PASSED] - Object 'Object Repository/IDEATION/IDEAS/LV_PLUS_SIGN_BUTTON' is clickable

2019-02-04 14:00:06 - [TEST_STEP][PASSED] - mouseOver(findTestObject("IDEATION/IDEAS/LV_PLUS_SIGN_BUTTON")): Object: 'Object Repository/IDEATION/IDEAS/LV_PLUS_SIGN_BUTTON' is hovered

2019-02-04 14:00:06 - [MESSAGE][PASSED] - Object: 'Object Repository/IDEATION/IDEAS/LV_PLUS_SIGN_BUTTON' is hovered

2019-02-04 14:00:06 - [TEST_STEP][PASSED] - click(findTestObject("IDEATION/IDEAS/LV_PLUS_SIGN_BUTTON")): Object: 'Object Repository/IDEATION/IDEAS/LV_PLUS_SIGN_BUTTON' is clicked on

2019-02-04 14:00:06 - [MESSAGE][PASSED] - Object: 'Object Repository/IDEATION/IDEAS/LV_PLUS_SIGN_BUTTON' is clicked on

2019-02-04 14:00:06 - [TEST_STEP][PASSED] - click(findTestObject("IDEATION/IDEAS/LV_ADD_IDEA_BUTTON")): Object: 'Object Repository/IDEATION/IDEAS/LV_ADD_IDEA_BUTTON' is clicked on

2019-02-04 14:00:06 - [MESSAGE][PASSED] - Object: 'Object Repository/IDEATION/IDEAS/LV_ADD_IDEA_BUTTON' is clicked on

2019-02-04 14:00:06 - [TEST_STEP][PASSED] - setText(findTestObject("IDEATION/IDEAS/OC_TITLE_TEXTFIELD"), IDEA_TITLE): Text 'AUTO IDEA TITLE W RELATED' is set on object 'Object Repository/IDEATION/IDEAS/OC_TITLE_TEXTFIELD'

2019-02-04 14:00:07 - [MESSAGE][PASSED] - Text 'AUTO IDEA TITLE W RELATED' is set on object 'Object Repository/IDEATION/IDEAS/OC_TITLE_TEXTFIELD'

2019-02-04 14:00:07 - [TEST_STEP][PASSED] - sendKeys(findTestObject("IDEATION/IDEAS/OC_TITLE_TEXTFIELD"), Keys.chord(TAB)): Keys 'TAB + ' sent to object: 'Object Repository/IDEATION/IDEAS/OC_TITLE_TEXTFIELD'

2019-02-04 14:00:07 - [MESSAGE][PASSED] - Keys 'TAB + ' sent to object: 'Object Repository/IDEATION/IDEAS/OC_TITLE_TEXTFIELD'

2019-02-04 14:00:07 - [TEST_STEP][ERROR] - logInfo(TITLE): logInfo(TITLE) FAILED.
Reason:
groovy.lang.MissingPropertyException: No such property: TITLE for class: internal.GlobalVariable
	at IDEA_ADD_TEMPLATE.run(IDEA_ADD_TEMPLATE:42)
	at com.kms.katalon.core.main.ScriptEngine.run(ScriptEngine.java:194)
	at com.kms.katalon.core.main.ScriptEngine.runScriptAsRawText(ScriptEngine.java:119)
	at com.kms.katalon.core.main.TestCaseExecutor.runScript(TestCaseExecutor.java:328)
	at com.kms.katalon.core.main.TestCaseExecutor.doExecute(TestCaseExecutor.java:319)
	at com.kms.katalon.core.main.TestCaseExecutor.processExecutionPhase(TestCaseExecutor.java:298)
	at com.kms.katalon.core.main.TestCaseExecutor.accessMainPhase(TestCaseExecutor.java:290)
	at com.kms.katalon.core.main.TestCaseExecutor.execute(TestCaseExecutor.java:224)
	at com.kms.katalon.core.main.TestSuiteExecutor.accessTestCaseMainPhase(TestSuiteExecutor.java:129)
	at com.kms.katalon.core.main.TestSuiteExecutor.accessTestSuiteMainPhase(TestSuiteExecutor.java:112)
	at com.kms.katalon.core.main.TestSuiteExecutor.execute(TestSuiteExecutor.java:81)
	at com.kms.katalon.core.main.TestCaseMain.startTestSuite(TestCaseMain.java:149)
	at com.kms.katalon.core.main.TestCaseMain$startTestSuite$0.call(Unknown Source)
	at TempTestSuite1549259959153.run(TempTestSuite1549259959153.groovy:36)


2019-02-04 14:00:07 - [MESSAGE][ERROR] - logInfo(TITLE) FAILED.
Reason:
groovy.lang.MissingPropertyException: No such property: TITLE for class: internal.GlobalVariable
	at IDEA_ADD_TEMPLATE.run(IDEA_ADD_TEMPLATE:42)
	at com.kms.katalon.core.main.ScriptEngine.run(ScriptEngine.java:194)
	at com.kms.katalon.core.main.ScriptEngine.runScriptAsRawText(ScriptEngine.java:119)
	at com.kms.katalon.core.main.TestCaseExecutor.runScript(TestCaseExecutor.java:328)
	at com.kms.katalon.core.main.TestCaseExecutor.doExecute(TestCaseExecutor.java:319)
	at com.kms.katalon.core.main.TestCaseExecutor.processExecutionPhase(TestCaseExecutor.java:298)
	at com.kms.katalon.core.main.TestCaseExecutor.accessMainPhase(TestCaseExecutor.java:290)
	at com.kms.katalon.core.main.TestCaseExecutor.execute(TestCaseExecutor.java:224)
	at com.kms.katalon.core.main.TestSuiteExecutor.accessTestCaseMainPhase(TestSuiteExecutor.java:129)
	at com.kms.katalon.core.main.TestSuiteExecutor.accessTestSuiteMainPhase(TestSuiteExecutor.java:112)
	at com.kms.katalon.core.main.TestSuiteExecutor.execute(TestSuiteExecutor.java:81)
	at com.kms.katalon.core.main.TestCaseMain.startTestSuite(TestCaseMain.java:149)
	at com.kms.katalon.core.main.TestCaseMain$startTestSuite$0.call(Unknown Source)
	at TempTestSuite1549259959153.run(TempTestSuite1549259959153.groovy:36)]]></system-out>
         <system-err><![CDATA[2019-02-04 14:00:04 - [TEST_CASE][ERROR] - Test Cases/TEMPLATES/IDEATION/IDEA/IDEA_ADD_TEMPLATE: Test Cases/TEMPLATES/IDEATION/IDEA/IDEA_ADD_TEMPLATE FAILED.
Reason:
groovy.lang.MissingPropertyException: No such property: TITLE for class: internal.GlobalVariable
	at IDEA_ADD_TEMPLATE.run(IDEA_ADD_TEMPLATE:42)
	at com.kms.katalon.core.main.ScriptEngine.run(ScriptEngine.java:194)
	at com.kms.katalon.core.main.ScriptEngine.runScriptAsRawText(ScriptEngine.java:119)
	at com.kms.katalon.core.main.TestCaseExecutor.runScript(TestCaseExecutor.java:328)
	at com.kms.katalon.core.main.TestCaseExecutor.doExecute(TestCaseExecutor.java:319)
	at com.kms.katalon.core.main.TestCaseExecutor.processExecutionPhase(TestCaseExecutor.java:298)
	at com.kms.katalon.core.main.TestCaseExecutor.accessMainPhase(TestCaseExecutor.java:290)
	at com.kms.katalon.core.main.TestCaseExecutor.execute(TestCaseExecutor.java:224)
	at com.kms.katalon.core.main.TestSuiteExecutor.accessTestCaseMainPhase(TestSuiteExecutor.java:129)
	at com.kms.katalon.core.main.TestSuiteExecutor.accessTestSuiteMainPhase(TestSuiteExecutor.java:112)
	at com.kms.katalon.core.main.TestSuiteExecutor.execute(TestSuiteExecutor.java:81)
	at com.kms.katalon.core.main.TestCaseMain.startTestSuite(TestCaseMain.java:149)
	at com.kms.katalon.core.main.TestCaseMain$startTestSuite$0.call(Unknown Source)
	at TempTestSuite1549259959153.run(TempTestSuite1549259959153.groovy:36)]]></system-err>
      </testcase>
      <testcase name="Test Cases/TEMPLATES/IDEATION/IDEA/IDEA_ADD_RELATED_TOPICS_TEMPLATE" classname="Test Cases/TEMPLATES/IDEATION/IDEA/IDEA_ADD_RELATED_TOPICS_TEMPLATE" status="FAILED">
         <failure type="FAILED" message="Test Cases/TEMPLATES/IDEATION/IDEA/IDEA_ADD_RELATED_TOPICS_TEMPLATE FAILED.
Reason:
com.kms.katalon.core.exception.StepFailedException: Unable to click on object 'Object Repository/MENU/IDEATION_TAB' (Root cause: org.openqa.selenium.WebDriverException: unknown error: Element &lt;a _ngcontent-c3=&quot;&quot; class=&quot;nav-link active&quot; href=&quot;/ideation&quot; routerlink=&quot;/ideation&quot; routerlinkactive=&quot;active&quot;>...&lt;/a> is not clickable at point (453, 23). Other element would receive the click: &lt;ngb-modal-window role=&quot;dialog&quot; tabindex=&quot;-1&quot; class=&quot;modal fade show d-block card-popup-wrapper&quot;>...&lt;/ngb-modal-window>
  (Session info: chrome=71.0.3578.98)
  (Driver info: chromedriver=2.43.600210 (68dcf5eebde37173d4027fa8635e332711d2874a),platform=Windows NT 10.0.14393 x86_64) (WARNING: The server did not provide any stacktrace information)
Command duration or timeout: 0 milliseconds
Build info: version: '3.7.1', revision: '8a0099a', time: '2017-11-06T21:07:36.161Z'
System info: host: 'YSPC-STRATAPPQA', ip: '192.168.56.1', os.name: 'Windows 10', os.arch: 'amd64', os.version: '10.0', java.version: '1.8.0_102'
Driver info: com.kms.katalon.selenium.driver.CChromeDriver
Capabilities {acceptInsecureCerts: false, acceptSslCerts: false, applicationCacheEnabled: false, browserConnectionEnabled: false, browserName: chrome, chrome: {chromedriverVersion: 2.43.600210 (68dcf5eebde371..., userDataDir: C:\Users\JOHNSE~1\AppData\L...}, cssSelectorsEnabled: true, databaseEnabled: false, goog:chromeOptions: {debuggerAddress: localhost:4671}, handlesAlerts: true, hasTouchScreen: false, javascriptEnabled: true, locationContextEnabled: true, mobileEmulationEnabled: false, nativeEvents: true, networkConnectionEnabled: false, pageLoadStrategy: normal, platform: XP, platformName: XP, rotatable: false, setWindowRect: true, takesHeapSnapshot: true, takesScreenshot: true, unexpectedAlertBehaviour: , unhandledPromptBehavior: , version: 71.0.3578.98, webStorageEnabled: true}
Session ID: 81584961f32c2b041d309e01ed358439)
	at com.kms.katalon.core.keyword.internal.KeywordMain.stepFailed(KeywordMain.groovy:32)
	at com.kms.katalon.core.webui.keyword.internal.WebUIKeywordMain.stepFailed(WebUIKeywordMain.groovy:65)
	at com.kms.katalon.core.webui.keyword.internal.WebUIKeywordMain.runKeyword(WebUIKeywordMain.groovy:27)
	at com.kms.katalon.core.webui.keyword.builtin.ClickKeyword.click(ClickKeyword.groovy:86)
	at com.kms.katalon.core.webui.keyword.builtin.ClickKeyword.execute(ClickKeyword.groovy:67)
	at com.kms.katalon.core.keyword.internal.KeywordExecutor.executeKeywordForPlatform(KeywordExecutor.groovy:53)
	at com.kms.katalon.core.webui.keyword.WebUiBuiltInKeywords.click(WebUiBuiltInKeywords.groovy:616)
	at com.kms.katalon.core.webui.keyword.WebUiBuiltInKeywords$click$3.call(Unknown Source)
	at IDEA_ADD_RELATED_TOPICS_TEMPLATE.run(IDEA_ADD_RELATED_TOPICS_TEMPLATE:22)
	at com.kms.katalon.core.main.ScriptEngine.run(ScriptEngine.java:194)
	at com.kms.katalon.core.main.ScriptEngine.runScriptAsRawText(ScriptEngine.java:119)
	at com.kms.katalon.core.main.TestCaseExecutor.runScript(TestCaseExecutor.java:328)
	at com.kms.katalon.core.main.TestCaseExecutor.doExecute(TestCaseExecutor.java:319)
	at com.kms.katalon.core.main.TestCaseExecutor.processExecutionPhase(TestCaseExecutor.java:298)
	at com.kms.katalon.core.main.TestCaseExecutor.accessMainPhase(TestCaseExecutor.java:290)
	at com.kms.katalon.core.main.TestCaseExecutor.execute(TestCaseExecutor.java:224)
	at com.kms.katalon.core.main.TestSuiteExecutor.accessTestCaseMainPhase(TestSuiteExecutor.java:129)
	at com.kms.katalon.core.main.TestSuiteExecutor.accessTestSuiteMainPhase(TestSuiteExecutor.java:112)
	at com.kms.katalon.core.main.TestSuiteExecutor.execute(TestSuiteExecutor.java:81)
	at com.kms.katalon.core.main.TestCaseMain.startTestSuite(TestCaseMain.java:149)
	at com.kms.katalon.core.main.TestCaseMain$startTestSuite$0.call(Unknown Source)
	at TempTestSuite1549259959153.run(TempTestSuite1549259959153.groovy:36)
"/>
         <system-out><![CDATA[2019-02-04 14:00:07 - [TEST_CASE][FAILED] - Test Cases/TEMPLATES/IDEATION/IDEA/IDEA_ADD_RELATED_TOPICS_TEMPLATE: Test Cases/TEMPLATES/IDEATION/IDEA/IDEA_ADD_RELATED_TOPICS_TEMPLATE FAILED.
Reason:
com.kms.katalon.core.exception.StepFailedException: Unable to click on object 'Object Repository/MENU/IDEATION_TAB' (Root cause: org.openqa.selenium.WebDriverException: unknown error: Element <a _ngcontent-c3="" class="nav-link active" href="/ideation" routerlink="/ideation" routerlinkactive="active">...</a> is not clickable at point (453, 23). Other element would receive the click: <ngb-modal-window role="dialog" tabindex="-1" class="modal fade show d-block card-popup-wrapper">...</ngb-modal-window>
  (Session info: chrome=71.0.3578.98)
  (Driver info: chromedriver=2.43.600210 (68dcf5eebde37173d4027fa8635e332711d2874a),platform=Windows NT 10.0.14393 x86_64) (WARNING: The server did not provide any stacktrace information)
Command duration or timeout: 0 milliseconds
Build info: version: '3.7.1', revision: '8a0099a', time: '2017-11-06T21:07:36.161Z'
System info: host: 'YSPC-STRATAPPQA', ip: '192.168.56.1', os.name: 'Windows 10', os.arch: 'amd64', os.version: '10.0', java.version: '1.8.0_102'
Driver info: com.kms.katalon.selenium.driver.CChromeDriver
Capabilities {acceptInsecureCerts: false, acceptSslCerts: false, applicationCacheEnabled: false, browserConnectionEnabled: false, browserName: chrome, chrome: {chromedriverVersion: 2.43.600210 (68dcf5eebde371..., userDataDir: C:\Users\JOHNSE~1\AppData\L...}, cssSelectorsEnabled: true, databaseEnabled: false, goog:chromeOptions: {debuggerAddress: localhost:4671}, handlesAlerts: true, hasTouchScreen: false, javascriptEnabled: true, locationContextEnabled: true, mobileEmulationEnabled: false, nativeEvents: true, networkConnectionEnabled: false, pageLoadStrategy: normal, platform: XP, platformName: XP, rotatable: false, setWindowRect: true, takesHeapSnapshot: true, takesScreenshot: true, unexpectedAlertBehaviour: , unhandledPromptBehavior: , version: 71.0.3578.98, webStorageEnabled: true}
Session ID: 81584961f32c2b041d309e01ed358439)
	at com.kms.katalon.core.keyword.internal.KeywordMain.stepFailed(KeywordMain.groovy:32)
	at com.kms.katalon.core.webui.keyword.internal.WebUIKeywordMain.stepFailed(WebUIKeywordMain.groovy:65)
	at com.kms.katalon.core.webui.keyword.internal.WebUIKeywordMain.runKeyword(WebUIKeywordMain.groovy:27)
	at com.kms.katalon.core.webui.keyword.builtin.ClickKeyword.click(ClickKeyword.groovy:86)
	at com.kms.katalon.core.webui.keyword.builtin.ClickKeyword.execute(ClickKeyword.groovy:67)
	at com.kms.katalon.core.keyword.internal.KeywordExecutor.executeKeywordForPlatform(KeywordExecutor.groovy:53)
	at com.kms.katalon.core.webui.keyword.WebUiBuiltInKeywords.click(WebUiBuiltInKeywords.groovy:616)
	at com.kms.katalon.core.webui.keyword.WebUiBuiltInKeywords$click$3.call(Unknown Source)
	at IDEA_ADD_RELATED_TOPICS_TEMPLATE.run(IDEA_ADD_RELATED_TOPICS_TEMPLATE:22)
	at com.kms.katalon.core.main.ScriptEngine.run(ScriptEngine.java:194)
	at com.kms.katalon.core.main.ScriptEngine.runScriptAsRawText(ScriptEngine.java:119)
	at com.kms.katalon.core.main.TestCaseExecutor.runScript(TestCaseExecutor.java:328)
	at com.kms.katalon.core.main.TestCaseExecutor.doExecute(TestCaseExecutor.java:319)
	at com.kms.katalon.core.main.TestCaseExecutor.processExecutionPhase(TestCaseExecutor.java:298)
	at com.kms.katalon.core.main.TestCaseExecutor.accessMainPhase(TestCaseExecutor.java:290)
	at com.kms.katalon.core.main.TestCaseExecutor.execute(TestCaseExecutor.java:224)
	at com.kms.katalon.core.main.TestSuiteExecutor.accessTestCaseMainPhase(TestSuiteExecutor.java:129)
	at com.kms.katalon.core.main.TestSuiteExecutor.accessTestSuiteMainPhase(TestSuiteExecutor.java:112)
	at com.kms.katalon.core.main.TestSuiteExecutor.execute(TestSuiteExecutor.java:81)
	at com.kms.katalon.core.main.TestCaseMain.startTestSuite(TestCaseMain.java:149)
	at com.kms.katalon.core.main.TestCaseMain$startTestSuite$0.call(Unknown Source)
	at TempTestSuite1549259959153.run(TempTestSuite1549259959153.groovy:36)


2019-02-04 14:00:07 - [TEST_STEP][PASSED] - waitForElementPresent(findTestObject("MENU/IDEATION_TAB"), 60): Object 'Object Repository/MENU/IDEATION_TAB' is present

2019-02-04 14:00:08 - [MESSAGE][PASSED] - Object 'Object Repository/MENU/IDEATION_TAB' is present

2019-02-04 14:00:08 - [TEST_STEP][PASSED] - mouseOver(findTestObject("MENU/IDEATION_TAB"), STOP_ON_FAILURE): Object: 'Object Repository/MENU/IDEATION_TAB' is hovered

2019-02-04 14:00:08 - [MESSAGE][PASSED] - Object: 'Object Repository/MENU/IDEATION_TAB' is hovered

2019-02-04 14:00:08 - [TEST_STEP][FAILED] - click(findTestObject("MENU/IDEATION_TAB")): Unable to click on object 'Object Repository/MENU/IDEATION_TAB' (Root cause: org.openqa.selenium.WebDriverException: unknown error: Element <a _ngcontent-c3="" class="nav-link active" href="/ideation" routerlink="/ideation" routerlinkactive="active">...</a> is not clickable at point (453, 23). Other element would receive the click: <ngb-modal-window role="dialog" tabindex="-1" class="modal fade show d-block card-popup-wrapper">...</ngb-modal-window>
  (Session info: chrome=71.0.3578.98)
  (Driver info: chromedriver=2.43.600210 (68dcf5eebde37173d4027fa8635e332711d2874a),platform=Windows NT 10.0.14393 x86_64) (WARNING: The server did not provide any stacktrace information)
Command duration or timeout: 0 milliseconds
Build info: version: '3.7.1', revision: '8a0099a', time: '2017-11-06T21:07:36.161Z'
System info: host: 'YSPC-STRATAPPQA', ip: '192.168.56.1', os.name: 'Windows 10', os.arch: 'amd64', os.version: '10.0', java.version: '1.8.0_102'
Driver info: com.kms.katalon.selenium.driver.CChromeDriver
Capabilities {acceptInsecureCerts: false, acceptSslCerts: false, applicationCacheEnabled: false, browserConnectionEnabled: false, browserName: chrome, chrome: {chromedriverVersion: 2.43.600210 (68dcf5eebde371..., userDataDir: C:\Users\JOHNSE~1\AppData\L...}, cssSelectorsEnabled: true, databaseEnabled: false, goog:chromeOptions: {debuggerAddress: localhost:4671}, handlesAlerts: true, hasTouchScreen: false, javascriptEnabled: true, locationContextEnabled: true, mobileEmulationEnabled: false, nativeEvents: true, networkConnectionEnabled: false, pageLoadStrategy: normal, platform: XP, platformName: XP, rotatable: false, setWindowRect: true, takesHeapSnapshot: true, takesScreenshot: true, unexpectedAlertBehaviour: , unhandledPromptBehavior: , version: 71.0.3578.98, webStorageEnabled: true}
Session ID: 81584961f32c2b041d309e01ed358439)

2019-02-04 14:00:08 - [MESSAGE][FAILED] - Unable to click on object 'Object Repository/MENU/IDEATION_TAB' (Root cause: org.openqa.selenium.WebDriverException: unknown error: Element <a _ngcontent-c3="" class="nav-link active" href="/ideation" routerlink="/ideation" routerlinkactive="active">...</a> is not clickable at point (453, 23). Other element would receive the click: <ngb-modal-window role="dialog" tabindex="-1" class="modal fade show d-block card-popup-wrapper">...</ngb-modal-window>
  (Session info: chrome=71.0.3578.98)
  (Driver info: chromedriver=2.43.600210 (68dcf5eebde37173d4027fa8635e332711d2874a),platform=Windows NT 10.0.14393 x86_64) (WARNING: The server did not provide any stacktrace information)
Command duration or timeout: 0 milliseconds
Build info: version: '3.7.1', revision: '8a0099a', time: '2017-11-06T21:07:36.161Z'
System info: host: 'YSPC-STRATAPPQA', ip: '192.168.56.1', os.name: 'Windows 10', os.arch: 'amd64', os.version: '10.0', java.version: '1.8.0_102'
Driver info: com.kms.katalon.selenium.driver.CChromeDriver
Capabilities {acceptInsecureCerts: false, acceptSslCerts: false, applicationCacheEnabled: false, browserConnectionEnabled: false, browserName: chrome, chrome: {chromedriverVersion: 2.43.600210 (68dcf5eebde371..., userDataDir: C:\Users\JOHNSE~1\AppData\L...}, cssSelectorsEnabled: true, databaseEnabled: false, goog:chromeOptions: {debuggerAddress: localhost:4671}, handlesAlerts: true, hasTouchScreen: false, javascriptEnabled: true, locationContextEnabled: true, mobileEmulationEnabled: false, nativeEvents: true, networkConnectionEnabled: false, pageLoadStrategy: normal, platform: XP, platformName: XP, rotatable: false, setWindowRect: true, takesHeapSnapshot: true, takesScreenshot: true, unexpectedAlertBehaviour: , unhandledPromptBehavior: , version: 71.0.3578.98, webStorageEnabled: true}
Session ID: 81584961f32c2b041d309e01ed358439)
[[ATTACHMENT|C:\\Users\\JohnSeigfredManzanar\\Katalon Studio\\StratApp\\Reports\\Regression\\Ideation\\Idea\\Validate if user can add related topic\\20190204_135919\\1549260008185.png]]

2019-02-04 14:00:08 - [TEST_STEP][PASSED] - waitForElementPresent(findTestObject("IDEATION/TABS/IDEAS_TAB"), 60): Object 'Object Repository/IDEATION/TABS/IDEAS_TAB' is present

2019-02-04 14:00:08 - [MESSAGE][PASSED] - Object 'Object Repository/IDEATION/TABS/IDEAS_TAB' is present

2019-02-04 14:00:08 - [TEST_STEP][PASSED] - mouseOver(findTestObject("IDEATION/TABS/IDEAS_TAB"), STOP_ON_FAILURE): Object: 'Object Repository/IDEATION/TABS/IDEAS_TAB' is hovered

2019-02-04 14:00:08 - [MESSAGE][PASSED] - Object: 'Object Repository/IDEATION/TABS/IDEAS_TAB' is hovered

2019-02-04 14:00:08 - [TEST_STEP][FAILED] - click(findTestObject("IDEATION/TABS/IDEAS_TAB")): Unable to click on object 'Object Repository/IDEATION/TABS/IDEAS_TAB' (Root cause: org.openqa.selenium.WebDriverException: unknown error: Element <a _ngcontent-c50="" class="nav-link active" href="/ideation/..." routerlink="/ideation/ideas" routerlinkactive="active">ideas</a> is not clickable at point (299, 66). Other element would receive the click: <div _ngcontent-c74="" class="card-body">...</div>
  (Session info: chrome=71.0.3578.98)
  (Driver info: chromedriver=2.43.600210 (68dcf5eebde37173d4027fa8635e332711d2874a),platform=Windows NT 10.0.14393 x86_64) (WARNING: The server did not provide any stacktrace information)
Command duration or timeout: 0 milliseconds
Build info: version: '3.7.1', revision: '8a0099a', time: '2017-11-06T21:07:36.161Z'
System info: host: 'YSPC-STRATAPPQA', ip: '192.168.56.1', os.name: 'Windows 10', os.arch: 'amd64', os.version: '10.0', java.version: '1.8.0_102'
Driver info: com.kms.katalon.selenium.driver.CChromeDriver
Capabilities {acceptInsecureCerts: false, acceptSslCerts: false, applicationCacheEnabled: false, browserConnectionEnabled: false, browserName: chrome, chrome: {chromedriverVersion: 2.43.600210 (68dcf5eebde371..., userDataDir: C:\Users\JOHNSE~1\AppData\L...}, cssSelectorsEnabled: true, databaseEnabled: false, goog:chromeOptions: {debuggerAddress: localhost:4671}, handlesAlerts: true, hasTouchScreen: false, javascriptEnabled: true, locationContextEnabled: true, mobileEmulationEnabled: false, nativeEvents: true, networkConnectionEnabled: false, pageLoadStrategy: normal, platform: XP, platformName: XP, rotatable: false, setWindowRect: true, takesHeapSnapshot: true, takesScreenshot: true, unexpectedAlertBehaviour: , unhandledPromptBehavior: , version: 71.0.3578.98, webStorageEnabled: true}
Session ID: 81584961f32c2b041d309e01ed358439)

2019-02-04 14:00:08 - [MESSAGE][FAILED] - Unable to click on object 'Object Repository/IDEATION/TABS/IDEAS_TAB' (Root cause: org.openqa.selenium.WebDriverException: unknown error: Element <a _ngcontent-c50="" class="nav-link active" href="/ideation/..." routerlink="/ideation/ideas" routerlinkactive="active">ideas</a> is not clickable at point (299, 66). Other element would receive the click: <div _ngcontent-c74="" class="card-body">...</div>
  (Session info: chrome=71.0.3578.98)
  (Driver info: chromedriver=2.43.600210 (68dcf5eebde37173d4027fa8635e332711d2874a),platform=Windows NT 10.0.14393 x86_64) (WARNING: The server did not provide any stacktrace information)
Command duration or timeout: 0 milliseconds
Build info: version: '3.7.1', revision: '8a0099a', time: '2017-11-06T21:07:36.161Z'
System info: host: 'YSPC-STRATAPPQA', ip: '192.168.56.1', os.name: 'Windows 10', os.arch: 'amd64', os.version: '10.0', java.version: '1.8.0_102'
Driver info: com.kms.katalon.selenium.driver.CChromeDriver
Capabilities {acceptInsecureCerts: false, acceptSslCerts: false, applicationCacheEnabled: false, browserConnectionEnabled: false, browserName: chrome, chrome: {chromedriverVersion: 2.43.600210 (68dcf5eebde371..., userDataDir: C:\Users\JOHNSE~1\AppData\L...}, cssSelectorsEnabled: true, databaseEnabled: false, goog:chromeOptions: {debuggerAddress: localhost:4671}, handlesAlerts: true, hasTouchScreen: false, javascriptEnabled: true, locationContextEnabled: true, mobileEmulationEnabled: false, nativeEvents: true, networkConnectionEnabled: false, pageLoadStrategy: normal, platform: XP, platformName: XP, rotatable: false, setWindowRect: true, takesHeapSnapshot: true, takesScreenshot: true, unexpectedAlertBehaviour: , unhandledPromptBehavior: , version: 71.0.3578.98, webStorageEnabled: true}
Session ID: 81584961f32c2b041d309e01ed358439)
[[ATTACHMENT|C:\\Users\\JohnSeigfredManzanar\\Katalon Studio\\StratApp\\Reports\\Regression\\Ideation\\Idea\\Validate if user can add related topic\\20190204_135919\\1549260008617.png]]

2019-02-04 14:00:08 - [TEST_STEP][PASSED] - waitForElementPresent(findTestObject("IDEATION/IDEAS/LV_PLUS_SIGN_BUTTON"), 60): Object 'Object Repository/IDEATION/IDEAS/LV_PLUS_SIGN_BUTTON' is present

2019-02-04 14:00:08 - [MESSAGE][PASSED] - Object 'Object Repository/IDEATION/IDEAS/LV_PLUS_SIGN_BUTTON' is present

2019-02-04 14:00:08 - [TEST_STEP][PASSED] - setText(findTestObject("IDEATION/IDEAS/LV_SEARCH_TEXTFIELD"), IDEA_TITLE): Text 'AUTO IDEA TITLE W RELATED' is set on object 'Object Repository/IDEATION/IDEAS/LV_SEARCH_TEXTFIELD'

2019-02-04 14:00:09 - [MESSAGE][PASSED] - Text 'AUTO IDEA TITLE W RELATED' is set on object 'Object Repository/IDEATION/IDEAS/LV_SEARCH_TEXTFIELD'

2019-02-04 14:00:09 - [TEST_STEP][PASSED] - waitForElementPresent(findTestObject("IDEATION/IDEAS/LV_IDEA_TITLE"), 60): Object 'Object Repository/IDEATION/IDEAS/LV_IDEA_TITLE' is present

2019-02-04 14:00:09 - [MESSAGE][PASSED] - Object 'Object Repository/IDEATION/IDEAS/LV_IDEA_TITLE' is present

2019-02-04 14:00:09 - [TEST_STEP][PASSED] - mouseOver(findTestObject("IDEATION/IDEAS/LV_IDEA_TITLE")): Object: 'Object Repository/IDEATION/IDEAS/LV_IDEA_TITLE' is hovered

2019-02-04 14:00:09 - [MESSAGE][PASSED] - Object: 'Object Repository/IDEATION/IDEAS/LV_IDEA_TITLE' is hovered

2019-02-04 14:00:09 - [TEST_STEP][FAILED] - click(findTestObject("IDEATION/IDEAS/LV_IDEA_TITLE")): Unable to click on object 'Object Repository/IDEATION/IDEAS/LV_IDEA_TITLE' (Root cause: org.openqa.selenium.WebDriverException: unknown error: Element <h6 _ngcontent-c67="" class="text-truncate title">...</h6> is not clickable at point (627, 147). Other element would receive the click: <div _ngcontent-c74="" class="card-body">...</div>
  (Session info: chrome=71.0.3578.98)
  (Driver info: chromedriver=2.43.600210 (68dcf5eebde37173d4027fa8635e332711d2874a),platform=Windows NT 10.0.14393 x86_64) (WARNING: The server did not provide any stacktrace information)
Command duration or timeout: 0 milliseconds
Build info: version: '3.7.1', revision: '8a0099a', time: '2017-11-06T21:07:36.161Z'
System info: host: 'YSPC-STRATAPPQA', ip: '192.168.56.1', os.name: 'Windows 10', os.arch: 'amd64', os.version: '10.0', java.version: '1.8.0_102'
Driver info: com.kms.katalon.selenium.driver.CChromeDriver
Capabilities {acceptInsecureCerts: false, acceptSslCerts: false, applicationCacheEnabled: false, browserConnectionEnabled: false, browserName: chrome, chrome: {chromedriverVersion: 2.43.600210 (68dcf5eebde371..., userDataDir: C:\Users\JOHNSE~1\AppData\L...}, cssSelectorsEnabled: true, databaseEnabled: false, goog:chromeOptions: {debuggerAddress: localhost:4671}, handlesAlerts: true, hasTouchScreen: false, javascriptEnabled: true, locationContextEnabled: true, mobileEmulationEnabled: false, nativeEvents: true, networkConnectionEnabled: false, pageLoadStrategy: normal, platform: XP, platformName: XP, rotatable: false, setWindowRect: true, takesHeapSnapshot: true, takesScreenshot: true, unexpectedAlertBehaviour: , unhandledPromptBehavior: , version: 71.0.3578.98, webStorageEnabled: true}
Session ID: 81584961f32c2b041d309e01ed358439)

2019-02-04 14:00:09 - [MESSAGE][FAILED] - Unable to click on object 'Object Repository/IDEATION/IDEAS/LV_IDEA_TITLE' (Root cause: org.openqa.selenium.WebDriverException: unknown error: Element <h6 _ngcontent-c67="" class="text-truncate title">...</h6> is not clickable at point (627, 147). Other element would receive the click: <div _ngcontent-c74="" class="card-body">...</div>
  (Session info: chrome=71.0.3578.98)
  (Driver info: chromedriver=2.43.600210 (68dcf5eebde37173d4027fa8635e332711d2874a),platform=Windows NT 10.0.14393 x86_64) (WARNING: The server did not provide any stacktrace information)
Command duration or timeout: 0 milliseconds
Build info: version: '3.7.1', revision: '8a0099a', time: '2017-11-06T21:07:36.161Z'
System info: host: 'YSPC-STRATAPPQA', ip: '192.168.56.1', os.name: 'Windows 10', os.arch: 'amd64', os.version: '10.0', java.version: '1.8.0_102'
Driver info: com.kms.katalon.selenium.driver.CChromeDriver
Capabilities {acceptInsecureCerts: false, acceptSslCerts: false, applicationCacheEnabled: false, browserConnectionEnabled: false, browserName: chrome, chrome: {chromedriverVersion: 2.43.600210 (68dcf5eebde371..., userDataDir: C:\Users\JOHNSE~1\AppData\L...}, cssSelectorsEnabled: true, databaseEnabled: false, goog:chromeOptions: {debuggerAddress: localhost:4671}, handlesAlerts: true, hasTouchScreen: false, javascriptEnabled: true, locationContextEnabled: true, mobileEmulationEnabled: false, nativeEvents: true, networkConnectionEnabled: false, pageLoadStrategy: normal, platform: XP, platformName: XP, rotatable: false, setWindowRect: true, takesHeapSnapshot: true, takesScreenshot: true, unexpectedAlertBehaviour: , unhandledPromptBehavior: , version: 71.0.3578.98, webStorageEnabled: true}
Session ID: 81584961f32c2b041d309e01ed358439)
[[ATTACHMENT|C:\\Users\\JohnSeigfredManzanar\\Katalon Studio\\StratApp\\Reports\\Regression\\Ideation\\Idea\\Validate if user can add related topic\\20190204_135919\\1549260009469.png]]

2019-02-04 14:00:09 - [TEST_STEP][PASSED] - waitForElementVisible(findTestObject("IDEATION/IDEAS/IDEA_CARD"), 60): Object 'Object Repository/IDEATION/IDEAS/IDEA_CARD' is visible

2019-02-04 14:00:09 - [MESSAGE][PASSED] - Object 'Object Repository/IDEATION/IDEAS/IDEA_CARD' is visible

2019-02-04 14:00:09 - [TEST_STEP][FAILED] - if (RELATED_RISK == "YES"): Unable to call Test Case 'Test Cases/TEMPLATES/IDEATION/RELATED/ADD_RELATED_RISK_TEMPLATE' (Root cause: com.kms.katalon.core.exception.StepErrorException: Call Test Case 'Test Cases/TEMPLATES/IDEATION/RELATED/ADD_RELATED_RISK_TEMPLATE' failed because of error(s))

2019-02-04 14:00:09 - [TEST_STEP][FAILED] - callTestCase(findTestCase("TEMPLATES/IDEATION/RELATED/ADD_RELATED_RISK_TEMPLATE"), [:], CONTINUE_ON_FAILURE): Unable to call Test Case 'Test Cases/TEMPLATES/IDEATION/RELATED/ADD_RELATED_RISK_TEMPLATE' (Root cause: com.kms.katalon.core.exception.StepErrorException: Call Test Case 'Test Cases/TEMPLATES/IDEATION/RELATED/ADD_RELATED_RISK_TEMPLATE' failed because of error(s))

2019-02-04 14:00:09 - [TEST_CASE][ERROR] - Test Cases/TEMPLATES/IDEATION/RELATED/ADD_RELATED_RISK_TEMPLATE: Test Cases/TEMPLATES/IDEATION/RELATED/ADD_RELATED_RISK_TEMPLATE FAILED.
Reason:
groovy.lang.MissingPropertyException: No such property: RISK_TITLE for class: Script1548929286763
	at ADD_RELATED_RISK_TEMPLATE.run(ADD_RELATED_RISK_TEMPLATE:36)
	at com.kms.katalon.core.main.ScriptEngine.run(ScriptEngine.java:194)
	at com.kms.katalon.core.main.ScriptEngine.runScriptAsRawText(ScriptEngine.java:119)
	at com.kms.katalon.core.main.TestCaseExecutor.runScript(TestCaseExecutor.java:328)
	at com.kms.katalon.core.main.TestCaseExecutor.doExecute(TestCaseExecutor.java:319)
	at com.kms.katalon.core.main.TestCaseExecutor.processExecutionPhase(TestCaseExecutor.java:298)
	at com.kms.katalon.core.main.TestCaseExecutor.accessMainPhase(TestCaseExecutor.java:290)
	at com.kms.katalon.core.main.TestCaseExecutor.execute(TestCaseExecutor.java:224)
	at com.kms.katalon.core.main.TestCaseMain.runTestCase(TestCaseMain.java:106)
	at com.kms.katalon.core.keyword.builtin.CallTestCaseKeyword$_callTestCase_closure1.doCall(CallTestCaseKeyword.groovy:59)
	at com.kms.katalon.core.keyword.builtin.CallTestCaseKeyword$_callTestCase_closure1.call(CallTestCaseKeyword.groovy)
	at com.kms.katalon.core.keyword.internal.KeywordMain.runKeyword(KeywordMain.groovy:54)
	at com.kms.katalon.core.keyword.builtin.CallTestCaseKeyword.callTestCase(CallTestCaseKeyword.groovy:80)
	at com.kms.katalon.core.keyword.builtin.CallTestCaseKeyword.execute(CallTestCaseKeyword.groovy:44)
	at com.kms.katalon.core.keyword.internal.KeywordExecutor.executeKeywordForPlatform(KeywordExecutor.groovy:53)
	at com.kms.katalon.core.keyword.BuiltinKeywords.callTestCase(BuiltinKeywords.groovy:334)
	at IDEA_ADD_RELATED_TOPICS_TEMPLATE.run(IDEA_ADD_RELATED_TOPICS_TEMPLATE:43)
	at com.kms.katalon.core.main.ScriptEngine.run(ScriptEngine.java:194)
	at com.kms.katalon.core.main.ScriptEngine.runScriptAsRawText(ScriptEngine.java:119)
	at com.kms.katalon.core.main.TestCaseExecutor.runScript(TestCaseExecutor.java:328)
	at com.kms.katalon.core.main.TestCaseExecutor.doExecute(TestCaseExecutor.java:319)
	at com.kms.katalon.core.main.TestCaseExecutor.processExecutionPhase(TestCaseExecutor.java:298)
	at com.kms.katalon.core.main.TestCaseExecutor.accessMainPhase(TestCaseExecutor.java:290)
	at com.kms.katalon.core.main.TestCaseExecutor.execute(TestCaseExecutor.java:224)
	at com.kms.katalon.core.main.TestSuiteExecutor.accessTestCaseMainPhase(TestSuiteExecutor.java:129)
	at com.kms.katalon.core.main.TestSuiteExecutor.accessTestSuiteMainPhase(TestSuiteExecutor.java:112)
	at com.kms.katalon.core.main.TestSuiteExecutor.execute(TestSuiteExecutor.java:81)
	at com.kms.katalon.core.main.TestCaseMain.startTestSuite(TestCaseMain.java:149)
	at com.kms.katalon.core.main.TestCaseMain$startTestSuite$0.call(Unknown Source)
	at TempTestSuite1549259959153.run(TempTestSuite1549259959153.groovy:36)


2019-02-04 14:00:10 - [TEST_STEP][PASSED] - mouseOver(findTestObject("IDEATION/LV2 NAV/RELATED/RELATED_TAB")): Object: 'Object Repository/IDEATION/LV2 NAV/RELATED/RELATED_TAB' is hovered

2019-02-04 14:00:10 - [MESSAGE][PASSED] - Object: 'Object Repository/IDEATION/LV2 NAV/RELATED/RELATED_TAB' is hovered

2019-02-04 14:00:10 - [TEST_STEP][PASSED] - click(findTestObject("IDEATION/LV2 NAV/RELATED/RELATED_TAB")): Object: 'Object Repository/IDEATION/LV2 NAV/RELATED/RELATED_TAB' is clicked on

2019-02-04 14:00:10 - [MESSAGE][PASSED] - Object: 'Object Repository/IDEATION/LV2 NAV/RELATED/RELATED_TAB' is clicked on

2019-02-04 14:00:10 - [TEST_STEP][PASSED] - waitForElementVisible(findTestObject("IDEATION/LV2 NAV/RELATED/RISKS/RELATED_RISKS_TAB"), 60): Object 'Object Repository/IDEATION/LV2 NAV/RELATED/RISKS/RELATED_RISKS_TAB' is visible

2019-02-04 14:00:10 - [MESSAGE][PASSED] - Object 'Object Repository/IDEATION/LV2 NAV/RELATED/RISKS/RELATED_RISKS_TAB' is visible

2019-02-04 14:00:10 - [TEST_STEP][PASSED] - mouseOver(findTestObject("IDEATION/LV2 NAV/RELATED/RISKS/RELATED_RISKS_TAB")): Object: 'Object Repository/IDEATION/LV2 NAV/RELATED/RISKS/RELATED_RISKS_TAB' is hovered

2019-02-04 14:00:10 - [MESSAGE][PASSED] - Object: 'Object Repository/IDEATION/LV2 NAV/RELATED/RISKS/RELATED_RISKS_TAB' is hovered

2019-02-04 14:00:10 - [TEST_STEP][PASSED] - click(findTestObject("IDEATION/LV2 NAV/RELATED/RISKS/RELATED_RISKS_TAB")): Object: 'Object Repository/IDEATION/LV2 NAV/RELATED/RISKS/RELATED_RISKS_TAB' is clicked on

2019-02-04 14:00:10 - [MESSAGE][PASSED] - Object: 'Object Repository/IDEATION/LV2 NAV/RELATED/RISKS/RELATED_RISKS_TAB' is clicked on

2019-02-04 14:00:10 - [TEST_STEP][PASSED] - waitForElementVisible(findTestObject("IDEATION/LV2 NAV/RELATED/RISKS/OC_ADD_RISK_BUTTON"), 60): Object 'Object Repository/IDEATION/LV2 NAV/RELATED/RISKS/OC_ADD_RISK_BUTTON' is visible

2019-02-04 14:00:10 - [MESSAGE][PASSED] - Object 'Object Repository/IDEATION/LV2 NAV/RELATED/RISKS/OC_ADD_RISK_BUTTON' is visible

2019-02-04 14:00:10 - [TEST_STEP][PASSED] - mouseOver(findTestObject("IDEATION/LV2 NAV/RELATED/RISKS/OC_ADD_RISK_BUTTON")): Object: 'Object Repository/IDEATION/LV2 NAV/RELATED/RISKS/OC_ADD_RISK_BUTTON' is hovered

2019-02-04 14:00:10 - [MESSAGE][PASSED] - Object: 'Object Repository/IDEATION/LV2 NAV/RELATED/RISKS/OC_ADD_RISK_BUTTON' is hovered

2019-02-04 14:00:10 - [TEST_STEP][PASSED] - click(findTestObject("IDEATION/LV2 NAV/RELATED/RISKS/OC_ADD_RISK_BUTTON")): Object: 'Object Repository/IDEATION/LV2 NAV/RELATED/RISKS/OC_ADD_RISK_BUTTON' is clicked on

2019-02-04 14:00:11 - [MESSAGE][PASSED] - Object: 'Object Repository/IDEATION/LV2 NAV/RELATED/RISKS/OC_ADD_RISK_BUTTON' is clicked on

2019-02-04 14:00:11 - [TEST_STEP][PASSED] - waitForElementVisible(findTestObject("STRATEGY/RISKS/OC_RISK_TITLE_FIELD"), 60): Object 'Object Repository/STRATEGY/RISKS/OC_RISK_TITLE_FIELD' is visible

2019-02-04 14:00:11 - [MESSAGE][PASSED] - Object 'Object Repository/STRATEGY/RISKS/OC_RISK_TITLE_FIELD' is visible

2019-02-04 14:00:11 - [TEST_STEP][ERROR] - setText(findTestObject("STRATEGY/RISKS/OC_RISK_TITLE_FIELD"), RISK_TITLE): setText(findTestObject("STRATEGY/RISKS/OC_RISK_TITLE_FIELD"), RISK_TITLE) FAILED.
Reason:
groovy.lang.MissingPropertyException: No such property: RISK_TITLE for class: Script1548929286763
	at ADD_RELATED_RISK_TEMPLATE.run(ADD_RELATED_RISK_TEMPLATE:36)
	at com.kms.katalon.core.main.ScriptEngine.run(ScriptEngine.java:194)
	at com.kms.katalon.core.main.ScriptEngine.runScriptAsRawText(ScriptEngine.java:119)
	at com.kms.katalon.core.main.TestCaseExecutor.runScript(TestCaseExecutor.java:328)
	at com.kms.katalon.core.main.TestCaseExecutor.doExecute(TestCaseExecutor.java:319)
	at com.kms.katalon.core.main.TestCaseExecutor.processExecutionPhase(TestCaseExecutor.java:298)
	at com.kms.katalon.core.main.TestCaseExecutor.accessMainPhase(TestCaseExecutor.java:290)
	at com.kms.katalon.core.main.TestCaseExecutor.execute(TestCaseExecutor.java:224)
	at com.kms.katalon.core.main.TestCaseMain.runTestCase(TestCaseMain.java:106)
	at com.kms.katalon.core.keyword.builtin.CallTestCaseKeyword$_callTestCase_closure1.doCall(CallTestCaseKeyword.groovy:59)
	at com.kms.katalon.core.keyword.builtin.CallTestCaseKeyword$_callTestCase_closure1.call(CallTestCaseKeyword.groovy)
	at com.kms.katalon.core.keyword.internal.KeywordMain.runKeyword(KeywordMain.groovy:54)
	at com.kms.katalon.core.keyword.builtin.CallTestCaseKeyword.callTestCase(CallTestCaseKeyword.groovy:80)
	at com.kms.katalon.core.keyword.builtin.CallTestCaseKeyword.execute(CallTestCaseKeyword.groovy:44)
	at com.kms.katalon.core.keyword.internal.KeywordExecutor.executeKeywordForPlatform(KeywordExecutor.groovy:53)
	at com.kms.katalon.core.keyword.BuiltinKeywords.callTestCase(BuiltinKeywords.groovy:334)
	at IDEA_ADD_RELATED_TOPICS_TEMPLATE.run(IDEA_ADD_RELATED_TOPICS_TEMPLATE:43)
	at com.kms.katalon.core.main.ScriptEngine.run(ScriptEngine.java:194)
	at com.kms.katalon.core.main.ScriptEngine.runScriptAsRawText(ScriptEngine.java:119)
	at com.kms.katalon.core.main.TestCaseExecutor.runScript(TestCaseExecutor.java:328)
	at com.kms.katalon.core.main.TestCaseExecutor.doExecute(TestCaseExecutor.java:319)
	at com.kms.katalon.core.main.TestCaseExecutor.processExecutionPhase(TestCaseExecutor.java:298)
	at com.kms.katalon.core.main.TestCaseExecutor.accessMainPhase(TestCaseExecutor.java:290)
	at com.kms.katalon.core.main.TestCaseExecutor.execute(TestCaseExecutor.java:224)
	at com.kms.katalon.core.main.TestSuiteExecutor.accessTestCaseMainPhase(TestSuiteExecutor.java:129)
	at com.kms.katalon.core.main.TestSuiteExecutor.accessTestSuiteMainPhase(TestSuiteExecutor.java:112)
	at com.kms.katalon.core.main.TestSuiteExecutor.execute(TestSuiteExecutor.java:81)
	at com.kms.katalon.core.main.TestCaseMain.startTestSuite(TestCaseMain.java:149)
	at com.kms.katalon.core.main.TestCaseMain$startTestSuite$0.call(Unknown Source)
	at TempTestSuite1549259959153.run(TempTestSuite1549259959153.groovy:36)


2019-02-04 14:00:11 - [MESSAGE][ERROR] - setText(findTestObject("STRATEGY/RISKS/OC_RISK_TITLE_FIELD"), RISK_TITLE) FAILED.
Reason:
groovy.lang.MissingPropertyException: No such property: RISK_TITLE for class: Script1548929286763
	at ADD_RELATED_RISK_TEMPLATE.run(ADD_RELATED_RISK_TEMPLATE:36)
	at com.kms.katalon.core.main.ScriptEngine.run(ScriptEngine.java:194)
	at com.kms.katalon.core.main.ScriptEngine.runScriptAsRawText(ScriptEngine.java:119)
	at com.kms.katalon.core.main.TestCaseExecutor.runScript(TestCaseExecutor.java:328)
	at com.kms.katalon.core.main.TestCaseExecutor.doExecute(TestCaseExecutor.java:319)
	at com.kms.katalon.core.main.TestCaseExecutor.processExecutionPhase(TestCaseExecutor.java:298)
	at com.kms.katalon.core.main.TestCaseExecutor.accessMainPhase(TestCaseExecutor.java:290)
	at com.kms.katalon.core.main.TestCaseExecutor.execute(TestCaseExecutor.java:224)
	at com.kms.katalon.core.main.TestCaseMain.runTestCase(TestCaseMain.java:106)
	at com.kms.katalon.core.keyword.builtin.CallTestCaseKeyword$_callTestCase_closure1.doCall(CallTestCaseKeyword.groovy:59)
	at com.kms.katalon.core.keyword.builtin.CallTestCaseKeyword$_callTestCase_closure1.call(CallTestCaseKeyword.groovy)
	at com.kms.katalon.core.keyword.internal.KeywordMain.runKeyword(KeywordMain.groovy:54)
	at com.kms.katalon.core.keyword.builtin.CallTestCaseKeyword.callTestCase(CallTestCaseKeyword.groovy:80)
	at com.kms.katalon.core.keyword.builtin.CallTestCaseKeyword.execute(CallTestCaseKeyword.groovy:44)
	at com.kms.katalon.core.keyword.internal.KeywordExecutor.executeKeywordForPlatform(KeywordExecutor.groovy:53)
	at com.kms.katalon.core.keyword.BuiltinKeywords.callTestCase(BuiltinKeywords.groovy:334)
	at IDEA_ADD_RELATED_TOPICS_TEMPLATE.run(IDEA_ADD_RELATED_TOPICS_TEMPLATE:43)
	at com.kms.katalon.core.main.ScriptEngine.run(ScriptEngine.java:194)
	at com.kms.katalon.core.main.ScriptEngine.runScriptAsRawText(ScriptEngine.java:119)
	at com.kms.katalon.core.main.TestCaseExecutor.runScript(TestCaseExecutor.java:328)
	at com.kms.katalon.core.main.TestCaseExecutor.doExecute(TestCaseExecutor.java:319)
	at com.kms.katalon.core.main.TestCaseExecutor.processExecutionPhase(TestCaseExecutor.java:298)
	at com.kms.katalon.core.main.TestCaseExecutor.accessMainPhase(TestCaseExecutor.java:290)
	at com.kms.katalon.core.main.TestCaseExecutor.execute(TestCaseExecutor.java:224)
	at com.kms.katalon.core.main.TestSuiteExecutor.accessTestCaseMainPhase(TestSuiteExecutor.java:129)
	at com.kms.katalon.core.main.TestSuiteExecutor.accessTestSuiteMainPhase(TestSuiteExecutor.java:112)
	at com.kms.katalon.core.main.TestSuiteExecutor.execute(TestSuiteExecutor.java:81)
	at com.kms.katalon.core.main.TestCaseMain.startTestSuite(TestCaseMain.java:149)
	at com.kms.katalon.core.main.TestCaseMain$startTestSuite$0.call(Unknown Source)
	at TempTestSuite1549259959153.run(TempTestSuite1549259959153.groovy:36)


2019-02-04 14:00:11 - [MESSAGE][FAILED] - Unable to call Test Case 'Test Cases/TEMPLATES/IDEATION/RELATED/ADD_RELATED_RISK_TEMPLATE' (Root cause: com.kms.katalon.core.exception.StepErrorException: Call Test Case 'Test Cases/TEMPLATES/IDEATION/RELATED/ADD_RELATED_RISK_TEMPLATE' failed because of error(s))

2019-02-04 14:00:11 - [TEST_STEP][FAILED] - if (RELATED_KPI == "YES"): if (RELATED_KPI == "YES") FAILED.
Reason:
com.kms.katalon.core.exception.StepFailedException: Unable to click on object 'Object Repository/MENU/IDEATION_TAB' (Root cause: org.openqa.selenium.WebDriverException: unknown error: Element <a _ngcontent-c3="" class="nav-link active" href="/ideation" routerlink="/ideation" routerlinkactive="active">...</a> is not clickable at point (453, 23). Other element would receive the click: <ngb-modal-window role="dialog" tabindex="-1" class="modal fade show d-block card-popup-wrapper">...</ngb-modal-window>
  (Session info: chrome=71.0.3578.98)
  (Driver info: chromedriver=2.43.600210 (68dcf5eebde37173d4027fa8635e332711d2874a),platform=Windows NT 10.0.14393 x86_64) (WARNING: The server did not provide any stacktrace information)
Command duration or timeout: 0 milliseconds
Build info: version: '3.7.1', revision: '8a0099a', time: '2017-11-06T21:07:36.161Z'
System info: host: 'YSPC-STRATAPPQA', ip: '192.168.56.1', os.name: 'Windows 10', os.arch: 'amd64', os.version: '10.0', java.version: '1.8.0_102'
Driver info: com.kms.katalon.selenium.driver.CChromeDriver
Capabilities {acceptInsecureCerts: false, acceptSslCerts: false, applicationCacheEnabled: false, browserConnectionEnabled: false, browserName: chrome, chrome: {chromedriverVersion: 2.43.600210 (68dcf5eebde371..., userDataDir: C:\Users\JOHNSE~1\AppData\L...}, cssSelectorsEnabled: true, databaseEnabled: false, goog:chromeOptions: {debuggerAddress: localhost:4671}, handlesAlerts: true, hasTouchScreen: false, javascriptEnabled: true, locationContextEnabled: true, mobileEmulationEnabled: false, nativeEvents: true, networkConnectionEnabled: false, pageLoadStrategy: normal, platform: XP, platformName: XP, rotatable: false, setWindowRect: true, takesHeapSnapshot: true, takesScreenshot: true, unexpectedAlertBehaviour: , unhandledPromptBehavior: , version: 71.0.3578.98, webStorageEnabled: true}
Session ID: 81584961f32c2b041d309e01ed358439)
	at com.kms.katalon.core.keyword.internal.KeywordMain.stepFailed(KeywordMain.groovy:32)
	at com.kms.katalon.core.webui.keyword.internal.WebUIKeywordMain.stepFailed(WebUIKeywordMain.groovy:65)
	at com.kms.katalon.core.webui.keyword.internal.WebUIKeywordMain.runKeyword(WebUIKeywordMain.groovy:27)
	at com.kms.katalon.core.webui.keyword.builtin.ClickKeyword.click(ClickKeyword.groovy:86)
	at com.kms.katalon.core.webui.keyword.builtin.ClickKeyword.execute(ClickKeyword.groovy:67)
	at com.kms.katalon.core.keyword.internal.KeywordExecutor.executeKeywordForPlatform(KeywordExecutor.groovy:53)
	at com.kms.katalon.core.webui.keyword.WebUiBuiltInKeywords.click(WebUiBuiltInKeywords.groovy:616)
	at com.kms.katalon.core.webui.keyword.WebUiBuiltInKeywords$click$3.call(Unknown Source)
	at IDEA_ADD_RELATED_TOPICS_TEMPLATE.run(IDEA_ADD_RELATED_TOPICS_TEMPLATE:22)
	at com.kms.katalon.core.main.ScriptEngine.run(ScriptEngine.java:194)
	at com.kms.katalon.core.main.ScriptEngine.runScriptAsRawText(ScriptEngine.java:119)
	at com.kms.katalon.core.main.TestCaseExecutor.runScript(TestCaseExecutor.java:328)
	at com.kms.katalon.core.main.TestCaseExecutor.doExecute(TestCaseExecutor.java:319)
	at com.kms.katalon.core.main.TestCaseExecutor.processExecutionPhase(TestCaseExecutor.java:298)
	at com.kms.katalon.core.main.TestCaseExecutor.accessMainPhase(TestCaseExecutor.java:290)
	at com.kms.katalon.core.main.TestCaseExecutor.execute(TestCaseExecutor.java:224)
	at com.kms.katalon.core.main.TestSuiteExecutor.accessTestCaseMainPhase(TestSuiteExecutor.java:129)
	at com.kms.katalon.core.main.TestSuiteExecutor.accessTestSuiteMainPhase(TestSuiteExecutor.java:112)
	at com.kms.katalon.core.main.TestSuiteExecutor.execute(TestSuiteExecutor.java:81)
	at com.kms.katalon.core.main.TestCaseMain.startTestSuite(TestCaseMain.java:149)
	at com.kms.katalon.core.main.TestCaseMain$startTestSuite$0.call(Unknown Source)
	at TempTestSuite1549259959153.run(TempTestSuite1549259959153.groovy:36)


2019-02-04 14:00:11 - [MESSAGE][FAILED] - if (RELATED_KPI == "YES") FAILED.
Reason:
com.kms.katalon.core.exception.StepFailedException: Unable to click on object 'Object Repository/MENU/IDEATION_TAB' (Root cause: org.openqa.selenium.WebDriverException: unknown error: Element <a _ngcontent-c3="" class="nav-link active" href="/ideation" routerlink="/ideation" routerlinkactive="active">...</a> is not clickable at point (453, 23). Other element would receive the click: <ngb-modal-window role="dialog" tabindex="-1" class="modal fade show d-block card-popup-wrapper">...</ngb-modal-window>
  (Session info: chrome=71.0.3578.98)
  (Driver info: chromedriver=2.43.600210 (68dcf5eebde37173d4027fa8635e332711d2874a),platform=Windows NT 10.0.14393 x86_64) (WARNING: The server did not provide any stacktrace information)
Command duration or timeout: 0 milliseconds
Build info: version: '3.7.1', revision: '8a0099a', time: '2017-11-06T21:07:36.161Z'
System info: host: 'YSPC-STRATAPPQA', ip: '192.168.56.1', os.name: 'Windows 10', os.arch: 'amd64', os.version: '10.0', java.version: '1.8.0_102'
Driver info: com.kms.katalon.selenium.driver.CChromeDriver
Capabilities {acceptInsecureCerts: false, acceptSslCerts: false, applicationCacheEnabled: false, browserConnectionEnabled: false, browserName: chrome, chrome: {chromedriverVersion: 2.43.600210 (68dcf5eebde371..., userDataDir: C:\Users\JOHNSE~1\AppData\L...}, cssSelectorsEnabled: true, databaseEnabled: false, goog:chromeOptions: {debuggerAddress: localhost:4671}, handlesAlerts: true, hasTouchScreen: false, javascriptEnabled: true, locationContextEnabled: true, mobileEmulationEnabled: false, nativeEvents: true, networkConnectionEnabled: false, pageLoadStrategy: normal, platform: XP, platformName: XP, rotatable: false, setWindowRect: true, takesHeapSnapshot: true, takesScreenshot: true, unexpectedAlertBehaviour: , unhandledPromptBehavior: , version: 71.0.3578.98, webStorageEnabled: true}
Session ID: 81584961f32c2b041d309e01ed358439)
	at com.kms.katalon.core.keyword.internal.KeywordMain.stepFailed(KeywordMain.groovy:32)
	at com.kms.katalon.core.webui.keyword.internal.WebUIKeywordMain.stepFailed(WebUIKeywordMain.groovy:65)
	at com.kms.katalon.core.webui.keyword.internal.WebUIKeywordMain.runKeyword(WebUIKeywordMain.groovy:27)
	at com.kms.katalon.core.webui.keyword.builtin.ClickKeyword.click(ClickKeyword.groovy:86)
	at com.kms.katalon.core.webui.keyword.builtin.ClickKeyword.execute(ClickKeyword.groovy:67)
	at com.kms.katalon.core.keyword.internal.KeywordExecutor.executeKeywordForPlatform(KeywordExecutor.groovy:53)
	at com.kms.katalon.core.webui.keyword.WebUiBuiltInKeywords.click(WebUiBuiltInKeywords.groovy:616)
	at com.kms.katalon.core.webui.keyword.WebUiBuiltInKeywords$click$3.call(Unknown Source)
	at IDEA_ADD_RELATED_TOPICS_TEMPLATE.run(IDEA_ADD_RELATED_TOPICS_TEMPLATE:22)
	at com.kms.katalon.core.main.ScriptEngine.run(ScriptEngine.java:194)
	at com.kms.katalon.core.main.ScriptEngine.runScriptAsRawText(ScriptEngine.java:119)
	at com.kms.katalon.core.main.TestCaseExecutor.runScript(TestCaseExecutor.java:328)
	at com.kms.katalon.core.main.TestCaseExecutor.doExecute(TestCaseExecutor.java:319)
	at com.kms.katalon.core.main.TestCaseExecutor.processExecutionPhase(TestCaseExecutor.java:298)
	at com.kms.katalon.core.main.TestCaseExecutor.accessMainPhase(TestCaseExecutor.java:290)
	at com.kms.katalon.core.main.TestCaseExecutor.execute(TestCaseExecutor.java:224)
	at com.kms.katalon.core.main.TestSuiteExecutor.accessTestCaseMainPhase(TestSuiteExecutor.java:129)
	at com.kms.katalon.core.main.TestSuiteExecutor.accessTestSuiteMainPhase(TestSuiteExecutor.java:112)
	at com.kms.katalon.core.main.TestSuiteExecutor.execute(TestSuiteExecutor.java:81)
	at com.kms.katalon.core.main.TestCaseMain.startTestSuite(TestCaseMain.java:149)
	at com.kms.katalon.core.main.TestCaseMain$startTestSuite$0.call(Unknown Source)
	at TempTestSuite1549259959153.run(TempTestSuite1549259959153.groovy:36)]]></system-out>
         <system-err><![CDATA[2019-02-04 14:00:07 - [TEST_CASE][FAILED] - Test Cases/TEMPLATES/IDEATION/IDEA/IDEA_ADD_RELATED_TOPICS_TEMPLATE: Test Cases/TEMPLATES/IDEATION/IDEA/IDEA_ADD_RELATED_TOPICS_TEMPLATE FAILED.
Reason:
com.kms.katalon.core.exception.StepFailedException: Unable to click on object 'Object Repository/MENU/IDEATION_TAB' (Root cause: org.openqa.selenium.WebDriverException: unknown error: Element <a _ngcontent-c3="" class="nav-link active" href="/ideation" routerlink="/ideation" routerlinkactive="active">...</a> is not clickable at point (453, 23). Other element would receive the click: <ngb-modal-window role="dialog" tabindex="-1" class="modal fade show d-block card-popup-wrapper">...</ngb-modal-window>
  (Session info: chrome=71.0.3578.98)
  (Driver info: chromedriver=2.43.600210 (68dcf5eebde37173d4027fa8635e332711d2874a),platform=Windows NT 10.0.14393 x86_64) (WARNING: The server did not provide any stacktrace information)
Command duration or timeout: 0 milliseconds
Build info: version: '3.7.1', revision: '8a0099a', time: '2017-11-06T21:07:36.161Z'
System info: host: 'YSPC-STRATAPPQA', ip: '192.168.56.1', os.name: 'Windows 10', os.arch: 'amd64', os.version: '10.0', java.version: '1.8.0_102'
Driver info: com.kms.katalon.selenium.driver.CChromeDriver
Capabilities {acceptInsecureCerts: false, acceptSslCerts: false, applicationCacheEnabled: false, browserConnectionEnabled: false, browserName: chrome, chrome: {chromedriverVersion: 2.43.600210 (68dcf5eebde371..., userDataDir: C:\Users\JOHNSE~1\AppData\L...}, cssSelectorsEnabled: true, databaseEnabled: false, goog:chromeOptions: {debuggerAddress: localhost:4671}, handlesAlerts: true, hasTouchScreen: false, javascriptEnabled: true, locationContextEnabled: true, mobileEmulationEnabled: false, nativeEvents: true, networkConnectionEnabled: false, pageLoadStrategy: normal, platform: XP, platformName: XP, rotatable: false, setWindowRect: true, takesHeapSnapshot: true, takesScreenshot: true, unexpectedAlertBehaviour: , unhandledPromptBehavior: , version: 71.0.3578.98, webStorageEnabled: true}
Session ID: 81584961f32c2b041d309e01ed358439)
	at com.kms.katalon.core.keyword.internal.KeywordMain.stepFailed(KeywordMain.groovy:32)
	at com.kms.katalon.core.webui.keyword.internal.WebUIKeywordMain.stepFailed(WebUIKeywordMain.groovy:65)
	at com.kms.katalon.core.webui.keyword.internal.WebUIKeywordMain.runKeyword(WebUIKeywordMain.groovy:27)
	at com.kms.katalon.core.webui.keyword.builtin.ClickKeyword.click(ClickKeyword.groovy:86)
	at com.kms.katalon.core.webui.keyword.builtin.ClickKeyword.execute(ClickKeyword.groovy:67)
	at com.kms.katalon.core.keyword.internal.KeywordExecutor.executeKeywordForPlatform(KeywordExecutor.groovy:53)
	at com.kms.katalon.core.webui.keyword.WebUiBuiltInKeywords.click(WebUiBuiltInKeywords.groovy:616)
	at com.kms.katalon.core.webui.keyword.WebUiBuiltInKeywords$click$3.call(Unknown Source)
	at IDEA_ADD_RELATED_TOPICS_TEMPLATE.run(IDEA_ADD_RELATED_TOPICS_TEMPLATE:22)
	at com.kms.katalon.core.main.ScriptEngine.run(ScriptEngine.java:194)
	at com.kms.katalon.core.main.ScriptEngine.runScriptAsRawText(ScriptEngine.java:119)
	at com.kms.katalon.core.main.TestCaseExecutor.runScript(TestCaseExecutor.java:328)
	at com.kms.katalon.core.main.TestCaseExecutor.doExecute(TestCaseExecutor.java:319)
	at com.kms.katalon.core.main.TestCaseExecutor.processExecutionPhase(TestCaseExecutor.java:298)
	at com.kms.katalon.core.main.TestCaseExecutor.accessMainPhase(TestCaseExecutor.java:290)
	at com.kms.katalon.core.main.TestCaseExecutor.execute(TestCaseExecutor.java:224)
	at com.kms.katalon.core.main.TestSuiteExecutor.accessTestCaseMainPhase(TestSuiteExecutor.java:129)
	at com.kms.katalon.core.main.TestSuiteExecutor.accessTestSuiteMainPhase(TestSuiteExecutor.java:112)
	at com.kms.katalon.core.main.TestSuiteExecutor.execute(TestSuiteExecutor.java:81)
	at com.kms.katalon.core.main.TestCaseMain.startTestSuite(TestCaseMain.java:149)
	at com.kms.katalon.core.main.TestCaseMain$startTestSuite$0.call(Unknown Source)
	at TempTestSuite1549259959153.run(TempTestSuite1549259959153.groovy:36)]]></system-err>
      </testcase>
      <system-out><![CDATA[2019-02-04 13:59:26 - [TEST_SUITE][ERROR] - Validate if user can add related topic: Test Cases/TEMPLATES/IDEATION/IDEA/IDEA_ADD_TEMPLATE FAILED.
Reason:
groovy.lang.MissingPropertyException: No such property: TITLE for class: internal.GlobalVariable
	at IDEA_ADD_TEMPLATE.run(IDEA_ADD_TEMPLATE:42)
	at com.kms.katalon.core.main.ScriptEngine.run(ScriptEngine.java:194)
	at com.kms.katalon.core.main.ScriptEngine.runScriptAsRawText(ScriptEngine.java:119)
	at com.kms.katalon.core.main.TestCaseExecutor.runScript(TestCaseExecutor.java:328)
	at com.kms.katalon.core.main.TestCaseExecutor.doExecute(TestCaseExecutor.java:319)
	at com.kms.katalon.core.main.TestCaseExecutor.processExecutionPhase(TestCaseExecutor.java:298)
	at com.kms.katalon.core.main.TestCaseExecutor.accessMainPhase(TestCaseExecutor.java:290)
	at com.kms.katalon.core.main.TestCaseExecutor.execute(TestCaseExecutor.java:224)
	at com.kms.katalon.core.main.TestSuiteExecutor.accessTestCaseMainPhase(TestSuiteExecutor.java:129)
	at com.kms.katalon.core.main.TestSuiteExecutor.accessTestSuiteMainPhase(TestSuiteExecutor.java:112)
	at com.kms.katalon.core.main.TestSuiteExecutor.execute(TestSuiteExecutor.java:81)
	at com.kms.katalon.core.main.TestCaseMain.startTestSuite(TestCaseMain.java:149)
	at com.kms.katalon.core.main.TestCaseMain$startTestSuite$0.call(Unknown Source)
	at TempTestSuite1549259959153.run(TempTestSuite1549259959153.groovy:36)]]></system-out>
      <system-err><![CDATA[2019-02-04 13:59:26 - [TEST_SUITE][ERROR] - Validate if user can add related topic: Test Cases/TEMPLATES/IDEATION/IDEA/IDEA_ADD_TEMPLATE FAILED.
Reason:
groovy.lang.MissingPropertyException: No such property: TITLE for class: internal.GlobalVariable
	at IDEA_ADD_TEMPLATE.run(IDEA_ADD_TEMPLATE:42)
	at com.kms.katalon.core.main.ScriptEngine.run(ScriptEngine.java:194)
	at com.kms.katalon.core.main.ScriptEngine.runScriptAsRawText(ScriptEngine.java:119)
	at com.kms.katalon.core.main.TestCaseExecutor.runScript(TestCaseExecutor.java:328)
	at com.kms.katalon.core.main.TestCaseExecutor.doExecute(TestCaseExecutor.java:319)
	at com.kms.katalon.core.main.TestCaseExecutor.processExecutionPhase(TestCaseExecutor.java:298)
	at com.kms.katalon.core.main.TestCaseExecutor.accessMainPhase(TestCaseExecutor.java:290)
	at com.kms.katalon.core.main.TestCaseExecutor.execute(TestCaseExecutor.java:224)
	at com.kms.katalon.core.main.TestSuiteExecutor.accessTestCaseMainPhase(TestSuiteExecutor.java:129)
	at com.kms.katalon.core.main.TestSuiteExecutor.accessTestSuiteMainPhase(TestSuiteExecutor.java:112)
	at com.kms.katalon.core.main.TestSuiteExecutor.execute(TestSuiteExecutor.java:81)
	at com.kms.katalon.core.main.TestCaseMain.startTestSuite(TestCaseMain.java:149)
	at com.kms.katalon.core.main.TestCaseMain$startTestSuite$0.call(Unknown Source)
	at TempTestSuite1549259959153.run(TempTestSuite1549259959153.groovy:36)]]></system-err>
   </testsuite>
</testsuites>
